ARM GAS  C:\Users\Konrad\AppData\Local\Temp\ccLgV50h.s 			page 1


   1              		.cpu cortex-m4
   2              		.arch armv7e-m
   3              		.fpu fpv4-sp-d16
   4              		.eabi_attribute 27, 1
   5              		.eabi_attribute 28, 1
   6              		.eabi_attribute 23, 1
   7              		.eabi_attribute 24, 1
   8              		.eabi_attribute 25, 1
   9              		.eabi_attribute 26, 1
  10              		.eabi_attribute 30, 2
  11              		.eabi_attribute 34, 1
  12              		.eabi_attribute 18, 4
  13              		.file	"enc_disp.c"
  14              		.text
  15              	.Ltext0:
  16              		.cfi_sections	.debug_frame
  17              		.file 1 "Core/Src/enc_disp.c"
  18              		.section	.text.dprint,"ax",%progbits
  19              		.align	1
  20              		.p2align 2,,3
  21              		.global	dprint
  22              		.syntax unified
  23              		.thumb
  24              		.thumb_func
  26              	dprint:
  27              	.LVL0:
  28              	.LFB219:
   1:Core/Src/enc_disp.c **** /*
   2:Core/Src/enc_disp.c ****  * disp.c
   3:Core/Src/enc_disp.c ****  *
   4:Core/Src/enc_disp.c ****  *  Created on: Dec 10, 2022
   5:Core/Src/enc_disp.c ****  *      Author: Konrad
   6:Core/Src/enc_disp.c ****  */
   7:Core/Src/enc_disp.c **** #include <enc_disp.h>
   8:Core/Src/enc_disp.c **** #include "usart.h"
   9:Core/Src/enc_disp.c **** #include "tim.h"
  10:Core/Src/enc_disp.c **** #include <stdarg.h>
  11:Core/Src/enc_disp.c **** #include <stdio.h>
  12:Core/Src/enc_disp.c **** #include <string.h>
  13:Core/Src/enc_disp.c **** #include <stdbool.h>
  14:Core/Src/enc_disp.c **** 
  15:Core/Src/enc_disp.c **** void dprint(const char *fmt, ...) {
  29              		.loc 1 15 35 view -0
  30              		.cfi_startproc
  31              		@ args = 4, pretend = 16, frame = 48
  32              		@ frame_needed = 0, uses_anonymous_args = 1
  16:Core/Src/enc_disp.c ****   char buffer[40] = {0};
  33              		.loc 1 16 3 view .LVU1
  15:Core/Src/enc_disp.c ****   char buffer[40] = {0};
  34              		.loc 1 15 35 is_stmt 0 view .LVU2
  35 0000 0FB4     		push	{r0, r1, r2, r3}
  36              		.cfi_def_cfa_offset 16
  37              		.cfi_offset 0, -16
  38              		.cfi_offset 1, -12
  39              		.cfi_offset 2, -8
  40              		.cfi_offset 3, -4
  41 0002 30B5     		push	{r4, r5, lr}
ARM GAS  C:\Users\Konrad\AppData\Local\Temp\ccLgV50h.s 			page 2


  42              		.cfi_def_cfa_offset 28
  43              		.cfi_offset 4, -28
  44              		.cfi_offset 5, -24
  45              		.cfi_offset 14, -20
  46 0004 8DB0     		sub	sp, sp, #52
  47              		.cfi_def_cfa_offset 80
  15:Core/Src/enc_disp.c ****   char buffer[40] = {0};
  48              		.loc 1 15 35 view .LVU3
  49 0006 10AC     		add	r4, sp, #64
  50              		.loc 1 16 8 view .LVU4
  51 0008 2822     		movs	r2, #40
  15:Core/Src/enc_disp.c ****   char buffer[40] = {0};
  52              		.loc 1 15 35 view .LVU5
  53 000a 54F8045B 		ldr	r5, [r4], #4
  54              		.loc 1 16 8 view .LVU6
  55 000e 0021     		movs	r1, #0
  56 0010 02A8     		add	r0, sp, #8
  57 0012 FFF7FEFF 		bl	memset
  58              	.LVL1:
  17:Core/Src/enc_disp.c ****   va_list args;
  59              		.loc 1 17 3 is_stmt 1 view .LVU7
  18:Core/Src/enc_disp.c ****   va_start(args, fmt);
  60              		.loc 1 18 3 view .LVU8
  19:Core/Src/enc_disp.c ****   vsnprintf(buffer, sizeof(buffer), fmt, args);
  61              		.loc 1 19 3 is_stmt 0 view .LVU9
  62 0016 2821     		movs	r1, #40
  63 0018 2346     		mov	r3, r4
  64 001a 2A46     		mov	r2, r5
  65 001c 02A8     		add	r0, sp, #8
  18:Core/Src/enc_disp.c ****   va_start(args, fmt);
  66              		.loc 1 18 3 view .LVU10
  67 001e 0194     		str	r4, [sp, #4]
  68              		.loc 1 19 3 is_stmt 1 view .LVU11
  69 0020 FFF7FEFF 		bl	vsnprintf
  70              	.LVL2:
  20:Core/Src/enc_disp.c ****   va_end(args);
  71              		.loc 1 20 3 view .LVU12
  21:Core/Src/enc_disp.c **** 
  22:Core/Src/enc_disp.c ****   for(int i = 0 ; i<40 ; i++){
  72              		.loc 1 22 3 view .LVU13
  73              	.LBB2:
  74              		.loc 1 22 7 view .LVU14
  75              		.loc 1 22 20 discriminator 1 view .LVU15
  23:Core/Src/enc_disp.c **** 	 if(buffer[i]<32) buffer[i]=' ';
  76              		.loc 1 23 29 is_stmt 0 discriminator 1 view .LVU16
  77 0024 2020     		movs	r0, #32
  78 0026 0DF10703 		add	r3, sp, #7
  79 002a 0DF12F01 		add	r1, sp, #47
  80              	.LVL3:
  81              	.L3:
  82              		.loc 1 23 3 is_stmt 1 view .LVU17
  83              		.loc 1 23 20 discriminator 1 view .LVU18
  22:Core/Src/enc_disp.c **** 	 if(buffer[i]<32) buffer[i]=' ';
  84              		.loc 1 22 27 discriminator 2 view .LVU19
  85              		.loc 1 23 5 is_stmt 0 view .LVU20
  86 002e 13F8012F 		ldrb	r2, [r3, #1]!	@ zero_extendqisi2
  87              	.LVL4:
ARM GAS  C:\Users\Konrad\AppData\Local\Temp\ccLgV50h.s 			page 3


  22:Core/Src/enc_disp.c **** 	 if(buffer[i]<32) buffer[i]=' ';
  88              		.loc 1 22 20 is_stmt 1 discriminator 1 view .LVU21
  89              		.loc 1 23 5 is_stmt 0 view .LVU22
  90 0032 1F2A     		cmp	r2, #31
  91              		.loc 1 23 29 discriminator 1 view .LVU23
  92 0034 98BF     		it	ls
  93 0036 1870     		strbls	r0, [r3]
  22:Core/Src/enc_disp.c **** 	 if(buffer[i]<32) buffer[i]=' ';
  94              		.loc 1 22 20 discriminator 1 view .LVU24
  95 0038 8B42     		cmp	r3, r1
  96 003a F8D1     		bne	.L3
  97              	.LBE2:
  24:Core/Src/enc_disp.c ****   }
  25:Core/Src/enc_disp.c ****   HAL_UART_Transmit(&huart1, (uint8_t*)buffer, 40, -1);
  98              		.loc 1 25 3 is_stmt 1 view .LVU25
  99 003c 4FF0FF33 		mov	r3, #-1
 100              	.LVL5:
 101              		.loc 1 25 3 is_stmt 0 view .LVU26
 102 0040 2822     		movs	r2, #40
 103 0042 02A9     		add	r1, sp, #8
 104 0044 0348     		ldr	r0, .L7
 105 0046 FFF7FEFF 		bl	HAL_UART_Transmit
 106              	.LVL6:
  26:Core/Src/enc_disp.c **** 
  27:Core/Src/enc_disp.c **** }
 107              		.loc 1 27 1 view .LVU27
 108 004a 0DB0     		add	sp, sp, #52
 109              		.cfi_def_cfa_offset 28
 110              		@ sp needed
 111 004c BDE83040 		pop	{r4, r5, lr}
 112              		.cfi_restore 14
 113              		.cfi_restore 5
 114              		.cfi_restore 4
 115              		.cfi_def_cfa_offset 16
 116 0050 04B0     		add	sp, sp, #16
 117              		.cfi_restore 3
 118              		.cfi_restore 2
 119              		.cfi_restore 1
 120              		.cfi_restore 0
 121              		.cfi_def_cfa_offset 0
 122 0052 7047     		bx	lr
 123              	.L8:
 124              		.align	2
 125              	.L7:
 126 0054 00000000 		.word	huart1
 127              		.cfi_endproc
 128              	.LFE219:
 130              		.section	.text.clearDisp,"ax",%progbits
 131              		.align	1
 132              		.p2align 2,,3
 133              		.global	clearDisp
 134              		.syntax unified
 135              		.thumb
 136              		.thumb_func
 138              	clearDisp:
 139              	.LFB220:
  28:Core/Src/enc_disp.c **** 
ARM GAS  C:\Users\Konrad\AppData\Local\Temp\ccLgV50h.s 			page 4


  29:Core/Src/enc_disp.c **** void clearDisp(void) {
 140              		.loc 1 29 22 is_stmt 1 view -0
 141              		.cfi_startproc
 142              		@ args = 0, pretend = 0, frame = 8
 143              		@ frame_needed = 0, uses_anonymous_args = 0
  30:Core/Src/enc_disp.c **** 	const uint8_t x =  19 ;
 144              		.loc 1 30 2 view .LVU29
  29:Core/Src/enc_disp.c **** 	const uint8_t x =  19 ;
 145              		.loc 1 29 22 is_stmt 0 view .LVU30
 146 0000 00B5     		push	{lr}
 147              		.cfi_def_cfa_offset 4
 148              		.cfi_offset 14, -4
 149 0002 83B0     		sub	sp, sp, #12
 150              		.cfi_def_cfa_offset 16
 151              		.loc 1 30 16 view .LVU31
 152 0004 4FF0130C 		mov	ip, #19
  31:Core/Src/enc_disp.c **** 	HAL_UART_Transmit(&huart1, &x, 1, -1);
 153              		.loc 1 31 2 view .LVU32
 154 0008 4FF0FF33 		mov	r3, #-1
 155 000c 0122     		movs	r2, #1
 156 000e 0DF10701 		add	r1, sp, #7
 157 0012 0448     		ldr	r0, .L11
  30:Core/Src/enc_disp.c **** 	const uint8_t x =  19 ;
 158              		.loc 1 30 16 view .LVU33
 159 0014 8DF807C0 		strb	ip, [sp, #7]
 160              		.loc 1 31 2 is_stmt 1 view .LVU34
 161 0018 FFF7FEFF 		bl	HAL_UART_Transmit
 162              	.LVL7:
  32:Core/Src/enc_disp.c **** }
 163              		.loc 1 32 1 is_stmt 0 view .LVU35
 164 001c 03B0     		add	sp, sp, #12
 165              		.cfi_def_cfa_offset 4
 166              		@ sp needed
 167 001e 5DF804FB 		ldr	pc, [sp], #4
 168              	.L12:
 169 0022 00BF     		.align	2
 170              	.L11:
 171 0024 00000000 		.word	huart1
 172              		.cfi_endproc
 173              	.LFE220:
 175              		.section	.text.UpdateEnc,"ax",%progbits
 176              		.align	1
 177              		.p2align 2,,3
 178              		.global	UpdateEnc
 179              		.syntax unified
 180              		.thumb
 181              		.thumb_func
 183              	UpdateEnc:
 184              	.LVL8:
 185              	.LFB221:
  33:Core/Src/enc_disp.c **** 
  34:Core/Src/enc_disp.c **** void UpdateEnc(uint8_t min, uint8_t max, int16_t* enc_state, bool stopAtBorder) {
 186              		.loc 1 34 81 is_stmt 1 view -0
 187              		.cfi_startproc
 188              		@ args = 0, pretend = 0, frame = 0
 189              		@ frame_needed = 0, uses_anonymous_args = 0
  35:Core/Src/enc_disp.c **** 	static uint16_t LastTimerCounter = 0;
ARM GAS  C:\Users\Konrad\AppData\Local\Temp\ccLgV50h.s 			page 5


 190              		.loc 1 35 2 view .LVU37
  36:Core/Src/enc_disp.c **** 	int TimerDif = htim2.Instance->CNT - LastTimerCounter;
 191              		.loc 1 36 2 view .LVU38
  34:Core/Src/enc_disp.c **** 	static uint16_t LastTimerCounter = 0;
 192              		.loc 1 34 81 is_stmt 0 view .LVU39
 193 0000 70B5     		push	{r4, r5, r6, lr}
 194              		.cfi_def_cfa_offset 16
 195              		.cfi_offset 4, -16
 196              		.cfi_offset 5, -12
 197              		.cfi_offset 6, -8
 198              		.cfi_offset 14, -4
 199              		.loc 1 36 22 view .LVU40
 200 0002 154C     		ldr	r4, .L25
 201              		.loc 1 36 37 view .LVU41
 202 0004 154E     		ldr	r6, .L25+4
 203              		.loc 1 36 22 view .LVU42
 204 0006 2568     		ldr	r5, [r4]
 205              		.loc 1 36 37 view .LVU43
 206 0008 B6F800C0 		ldrh	ip, [r6]
 207              		.loc 1 36 31 view .LVU44
 208 000c 6C6A     		ldr	r4, [r5, #36]
 209              		.loc 1 36 37 view .LVU45
 210 000e A4EB0C0E 		sub	lr, r4, ip
 211              	.LVL9:
  37:Core/Src/enc_disp.c **** 	if (TimerDif >= 4 || TimerDif <= -4) {
 212              		.loc 1 37 2 is_stmt 1 view .LVU46
 213              		.loc 1 37 20 is_stmt 0 view .LVU47
 214 0012 0EF1030C 		add	ip, lr, #3
 215              		.loc 1 37 5 view .LVU48
 216 0016 BCF1060F 		cmp	ip, #6
 217 001a 14D9     		bls	.L13
  38:Core/Src/enc_disp.c **** 		TimerDif /= 4;
 218              		.loc 1 38 3 is_stmt 1 view .LVU49
 219              	.LVL10:
  39:Core/Src/enc_disp.c **** 		*enc_state += (int8_t) TimerDif;
 220              		.loc 1 39 3 view .LVU50
 221              		.loc 1 39 14 is_stmt 0 view .LVU51
 222 001c 1488     		ldrh	r4, [r2]
  38:Core/Src/enc_disp.c **** 		TimerDif /= 4;
 223              		.loc 1 38 12 view .LVU52
 224 001e 1CEA2E0C 		ands	ip, ip, lr, asr #32
 225 0022 38BF     		it	cc
 226 0024 F446     		movcc	ip, lr
 227              		.loc 1 39 17 view .LVU53
 228 0026 4CF3870C 		sbfx	ip, ip, #2, #8
 229              		.loc 1 39 14 view .LVU54
 230 002a A444     		add	ip, ip, r4
 231 002c 0FFA8CFC 		sxth	ip, ip
  40:Core/Src/enc_disp.c **** 		if (*enc_state > max){
 232              		.loc 1 40 6 view .LVU55
 233 0030 8C45     		cmp	ip, r1
  39:Core/Src/enc_disp.c **** 		*enc_state += (int8_t) TimerDif;
 234              		.loc 1 39 14 view .LVU56
 235 0032 A2F800C0 		strh	ip, [r2]	@ movhi
 236              		.loc 1 40 3 is_stmt 1 view .LVU57
 237              		.loc 1 40 6 is_stmt 0 view .LVU58
 238 0036 07DD     		ble	.L16
ARM GAS  C:\Users\Konrad\AppData\Local\Temp\ccLgV50h.s 			page 6


  41:Core/Src/enc_disp.c **** 			if(stopAtBorder == true) *enc_state = max; else *enc_state = min;
 239              		.loc 1 41 4 is_stmt 1 view .LVU59
 240              		.loc 1 41 6 is_stmt 0 view .LVU60
 241 0038 13B1     		cbz	r3, .L17
 242              		.loc 1 41 29 is_stmt 1 discriminator 1 view .LVU61
  42:Core/Src/enc_disp.c **** 		}
  43:Core/Src/enc_disp.c **** 		if (*enc_state < min){
 243              		.loc 1 43 6 is_stmt 0 view .LVU62
 244 003a 8142     		cmp	r1, r0
  41:Core/Src/enc_disp.c **** 			if(stopAtBorder == true) *enc_state = max; else *enc_state = min;
 245              		.loc 1 41 40 discriminator 1 view .LVU63
 246 003c 1180     		strh	r1, [r2]	@ movhi
 247              		.loc 1 43 3 is_stmt 1 view .LVU64
 248              		.loc 1 43 6 is_stmt 0 view .LVU65
 249 003e 00D2     		bcs	.L19
 250              	.L17:
  41:Core/Src/enc_disp.c **** 			if(stopAtBorder == true) *enc_state = max; else *enc_state = min;
 251              		.loc 1 41 52 is_stmt 1 discriminator 2 view .LVU66
  41:Core/Src/enc_disp.c **** 			if(stopAtBorder == true) *enc_state = max; else *enc_state = min;
 252              		.loc 1 41 63 is_stmt 0 discriminator 2 view .LVU67
 253 0040 1080     		strh	r0, [r2]	@ movhi
 254              		.loc 1 43 3 is_stmt 1 view .LVU68
 255              	.L19:
  44:Core/Src/enc_disp.c **** 			if(stopAtBorder == true) *enc_state = min; else *enc_state = max;
  45:Core/Src/enc_disp.c **** 		}
  46:Core/Src/enc_disp.c **** 		LastTimerCounter = htim2.Instance->CNT;
 256              		.loc 1 46 3 view .LVU69
 257              		.loc 1 46 36 is_stmt 0 view .LVU70
 258 0042 6B6A     		ldr	r3, [r5, #36]
 259              	.LVL11:
 260              		.loc 1 46 20 view .LVU71
 261 0044 3380     		strh	r3, [r6]	@ movhi
 262              	.LVL12:
 263              	.L13:
  47:Core/Src/enc_disp.c **** 	}
  48:Core/Src/enc_disp.c **** }
 264              		.loc 1 48 1 view .LVU72
 265 0046 70BD     		pop	{r4, r5, r6, pc}
 266              	.LVL13:
 267              	.L16:
  43:Core/Src/enc_disp.c **** 			if(stopAtBorder == true) *enc_state = min; else *enc_state = max;
 268              		.loc 1 43 3 is_stmt 1 view .LVU73
  43:Core/Src/enc_disp.c **** 			if(stopAtBorder == true) *enc_state = min; else *enc_state = max;
 269              		.loc 1 43 6 is_stmt 0 view .LVU74
 270 0048 8445     		cmp	ip, r0
 271 004a FADA     		bge	.L19
  44:Core/Src/enc_disp.c **** 			if(stopAtBorder == true) *enc_state = min; else *enc_state = max;
 272              		.loc 1 44 4 is_stmt 1 view .LVU75
  44:Core/Src/enc_disp.c **** 			if(stopAtBorder == true) *enc_state = min; else *enc_state = max;
 273              		.loc 1 44 6 is_stmt 0 view .LVU76
 274 004c 002B     		cmp	r3, #0
 275 004e F7D1     		bne	.L17
  44:Core/Src/enc_disp.c **** 			if(stopAtBorder == true) *enc_state = min; else *enc_state = max;
 276              		.loc 1 44 52 is_stmt 1 discriminator 2 view .LVU77
  46:Core/Src/enc_disp.c **** 	}
 277              		.loc 1 46 36 is_stmt 0 view .LVU78
 278 0050 6B6A     		ldr	r3, [r5, #36]
ARM GAS  C:\Users\Konrad\AppData\Local\Temp\ccLgV50h.s 			page 7


 279              	.LVL14:
  44:Core/Src/enc_disp.c **** 		}
 280              		.loc 1 44 63 discriminator 2 view .LVU79
 281 0052 1180     		strh	r1, [r2]	@ movhi
  46:Core/Src/enc_disp.c **** 	}
 282              		.loc 1 46 3 is_stmt 1 view .LVU80
  46:Core/Src/enc_disp.c **** 	}
 283              		.loc 1 46 20 is_stmt 0 view .LVU81
 284 0054 3380     		strh	r3, [r6]	@ movhi
 285 0056 F6E7     		b	.L13
 286              	.L26:
 287              		.align	2
 288              	.L25:
 289 0058 00000000 		.word	htim2
 290 005c 00000000 		.word	LastTimerCounter.0
 291              		.cfi_endproc
 292              	.LFE221:
 294              		.section	.text.button,"ax",%progbits
 295              		.align	1
 296              		.p2align 2,,3
 297              		.global	button
 298              		.syntax unified
 299              		.thumb
 300              		.thumb_func
 302              	button:
 303              	.LFB222:
  49:Core/Src/enc_disp.c **** 
  50:Core/Src/enc_disp.c **** bool button(void){
 304              		.loc 1 50 18 is_stmt 1 view -0
 305              		.cfi_startproc
 306              		@ args = 0, pretend = 0, frame = 0
 307              		@ frame_needed = 0, uses_anonymous_args = 0
  51:Core/Src/enc_disp.c **** 	if(HAL_GPIO_ReadPin(SW_GPIO_Port, SW_Pin)==1) return false; else return true;
 308              		.loc 1 51 2 view .LVU83
  50:Core/Src/enc_disp.c **** 	if(HAL_GPIO_ReadPin(SW_GPIO_Port, SW_Pin)==1) return false; else return true;
 309              		.loc 1 50 18 is_stmt 0 view .LVU84
 310 0000 08B5     		push	{r3, lr}
 311              		.cfi_def_cfa_offset 8
 312              		.cfi_offset 3, -8
 313              		.cfi_offset 14, -4
 314              		.loc 1 51 5 view .LVU85
 315 0002 4FF40051 		mov	r1, #8192
 316 0006 0348     		ldr	r0, .L29
 317 0008 FFF7FEFF 		bl	HAL_GPIO_ReadPin
 318              	.LVL15:
  52:Core/Src/enc_disp.c **** }
 319              		.loc 1 52 1 view .LVU86
 320 000c 0138     		subs	r0, r0, #1
 321 000e 18BF     		it	ne
 322 0010 0120     		movne	r0, #1
 323 0012 08BD     		pop	{r3, pc}
 324              	.L30:
 325              		.align	2
 326              	.L29:
 327 0014 00080240 		.word	1073874944
 328              		.cfi_endproc
 329              	.LFE222:
ARM GAS  C:\Users\Konrad\AppData\Local\Temp\ccLgV50h.s 			page 8


 331              		.section	.bss.LastTimerCounter.0,"aw",%nobits
 332              		.align	1
 335              	LastTimerCounter.0:
 336 0000 0000     		.space	2
 337              		.text
 338              	.Letext0:
 339              		.file 2 "C:/Users/Konrad/AppData/Roaming/Code/User/globalStorage/bmd.stm32-for-vscode/@xpack-dev-t
 340              		.file 3 "C:/Users/Konrad/AppData/Roaming/Code/User/globalStorage/bmd.stm32-for-vscode/@xpack-dev-t
 341              		.file 4 "Drivers/CMSIS/Device/ST/STM32F4xx/Include/stm32f411xe.h"
 342              		.file 5 "C:/Users/Konrad/AppData/Roaming/Code/User/globalStorage/bmd.stm32-for-vscode/@xpack-dev-t
 343              		.file 6 "Drivers/STM32F4xx_HAL_Driver/Inc/stm32f4xx_hal_def.h"
 344              		.file 7 "Drivers/STM32F4xx_HAL_Driver/Inc/stm32f4xx_hal_gpio.h"
 345              		.file 8 "Drivers/STM32F4xx_HAL_Driver/Inc/stm32f4xx_hal_dma.h"
 346              		.file 9 "Drivers/STM32F4xx_HAL_Driver/Inc/stm32f4xx_hal_tim.h"
 347              		.file 10 "Drivers/STM32F4xx_HAL_Driver/Inc/stm32f4xx_hal_uart.h"
 348              		.file 11 "Core/Inc/usart.h"
 349              		.file 12 "Core/Inc/tim.h"
 350              		.file 13 "C:/Users/Konrad/AppData/Roaming/Code/User/globalStorage/bmd.stm32-for-vscode/@xpack-dev-
 351              		.file 14 "C:/Users/Konrad/AppData/Roaming/Code/User/globalStorage/bmd.stm32-for-vscode/@xpack-dev-
 352              		.file 15 "<built-in>"
ARM GAS  C:\Users\Konrad\AppData\Local\Temp\ccLgV50h.s 			page 9


DEFINED SYMBOLS
                            *ABS*:00000000 enc_disp.c
C:\Users\Konrad\AppData\Local\Temp\ccLgV50h.s:19     .text.dprint:00000000 $t
C:\Users\Konrad\AppData\Local\Temp\ccLgV50h.s:26     .text.dprint:00000000 dprint
C:\Users\Konrad\AppData\Local\Temp\ccLgV50h.s:126    .text.dprint:00000054 $d
C:\Users\Konrad\AppData\Local\Temp\ccLgV50h.s:131    .text.clearDisp:00000000 $t
C:\Users\Konrad\AppData\Local\Temp\ccLgV50h.s:138    .text.clearDisp:00000000 clearDisp
C:\Users\Konrad\AppData\Local\Temp\ccLgV50h.s:171    .text.clearDisp:00000024 $d
C:\Users\Konrad\AppData\Local\Temp\ccLgV50h.s:176    .text.UpdateEnc:00000000 $t
C:\Users\Konrad\AppData\Local\Temp\ccLgV50h.s:183    .text.UpdateEnc:00000000 UpdateEnc
C:\Users\Konrad\AppData\Local\Temp\ccLgV50h.s:289    .text.UpdateEnc:00000058 $d
C:\Users\Konrad\AppData\Local\Temp\ccLgV50h.s:335    .bss.LastTimerCounter.0:00000000 LastTimerCounter.0
C:\Users\Konrad\AppData\Local\Temp\ccLgV50h.s:295    .text.button:00000000 $t
C:\Users\Konrad\AppData\Local\Temp\ccLgV50h.s:302    .text.button:00000000 button
C:\Users\Konrad\AppData\Local\Temp\ccLgV50h.s:327    .text.button:00000014 $d
C:\Users\Konrad\AppData\Local\Temp\ccLgV50h.s:332    .bss.LastTimerCounter.0:00000000 $d

UNDEFINED SYMBOLS
memset
vsnprintf
HAL_UART_Transmit
huart1
htim2
HAL_GPIO_ReadPin
