ARM GAS  C:\Users\Konrad\AppData\Local\Temp\cc9byQcc.s 			page 1


   1              		.cpu cortex-m4
   2              		.arch armv7e-m
   3              		.fpu fpv4-sp-d16
   4              		.eabi_attribute 27, 1
   5              		.eabi_attribute 28, 1
   6              		.eabi_attribute 20, 1
   7              		.eabi_attribute 21, 1
   8              		.eabi_attribute 23, 3
   9              		.eabi_attribute 24, 1
  10              		.eabi_attribute 25, 1
  11              		.eabi_attribute 26, 1
  12              		.eabi_attribute 30, 1
  13              		.eabi_attribute 34, 1
  14              		.eabi_attribute 18, 4
  15              		.file	"gpio.c"
  16              		.text
  17              	.Ltext0:
  18              		.cfi_sections	.debug_frame
  19              		.file 1 "Core/Src/gpio.c"
  20              		.section	.text.MX_GPIO_Init,"ax",%progbits
  21              		.align	1
  22              		.global	MX_GPIO_Init
  23              		.syntax unified
  24              		.thumb
  25              		.thumb_func
  27              	MX_GPIO_Init:
  28              	.LFB216:
   1:Core/Src/gpio.c **** /* USER CODE BEGIN Header */
   2:Core/Src/gpio.c **** /**
   3:Core/Src/gpio.c ****   ******************************************************************************
   4:Core/Src/gpio.c ****   * @file    gpio.c
   5:Core/Src/gpio.c ****   * @brief   This file provides code for the configuration
   6:Core/Src/gpio.c ****   *          of all used GPIO pins.
   7:Core/Src/gpio.c ****   ******************************************************************************
   8:Core/Src/gpio.c ****   * @attention
   9:Core/Src/gpio.c ****   *
  10:Core/Src/gpio.c ****   * Copyright (c) 2023 STMicroelectronics.
  11:Core/Src/gpio.c ****   * All rights reserved.
  12:Core/Src/gpio.c ****   *
  13:Core/Src/gpio.c ****   * This software is licensed under terms that can be found in the LICENSE file
  14:Core/Src/gpio.c ****   * in the root directory of this software component.
  15:Core/Src/gpio.c ****   * If no LICENSE file comes with this software, it is provided AS-IS.
  16:Core/Src/gpio.c ****   *
  17:Core/Src/gpio.c ****   ******************************************************************************
  18:Core/Src/gpio.c ****   */
  19:Core/Src/gpio.c **** /* USER CODE END Header */
  20:Core/Src/gpio.c **** 
  21:Core/Src/gpio.c **** /* Includes ------------------------------------------------------------------*/
  22:Core/Src/gpio.c **** #include "gpio.h"
  23:Core/Src/gpio.c **** 
  24:Core/Src/gpio.c **** /* USER CODE BEGIN 0 */
  25:Core/Src/gpio.c **** 
  26:Core/Src/gpio.c **** /* USER CODE END 0 */
  27:Core/Src/gpio.c **** 
  28:Core/Src/gpio.c **** /*----------------------------------------------------------------------------*/
  29:Core/Src/gpio.c **** /* Configure GPIO                                                             */
  30:Core/Src/gpio.c **** /*----------------------------------------------------------------------------*/
ARM GAS  C:\Users\Konrad\AppData\Local\Temp\cc9byQcc.s 			page 2


  31:Core/Src/gpio.c **** /* USER CODE BEGIN 1 */
  32:Core/Src/gpio.c **** 
  33:Core/Src/gpio.c **** /* USER CODE END 1 */
  34:Core/Src/gpio.c **** 
  35:Core/Src/gpio.c **** /** Configure pins as
  36:Core/Src/gpio.c ****         * Analog
  37:Core/Src/gpio.c ****         * Input
  38:Core/Src/gpio.c ****         * Output
  39:Core/Src/gpio.c ****         * EVENT_OUT
  40:Core/Src/gpio.c ****         * EXTI
  41:Core/Src/gpio.c **** */
  42:Core/Src/gpio.c **** void MX_GPIO_Init(void)
  43:Core/Src/gpio.c **** {
  29              		.loc 1 43 1 view -0
  30              		.cfi_startproc
  31              		@ args = 0, pretend = 0, frame = 40
  32              		@ frame_needed = 0, uses_anonymous_args = 0
  33 0000 F0B5     		push	{r4, r5, r6, r7, lr}
  34              		.cfi_def_cfa_offset 20
  35              		.cfi_offset 4, -20
  36              		.cfi_offset 5, -16
  37              		.cfi_offset 6, -12
  38              		.cfi_offset 7, -8
  39              		.cfi_offset 14, -4
  40 0002 8BB0     		sub	sp, sp, #44
  41              		.cfi_def_cfa_offset 64
  44:Core/Src/gpio.c **** 
  45:Core/Src/gpio.c ****   GPIO_InitTypeDef GPIO_InitStruct = {0};
  42              		.loc 1 45 3 view .LVU1
  43              		.loc 1 45 20 is_stmt 0 view .LVU2
  44 0004 0024     		movs	r4, #0
  45 0006 0594     		str	r4, [sp, #20]
  46 0008 0694     		str	r4, [sp, #24]
  47 000a 0794     		str	r4, [sp, #28]
  48 000c 0894     		str	r4, [sp, #32]
  49 000e 0994     		str	r4, [sp, #36]
  46:Core/Src/gpio.c **** 
  47:Core/Src/gpio.c ****   /* GPIO Ports Clock Enable */
  48:Core/Src/gpio.c ****   __HAL_RCC_GPIOC_CLK_ENABLE();
  50              		.loc 1 48 3 is_stmt 1 view .LVU3
  51              	.LBB2:
  52              		.loc 1 48 3 view .LVU4
  53 0010 0194     		str	r4, [sp, #4]
  54              		.loc 1 48 3 view .LVU5
  55 0012 2D4B     		ldr	r3, .L3
  56 0014 1A6B     		ldr	r2, [r3, #48]
  57 0016 42F00402 		orr	r2, r2, #4
  58 001a 1A63     		str	r2, [r3, #48]
  59              		.loc 1 48 3 view .LVU6
  60 001c 1A6B     		ldr	r2, [r3, #48]
  61 001e 02F00402 		and	r2, r2, #4
  62 0022 0192     		str	r2, [sp, #4]
  63              		.loc 1 48 3 view .LVU7
  64 0024 019A     		ldr	r2, [sp, #4]
  65              	.LBE2:
  66              		.loc 1 48 3 view .LVU8
  49:Core/Src/gpio.c ****   __HAL_RCC_GPIOH_CLK_ENABLE();
ARM GAS  C:\Users\Konrad\AppData\Local\Temp\cc9byQcc.s 			page 3


  67              		.loc 1 49 3 view .LVU9
  68              	.LBB3:
  69              		.loc 1 49 3 view .LVU10
  70 0026 0294     		str	r4, [sp, #8]
  71              		.loc 1 49 3 view .LVU11
  72 0028 1A6B     		ldr	r2, [r3, #48]
  73 002a 42F08002 		orr	r2, r2, #128
  74 002e 1A63     		str	r2, [r3, #48]
  75              		.loc 1 49 3 view .LVU12
  76 0030 1A6B     		ldr	r2, [r3, #48]
  77 0032 02F08002 		and	r2, r2, #128
  78 0036 0292     		str	r2, [sp, #8]
  79              		.loc 1 49 3 view .LVU13
  80 0038 029A     		ldr	r2, [sp, #8]
  81              	.LBE3:
  82              		.loc 1 49 3 view .LVU14
  50:Core/Src/gpio.c ****   __HAL_RCC_GPIOA_CLK_ENABLE();
  83              		.loc 1 50 3 view .LVU15
  84              	.LBB4:
  85              		.loc 1 50 3 view .LVU16
  86 003a 0394     		str	r4, [sp, #12]
  87              		.loc 1 50 3 view .LVU17
  88 003c 1A6B     		ldr	r2, [r3, #48]
  89 003e 42F00102 		orr	r2, r2, #1
  90 0042 1A63     		str	r2, [r3, #48]
  91              		.loc 1 50 3 view .LVU18
  92 0044 1A6B     		ldr	r2, [r3, #48]
  93 0046 02F00102 		and	r2, r2, #1
  94 004a 0392     		str	r2, [sp, #12]
  95              		.loc 1 50 3 view .LVU19
  96 004c 039A     		ldr	r2, [sp, #12]
  97              	.LBE4:
  98              		.loc 1 50 3 view .LVU20
  51:Core/Src/gpio.c ****   __HAL_RCC_GPIOB_CLK_ENABLE();
  99              		.loc 1 51 3 view .LVU21
 100              	.LBB5:
 101              		.loc 1 51 3 view .LVU22
 102 004e 0494     		str	r4, [sp, #16]
 103              		.loc 1 51 3 view .LVU23
 104 0050 1A6B     		ldr	r2, [r3, #48]
 105 0052 42F00202 		orr	r2, r2, #2
 106 0056 1A63     		str	r2, [r3, #48]
 107              		.loc 1 51 3 view .LVU24
 108 0058 1B6B     		ldr	r3, [r3, #48]
 109 005a 03F00203 		and	r3, r3, #2
 110 005e 0493     		str	r3, [sp, #16]
 111              		.loc 1 51 3 view .LVU25
 112 0060 049B     		ldr	r3, [sp, #16]
 113              	.LBE5:
 114              		.loc 1 51 3 view .LVU26
  52:Core/Src/gpio.c **** 
  53:Core/Src/gpio.c ****   /*Configure GPIO pin Output Level */
  54:Core/Src/gpio.c ****   HAL_GPIO_WritePin(GPIOA, CS3_Pin|CS2_Pin|CS1_Pin, GPIO_PIN_SET);
 115              		.loc 1 54 3 view .LVU27
 116 0062 1A4F     		ldr	r7, .L3+4
 117 0064 0122     		movs	r2, #1
 118 0066 1C21     		movs	r1, #28
ARM GAS  C:\Users\Konrad\AppData\Local\Temp\cc9byQcc.s 			page 4


 119 0068 3846     		mov	r0, r7
 120 006a FFF7FEFF 		bl	HAL_GPIO_WritePin
 121              	.LVL0:
  55:Core/Src/gpio.c **** 
  56:Core/Src/gpio.c ****   /*Configure GPIO pin Output Level */
  57:Core/Src/gpio.c ****   HAL_GPIO_WritePin(GPIOB, CS0_Pin|LAT0_Pin|LAT1_Pin, GPIO_PIN_SET);
 122              		.loc 1 57 3 view .LVU28
 123 006e 184D     		ldr	r5, .L3+8
 124 0070 0122     		movs	r2, #1
 125 0072 4FF48661 		mov	r1, #1072
 126 0076 2846     		mov	r0, r5
 127 0078 FFF7FEFF 		bl	HAL_GPIO_WritePin
 128              	.LVL1:
  58:Core/Src/gpio.c **** 
  59:Core/Src/gpio.c ****   /*Configure GPIO pin Output Level */
  60:Core/Src/gpio.c ****   HAL_GPIO_WritePin(EN_TUBE_GPIO_Port, EN_TUBE_Pin, GPIO_PIN_RESET);
 129              		.loc 1 60 3 view .LVU29
 130 007c 2246     		mov	r2, r4
 131 007e 4FF40071 		mov	r1, #512
 132 0082 2846     		mov	r0, r5
 133 0084 FFF7FEFF 		bl	HAL_GPIO_WritePin
 134              	.LVL2:
  61:Core/Src/gpio.c **** 
  62:Core/Src/gpio.c ****   /*Configure GPIO pin : PtPin */
  63:Core/Src/gpio.c ****   GPIO_InitStruct.Pin = SW_Pin;
 135              		.loc 1 63 3 view .LVU30
 136              		.loc 1 63 23 is_stmt 0 view .LVU31
 137 0088 4FF40053 		mov	r3, #8192
 138 008c 0593     		str	r3, [sp, #20]
  64:Core/Src/gpio.c ****   GPIO_InitStruct.Mode = GPIO_MODE_INPUT;
 139              		.loc 1 64 3 is_stmt 1 view .LVU32
 140              		.loc 1 64 24 is_stmt 0 view .LVU33
 141 008e 0694     		str	r4, [sp, #24]
  65:Core/Src/gpio.c ****   GPIO_InitStruct.Pull = GPIO_NOPULL;
 142              		.loc 1 65 3 is_stmt 1 view .LVU34
 143              		.loc 1 65 24 is_stmt 0 view .LVU35
 144 0090 0794     		str	r4, [sp, #28]
  66:Core/Src/gpio.c ****   HAL_GPIO_Init(SW_GPIO_Port, &GPIO_InitStruct);
 145              		.loc 1 66 3 is_stmt 1 view .LVU36
 146 0092 05A9     		add	r1, sp, #20
 147 0094 0F48     		ldr	r0, .L3+12
 148 0096 FFF7FEFF 		bl	HAL_GPIO_Init
 149              	.LVL3:
  67:Core/Src/gpio.c **** 
  68:Core/Src/gpio.c ****   /*Configure GPIO pins : PAPin PAPin PAPin */
  69:Core/Src/gpio.c ****   GPIO_InitStruct.Pin = CS3_Pin|CS2_Pin|CS1_Pin;
 150              		.loc 1 69 3 view .LVU37
 151              		.loc 1 69 23 is_stmt 0 view .LVU38
 152 009a 1C23     		movs	r3, #28
 153 009c 0593     		str	r3, [sp, #20]
  70:Core/Src/gpio.c ****   GPIO_InitStruct.Mode = GPIO_MODE_OUTPUT_PP;
 154              		.loc 1 70 3 is_stmt 1 view .LVU39
 155              		.loc 1 70 24 is_stmt 0 view .LVU40
 156 009e 0126     		movs	r6, #1
 157 00a0 0696     		str	r6, [sp, #24]
  71:Core/Src/gpio.c ****   GPIO_InitStruct.Pull = GPIO_NOPULL;
 158              		.loc 1 71 3 is_stmt 1 view .LVU41
ARM GAS  C:\Users\Konrad\AppData\Local\Temp\cc9byQcc.s 			page 5


 159              		.loc 1 71 24 is_stmt 0 view .LVU42
 160 00a2 0794     		str	r4, [sp, #28]
  72:Core/Src/gpio.c ****   GPIO_InitStruct.Speed = GPIO_SPEED_FREQ_LOW;
 161              		.loc 1 72 3 is_stmt 1 view .LVU43
 162              		.loc 1 72 25 is_stmt 0 view .LVU44
 163 00a4 0894     		str	r4, [sp, #32]
  73:Core/Src/gpio.c ****   HAL_GPIO_Init(GPIOA, &GPIO_InitStruct);
 164              		.loc 1 73 3 is_stmt 1 view .LVU45
 165 00a6 05A9     		add	r1, sp, #20
 166 00a8 3846     		mov	r0, r7
 167 00aa FFF7FEFF 		bl	HAL_GPIO_Init
 168              	.LVL4:
  74:Core/Src/gpio.c **** 
  75:Core/Src/gpio.c ****   /*Configure GPIO pins : PBPin PBPin PBPin PBPin */
  76:Core/Src/gpio.c ****   GPIO_InitStruct.Pin = CS0_Pin|LAT0_Pin|LAT1_Pin|EN_TUBE_Pin;
 169              		.loc 1 76 3 view .LVU46
 170              		.loc 1 76 23 is_stmt 0 view .LVU47
 171 00ae 4FF4C663 		mov	r3, #1584
 172 00b2 0593     		str	r3, [sp, #20]
  77:Core/Src/gpio.c ****   GPIO_InitStruct.Mode = GPIO_MODE_OUTPUT_PP;
 173              		.loc 1 77 3 is_stmt 1 view .LVU48
 174              		.loc 1 77 24 is_stmt 0 view .LVU49
 175 00b4 0696     		str	r6, [sp, #24]
  78:Core/Src/gpio.c ****   GPIO_InitStruct.Pull = GPIO_NOPULL;
 176              		.loc 1 78 3 is_stmt 1 view .LVU50
 177              		.loc 1 78 24 is_stmt 0 view .LVU51
 178 00b6 0794     		str	r4, [sp, #28]
  79:Core/Src/gpio.c ****   GPIO_InitStruct.Speed = GPIO_SPEED_FREQ_LOW;
 179              		.loc 1 79 3 is_stmt 1 view .LVU52
 180              		.loc 1 79 25 is_stmt 0 view .LVU53
 181 00b8 0894     		str	r4, [sp, #32]
  80:Core/Src/gpio.c ****   HAL_GPIO_Init(GPIOB, &GPIO_InitStruct);
 182              		.loc 1 80 3 is_stmt 1 view .LVU54
 183 00ba 05A9     		add	r1, sp, #20
 184 00bc 2846     		mov	r0, r5
 185 00be FFF7FEFF 		bl	HAL_GPIO_Init
 186              	.LVL5:
  81:Core/Src/gpio.c **** 
  82:Core/Src/gpio.c **** }
 187              		.loc 1 82 1 is_stmt 0 view .LVU55
 188 00c2 0BB0     		add	sp, sp, #44
 189              		.cfi_def_cfa_offset 20
 190              		@ sp needed
 191 00c4 F0BD     		pop	{r4, r5, r6, r7, pc}
 192              	.L4:
 193 00c6 00BF     		.align	2
 194              	.L3:
 195 00c8 00380240 		.word	1073887232
 196 00cc 00000240 		.word	1073872896
 197 00d0 00040240 		.word	1073873920
 198 00d4 00080240 		.word	1073874944
 199              		.cfi_endproc
 200              	.LFE216:
 202              		.text
 203              	.Letext0:
 204              		.file 2 "C:/Users/Konrad/AppData/Roaming/Code/User/globalStorage/bmd.stm32-for-vscode/@xpack-dev-t
 205              		.file 3 "C:/Users/Konrad/AppData/Roaming/Code/User/globalStorage/bmd.stm32-for-vscode/@xpack-dev-t
ARM GAS  C:\Users\Konrad\AppData\Local\Temp\cc9byQcc.s 			page 6


 206              		.file 4 "Drivers/CMSIS/Device/ST/STM32F4xx/Include/stm32f411xe.h"
 207              		.file 5 "Drivers/STM32F4xx_HAL_Driver/Inc/stm32f4xx_hal_gpio.h"
ARM GAS  C:\Users\Konrad\AppData\Local\Temp\cc9byQcc.s 			page 7


DEFINED SYMBOLS
                            *ABS*:00000000 gpio.c
C:\Users\Konrad\AppData\Local\Temp\cc9byQcc.s:21     .text.MX_GPIO_Init:00000000 $t
C:\Users\Konrad\AppData\Local\Temp\cc9byQcc.s:27     .text.MX_GPIO_Init:00000000 MX_GPIO_Init
C:\Users\Konrad\AppData\Local\Temp\cc9byQcc.s:195    .text.MX_GPIO_Init:000000c8 $d

UNDEFINED SYMBOLS
HAL_GPIO_WritePin
HAL_GPIO_Init
