ARM GAS  C:\Users\Konrad\AppData\Local\Temp\ccDFvDri.s 			page 1


   1              		.cpu cortex-m4
   2              		.arch armv7e-m
   3              		.fpu fpv4-sp-d16
   4              		.eabi_attribute 27, 1
   5              		.eabi_attribute 28, 1
   6              		.eabi_attribute 20, 1
   7              		.eabi_attribute 21, 1
   8              		.eabi_attribute 23, 3
   9              		.eabi_attribute 24, 1
  10              		.eabi_attribute 25, 1
  11              		.eabi_attribute 26, 1
  12              		.eabi_attribute 30, 1
  13              		.eabi_attribute 34, 1
  14              		.eabi_attribute 18, 4
  15              		.file	"spi.c"
  16              		.text
  17              	.Ltext0:
  18              		.cfi_sections	.debug_frame
  19              		.file 1 "Core/Src/spi.c"
  20              		.section	.text.MX_SPI1_Init,"ax",%progbits
  21              		.align	1
  22              		.global	MX_SPI1_Init
  23              		.syntax unified
  24              		.thumb
  25              		.thumb_func
  27              	MX_SPI1_Init:
  28              	.LFB216:
   1:Core/Src/spi.c **** /* USER CODE BEGIN Header */
   2:Core/Src/spi.c **** /**
   3:Core/Src/spi.c ****   ******************************************************************************
   4:Core/Src/spi.c ****   * @file    spi.c
   5:Core/Src/spi.c ****   * @brief   This file provides code for the configuration
   6:Core/Src/spi.c ****   *          of the SPI instances.
   7:Core/Src/spi.c ****   ******************************************************************************
   8:Core/Src/spi.c ****   * @attention
   9:Core/Src/spi.c ****   *
  10:Core/Src/spi.c ****   * Copyright (c) 2023 STMicroelectronics.
  11:Core/Src/spi.c ****   * All rights reserved.
  12:Core/Src/spi.c ****   *
  13:Core/Src/spi.c ****   * This software is licensed under terms that can be found in the LICENSE file
  14:Core/Src/spi.c ****   * in the root directory of this software component.
  15:Core/Src/spi.c ****   * If no LICENSE file comes with this software, it is provided AS-IS.
  16:Core/Src/spi.c ****   *
  17:Core/Src/spi.c ****   ******************************************************************************
  18:Core/Src/spi.c ****   */
  19:Core/Src/spi.c **** /* USER CODE END Header */
  20:Core/Src/spi.c **** /* Includes ------------------------------------------------------------------*/
  21:Core/Src/spi.c **** #include "spi.h"
  22:Core/Src/spi.c **** 
  23:Core/Src/spi.c **** /* USER CODE BEGIN 0 */
  24:Core/Src/spi.c **** 
  25:Core/Src/spi.c **** /* USER CODE END 0 */
  26:Core/Src/spi.c **** 
  27:Core/Src/spi.c **** SPI_HandleTypeDef hspi1;
  28:Core/Src/spi.c **** 
  29:Core/Src/spi.c **** /* SPI1 init function */
  30:Core/Src/spi.c **** void MX_SPI1_Init(void)
ARM GAS  C:\Users\Konrad\AppData\Local\Temp\ccDFvDri.s 			page 2


  31:Core/Src/spi.c **** {
  29              		.loc 1 31 1 view -0
  30              		.cfi_startproc
  31              		@ args = 0, pretend = 0, frame = 0
  32              		@ frame_needed = 0, uses_anonymous_args = 0
  33 0000 08B5     		push	{r3, lr}
  34              		.cfi_def_cfa_offset 8
  35              		.cfi_offset 3, -8
  36              		.cfi_offset 14, -4
  32:Core/Src/spi.c **** 
  33:Core/Src/spi.c ****   /* USER CODE BEGIN SPI1_Init 0 */
  34:Core/Src/spi.c **** 
  35:Core/Src/spi.c ****   /* USER CODE END SPI1_Init 0 */
  36:Core/Src/spi.c **** 
  37:Core/Src/spi.c ****   /* USER CODE BEGIN SPI1_Init 1 */
  38:Core/Src/spi.c **** 
  39:Core/Src/spi.c ****   /* USER CODE END SPI1_Init 1 */
  40:Core/Src/spi.c ****   hspi1.Instance = SPI1;
  37              		.loc 1 40 3 view .LVU1
  38              		.loc 1 40 18 is_stmt 0 view .LVU2
  39 0002 0E48     		ldr	r0, .L5
  40 0004 0E4B     		ldr	r3, .L5+4
  41 0006 0360     		str	r3, [r0]
  41:Core/Src/spi.c ****   hspi1.Init.Mode = SPI_MODE_MASTER;
  42              		.loc 1 41 3 is_stmt 1 view .LVU3
  43              		.loc 1 41 19 is_stmt 0 view .LVU4
  44 0008 4FF48273 		mov	r3, #260
  45 000c 4360     		str	r3, [r0, #4]
  42:Core/Src/spi.c ****   hspi1.Init.Direction = SPI_DIRECTION_2LINES;
  46              		.loc 1 42 3 is_stmt 1 view .LVU5
  47              		.loc 1 42 24 is_stmt 0 view .LVU6
  48 000e 0023     		movs	r3, #0
  49 0010 8360     		str	r3, [r0, #8]
  43:Core/Src/spi.c ****   hspi1.Init.DataSize = SPI_DATASIZE_8BIT;
  50              		.loc 1 43 3 is_stmt 1 view .LVU7
  51              		.loc 1 43 23 is_stmt 0 view .LVU8
  52 0012 C360     		str	r3, [r0, #12]
  44:Core/Src/spi.c ****   hspi1.Init.CLKPolarity = SPI_POLARITY_LOW;
  53              		.loc 1 44 3 is_stmt 1 view .LVU9
  54              		.loc 1 44 26 is_stmt 0 view .LVU10
  55 0014 0361     		str	r3, [r0, #16]
  45:Core/Src/spi.c ****   hspi1.Init.CLKPhase = SPI_PHASE_1EDGE;
  56              		.loc 1 45 3 is_stmt 1 view .LVU11
  57              		.loc 1 45 23 is_stmt 0 view .LVU12
  58 0016 4361     		str	r3, [r0, #20]
  46:Core/Src/spi.c ****   hspi1.Init.NSS = SPI_NSS_SOFT;
  59              		.loc 1 46 3 is_stmt 1 view .LVU13
  60              		.loc 1 46 18 is_stmt 0 view .LVU14
  61 0018 4FF40072 		mov	r2, #512
  62 001c 8261     		str	r2, [r0, #24]
  47:Core/Src/spi.c ****   hspi1.Init.BaudRatePrescaler = SPI_BAUDRATEPRESCALER_16;
  63              		.loc 1 47 3 is_stmt 1 view .LVU15
  64              		.loc 1 47 32 is_stmt 0 view .LVU16
  65 001e 1822     		movs	r2, #24
  66 0020 C261     		str	r2, [r0, #28]
  48:Core/Src/spi.c ****   hspi1.Init.FirstBit = SPI_FIRSTBIT_MSB;
  67              		.loc 1 48 3 is_stmt 1 view .LVU17
ARM GAS  C:\Users\Konrad\AppData\Local\Temp\ccDFvDri.s 			page 3


  68              		.loc 1 48 23 is_stmt 0 view .LVU18
  69 0022 0362     		str	r3, [r0, #32]
  49:Core/Src/spi.c ****   hspi1.Init.TIMode = SPI_TIMODE_DISABLE;
  70              		.loc 1 49 3 is_stmt 1 view .LVU19
  71              		.loc 1 49 21 is_stmt 0 view .LVU20
  72 0024 4362     		str	r3, [r0, #36]
  50:Core/Src/spi.c ****   hspi1.Init.CRCCalculation = SPI_CRCCALCULATION_DISABLE;
  73              		.loc 1 50 3 is_stmt 1 view .LVU21
  74              		.loc 1 50 29 is_stmt 0 view .LVU22
  75 0026 8362     		str	r3, [r0, #40]
  51:Core/Src/spi.c ****   hspi1.Init.CRCPolynomial = 10;
  76              		.loc 1 51 3 is_stmt 1 view .LVU23
  77              		.loc 1 51 28 is_stmt 0 view .LVU24
  78 0028 0A23     		movs	r3, #10
  79 002a C362     		str	r3, [r0, #44]
  52:Core/Src/spi.c ****   if (HAL_SPI_Init(&hspi1) != HAL_OK)
  80              		.loc 1 52 3 is_stmt 1 view .LVU25
  81              		.loc 1 52 7 is_stmt 0 view .LVU26
  82 002c FFF7FEFF 		bl	HAL_SPI_Init
  83              	.LVL0:
  84              		.loc 1 52 6 discriminator 1 view .LVU27
  85 0030 00B9     		cbnz	r0, .L4
  86              	.L1:
  53:Core/Src/spi.c ****   {
  54:Core/Src/spi.c ****     Error_Handler();
  55:Core/Src/spi.c ****   }
  56:Core/Src/spi.c ****   /* USER CODE BEGIN SPI1_Init 2 */
  57:Core/Src/spi.c **** 
  58:Core/Src/spi.c ****   /* USER CODE END SPI1_Init 2 */
  59:Core/Src/spi.c **** 
  60:Core/Src/spi.c **** }
  87              		.loc 1 60 1 view .LVU28
  88 0032 08BD     		pop	{r3, pc}
  89              	.L4:
  54:Core/Src/spi.c ****   }
  90              		.loc 1 54 5 is_stmt 1 view .LVU29
  91 0034 FFF7FEFF 		bl	Error_Handler
  92              	.LVL1:
  93              		.loc 1 60 1 is_stmt 0 view .LVU30
  94 0038 FBE7     		b	.L1
  95              	.L6:
  96 003a 00BF     		.align	2
  97              	.L5:
  98 003c 00000000 		.word	hspi1
  99 0040 00300140 		.word	1073819648
 100              		.cfi_endproc
 101              	.LFE216:
 103              		.section	.text.HAL_SPI_MspInit,"ax",%progbits
 104              		.align	1
 105              		.global	HAL_SPI_MspInit
 106              		.syntax unified
 107              		.thumb
 108              		.thumb_func
 110              	HAL_SPI_MspInit:
 111              	.LVL2:
 112              	.LFB217:
  61:Core/Src/spi.c **** 
ARM GAS  C:\Users\Konrad\AppData\Local\Temp\ccDFvDri.s 			page 4


  62:Core/Src/spi.c **** void HAL_SPI_MspInit(SPI_HandleTypeDef* spiHandle)
  63:Core/Src/spi.c **** {
 113              		.loc 1 63 1 is_stmt 1 view -0
 114              		.cfi_startproc
 115              		@ args = 0, pretend = 0, frame = 32
 116              		@ frame_needed = 0, uses_anonymous_args = 0
 117              		.loc 1 63 1 is_stmt 0 view .LVU32
 118 0000 00B5     		push	{lr}
 119              		.cfi_def_cfa_offset 4
 120              		.cfi_offset 14, -4
 121 0002 89B0     		sub	sp, sp, #36
 122              		.cfi_def_cfa_offset 40
  64:Core/Src/spi.c **** 
  65:Core/Src/spi.c ****   GPIO_InitTypeDef GPIO_InitStruct = {0};
 123              		.loc 1 65 3 is_stmt 1 view .LVU33
 124              		.loc 1 65 20 is_stmt 0 view .LVU34
 125 0004 0023     		movs	r3, #0
 126 0006 0393     		str	r3, [sp, #12]
 127 0008 0493     		str	r3, [sp, #16]
 128 000a 0593     		str	r3, [sp, #20]
 129 000c 0693     		str	r3, [sp, #24]
 130 000e 0793     		str	r3, [sp, #28]
  66:Core/Src/spi.c ****   if(spiHandle->Instance==SPI1)
 131              		.loc 1 66 3 is_stmt 1 view .LVU35
 132              		.loc 1 66 15 is_stmt 0 view .LVU36
 133 0010 0268     		ldr	r2, [r0]
 134              		.loc 1 66 5 view .LVU37
 135 0012 154B     		ldr	r3, .L11
 136 0014 9A42     		cmp	r2, r3
 137 0016 02D0     		beq	.L10
 138              	.LVL3:
 139              	.L7:
  67:Core/Src/spi.c ****   {
  68:Core/Src/spi.c ****   /* USER CODE BEGIN SPI1_MspInit 0 */
  69:Core/Src/spi.c **** 
  70:Core/Src/spi.c ****   /* USER CODE END SPI1_MspInit 0 */
  71:Core/Src/spi.c ****     /* SPI1 clock enable */
  72:Core/Src/spi.c ****     __HAL_RCC_SPI1_CLK_ENABLE();
  73:Core/Src/spi.c **** 
  74:Core/Src/spi.c ****     __HAL_RCC_GPIOA_CLK_ENABLE();
  75:Core/Src/spi.c ****     /**SPI1 GPIO Configuration
  76:Core/Src/spi.c ****     PA5     ------> SPI1_SCK
  77:Core/Src/spi.c ****     PA7     ------> SPI1_MOSI
  78:Core/Src/spi.c ****     */
  79:Core/Src/spi.c ****     GPIO_InitStruct.Pin = GPIO_PIN_5|GPIO_PIN_7;
  80:Core/Src/spi.c ****     GPIO_InitStruct.Mode = GPIO_MODE_AF_PP;
  81:Core/Src/spi.c ****     GPIO_InitStruct.Pull = GPIO_NOPULL;
  82:Core/Src/spi.c ****     GPIO_InitStruct.Speed = GPIO_SPEED_FREQ_VERY_HIGH;
  83:Core/Src/spi.c ****     GPIO_InitStruct.Alternate = GPIO_AF5_SPI1;
  84:Core/Src/spi.c ****     HAL_GPIO_Init(GPIOA, &GPIO_InitStruct);
  85:Core/Src/spi.c **** 
  86:Core/Src/spi.c ****   /* USER CODE BEGIN SPI1_MspInit 1 */
  87:Core/Src/spi.c **** 
  88:Core/Src/spi.c ****   /* USER CODE END SPI1_MspInit 1 */
  89:Core/Src/spi.c ****   }
  90:Core/Src/spi.c **** }
 140              		.loc 1 90 1 view .LVU38
ARM GAS  C:\Users\Konrad\AppData\Local\Temp\ccDFvDri.s 			page 5


 141 0018 09B0     		add	sp, sp, #36
 142              		.cfi_remember_state
 143              		.cfi_def_cfa_offset 4
 144              		@ sp needed
 145 001a 5DF804FB 		ldr	pc, [sp], #4
 146              	.LVL4:
 147              	.L10:
 148              		.cfi_restore_state
  72:Core/Src/spi.c **** 
 149              		.loc 1 72 5 is_stmt 1 view .LVU39
 150              	.LBB2:
  72:Core/Src/spi.c **** 
 151              		.loc 1 72 5 view .LVU40
 152 001e 0021     		movs	r1, #0
 153 0020 0191     		str	r1, [sp, #4]
  72:Core/Src/spi.c **** 
 154              		.loc 1 72 5 view .LVU41
 155 0022 03F58433 		add	r3, r3, #67584
 156 0026 5A6C     		ldr	r2, [r3, #68]
 157 0028 42F48052 		orr	r2, r2, #4096
 158 002c 5A64     		str	r2, [r3, #68]
  72:Core/Src/spi.c **** 
 159              		.loc 1 72 5 view .LVU42
 160 002e 5A6C     		ldr	r2, [r3, #68]
 161 0030 02F48052 		and	r2, r2, #4096
 162 0034 0192     		str	r2, [sp, #4]
  72:Core/Src/spi.c **** 
 163              		.loc 1 72 5 view .LVU43
 164 0036 019A     		ldr	r2, [sp, #4]
 165              	.LBE2:
  72:Core/Src/spi.c **** 
 166              		.loc 1 72 5 view .LVU44
  74:Core/Src/spi.c ****     /**SPI1 GPIO Configuration
 167              		.loc 1 74 5 view .LVU45
 168              	.LBB3:
  74:Core/Src/spi.c ****     /**SPI1 GPIO Configuration
 169              		.loc 1 74 5 view .LVU46
 170 0038 0291     		str	r1, [sp, #8]
  74:Core/Src/spi.c ****     /**SPI1 GPIO Configuration
 171              		.loc 1 74 5 view .LVU47
 172 003a 1A6B     		ldr	r2, [r3, #48]
 173 003c 42F00102 		orr	r2, r2, #1
 174 0040 1A63     		str	r2, [r3, #48]
  74:Core/Src/spi.c ****     /**SPI1 GPIO Configuration
 175              		.loc 1 74 5 view .LVU48
 176 0042 1B6B     		ldr	r3, [r3, #48]
 177 0044 03F00103 		and	r3, r3, #1
 178 0048 0293     		str	r3, [sp, #8]
  74:Core/Src/spi.c ****     /**SPI1 GPIO Configuration
 179              		.loc 1 74 5 view .LVU49
 180 004a 029B     		ldr	r3, [sp, #8]
 181              	.LBE3:
  74:Core/Src/spi.c ****     /**SPI1 GPIO Configuration
 182              		.loc 1 74 5 view .LVU50
  79:Core/Src/spi.c ****     GPIO_InitStruct.Mode = GPIO_MODE_AF_PP;
 183              		.loc 1 79 5 view .LVU51
  79:Core/Src/spi.c ****     GPIO_InitStruct.Mode = GPIO_MODE_AF_PP;
ARM GAS  C:\Users\Konrad\AppData\Local\Temp\ccDFvDri.s 			page 6


 184              		.loc 1 79 25 is_stmt 0 view .LVU52
 185 004c A023     		movs	r3, #160
 186 004e 0393     		str	r3, [sp, #12]
  80:Core/Src/spi.c ****     GPIO_InitStruct.Pull = GPIO_NOPULL;
 187              		.loc 1 80 5 is_stmt 1 view .LVU53
  80:Core/Src/spi.c ****     GPIO_InitStruct.Pull = GPIO_NOPULL;
 188              		.loc 1 80 26 is_stmt 0 view .LVU54
 189 0050 0223     		movs	r3, #2
 190 0052 0493     		str	r3, [sp, #16]
  81:Core/Src/spi.c ****     GPIO_InitStruct.Speed = GPIO_SPEED_FREQ_VERY_HIGH;
 191              		.loc 1 81 5 is_stmt 1 view .LVU55
  82:Core/Src/spi.c ****     GPIO_InitStruct.Alternate = GPIO_AF5_SPI1;
 192              		.loc 1 82 5 view .LVU56
  82:Core/Src/spi.c ****     GPIO_InitStruct.Alternate = GPIO_AF5_SPI1;
 193              		.loc 1 82 27 is_stmt 0 view .LVU57
 194 0054 0323     		movs	r3, #3
 195 0056 0693     		str	r3, [sp, #24]
  83:Core/Src/spi.c ****     HAL_GPIO_Init(GPIOA, &GPIO_InitStruct);
 196              		.loc 1 83 5 is_stmt 1 view .LVU58
  83:Core/Src/spi.c ****     HAL_GPIO_Init(GPIOA, &GPIO_InitStruct);
 197              		.loc 1 83 31 is_stmt 0 view .LVU59
 198 0058 0523     		movs	r3, #5
 199 005a 0793     		str	r3, [sp, #28]
  84:Core/Src/spi.c **** 
 200              		.loc 1 84 5 is_stmt 1 view .LVU60
 201 005c 03A9     		add	r1, sp, #12
 202 005e 0348     		ldr	r0, .L11+4
 203              	.LVL5:
  84:Core/Src/spi.c **** 
 204              		.loc 1 84 5 is_stmt 0 view .LVU61
 205 0060 FFF7FEFF 		bl	HAL_GPIO_Init
 206              	.LVL6:
 207              		.loc 1 90 1 view .LVU62
 208 0064 D8E7     		b	.L7
 209              	.L12:
 210 0066 00BF     		.align	2
 211              	.L11:
 212 0068 00300140 		.word	1073819648
 213 006c 00000240 		.word	1073872896
 214              		.cfi_endproc
 215              	.LFE217:
 217              		.section	.text.HAL_SPI_MspDeInit,"ax",%progbits
 218              		.align	1
 219              		.global	HAL_SPI_MspDeInit
 220              		.syntax unified
 221              		.thumb
 222              		.thumb_func
 224              	HAL_SPI_MspDeInit:
 225              	.LVL7:
 226              	.LFB218:
  91:Core/Src/spi.c **** 
  92:Core/Src/spi.c **** void HAL_SPI_MspDeInit(SPI_HandleTypeDef* spiHandle)
  93:Core/Src/spi.c **** {
 227              		.loc 1 93 1 is_stmt 1 view -0
 228              		.cfi_startproc
 229              		@ args = 0, pretend = 0, frame = 0
 230              		@ frame_needed = 0, uses_anonymous_args = 0
ARM GAS  C:\Users\Konrad\AppData\Local\Temp\ccDFvDri.s 			page 7


 231              		.loc 1 93 1 is_stmt 0 view .LVU64
 232 0000 08B5     		push	{r3, lr}
 233              		.cfi_def_cfa_offset 8
 234              		.cfi_offset 3, -8
 235              		.cfi_offset 14, -4
  94:Core/Src/spi.c **** 
  95:Core/Src/spi.c ****   if(spiHandle->Instance==SPI1)
 236              		.loc 1 95 3 is_stmt 1 view .LVU65
 237              		.loc 1 95 15 is_stmt 0 view .LVU66
 238 0002 0268     		ldr	r2, [r0]
 239              		.loc 1 95 5 view .LVU67
 240 0004 064B     		ldr	r3, .L17
 241 0006 9A42     		cmp	r2, r3
 242 0008 00D0     		beq	.L16
 243              	.LVL8:
 244              	.L13:
  96:Core/Src/spi.c ****   {
  97:Core/Src/spi.c ****   /* USER CODE BEGIN SPI1_MspDeInit 0 */
  98:Core/Src/spi.c **** 
  99:Core/Src/spi.c ****   /* USER CODE END SPI1_MspDeInit 0 */
 100:Core/Src/spi.c ****     /* Peripheral clock disable */
 101:Core/Src/spi.c ****     __HAL_RCC_SPI1_CLK_DISABLE();
 102:Core/Src/spi.c **** 
 103:Core/Src/spi.c ****     /**SPI1 GPIO Configuration
 104:Core/Src/spi.c ****     PA5     ------> SPI1_SCK
 105:Core/Src/spi.c ****     PA7     ------> SPI1_MOSI
 106:Core/Src/spi.c ****     */
 107:Core/Src/spi.c ****     HAL_GPIO_DeInit(GPIOA, GPIO_PIN_5|GPIO_PIN_7);
 108:Core/Src/spi.c **** 
 109:Core/Src/spi.c ****   /* USER CODE BEGIN SPI1_MspDeInit 1 */
 110:Core/Src/spi.c **** 
 111:Core/Src/spi.c ****   /* USER CODE END SPI1_MspDeInit 1 */
 112:Core/Src/spi.c ****   }
 113:Core/Src/spi.c **** }
 245              		.loc 1 113 1 view .LVU68
 246 000a 08BD     		pop	{r3, pc}
 247              	.LVL9:
 248              	.L16:
 101:Core/Src/spi.c **** 
 249              		.loc 1 101 5 is_stmt 1 view .LVU69
 250 000c 054A     		ldr	r2, .L17+4
 251 000e 536C     		ldr	r3, [r2, #68]
 252 0010 23F48053 		bic	r3, r3, #4096
 253 0014 5364     		str	r3, [r2, #68]
 107:Core/Src/spi.c **** 
 254              		.loc 1 107 5 view .LVU70
 255 0016 A021     		movs	r1, #160
 256 0018 0348     		ldr	r0, .L17+8
 257              	.LVL10:
 107:Core/Src/spi.c **** 
 258              		.loc 1 107 5 is_stmt 0 view .LVU71
 259 001a FFF7FEFF 		bl	HAL_GPIO_DeInit
 260              	.LVL11:
 261              		.loc 1 113 1 view .LVU72
 262 001e F4E7     		b	.L13
 263              	.L18:
 264              		.align	2
ARM GAS  C:\Users\Konrad\AppData\Local\Temp\ccDFvDri.s 			page 8


 265              	.L17:
 266 0020 00300140 		.word	1073819648
 267 0024 00380240 		.word	1073887232
 268 0028 00000240 		.word	1073872896
 269              		.cfi_endproc
 270              	.LFE218:
 272              		.global	hspi1
 273              		.section	.bss.hspi1,"aw",%nobits
 274              		.align	2
 277              	hspi1:
 278 0000 00000000 		.space	88
 278      00000000 
 278      00000000 
 278      00000000 
 278      00000000 
 279              		.text
 280              	.Letext0:
 281              		.file 2 "C:/Users/Konrad/AppData/Roaming/Code/User/globalStorage/bmd.stm32-for-vscode/@xpack-dev-t
 282              		.file 3 "C:/Users/Konrad/AppData/Roaming/Code/User/globalStorage/bmd.stm32-for-vscode/@xpack-dev-t
 283              		.file 4 "Drivers/CMSIS/Device/ST/STM32F4xx/Include/stm32f411xe.h"
 284              		.file 5 "Drivers/STM32F4xx_HAL_Driver/Inc/stm32f4xx_hal_def.h"
 285              		.file 6 "Drivers/STM32F4xx_HAL_Driver/Inc/stm32f4xx_hal_gpio.h"
 286              		.file 7 "Drivers/STM32F4xx_HAL_Driver/Inc/stm32f4xx_hal_dma.h"
 287              		.file 8 "Drivers/STM32F4xx_HAL_Driver/Inc/stm32f4xx_hal_spi.h"
 288              		.file 9 "Core/Inc/spi.h"
 289              		.file 10 "Core/Inc/main.h"
ARM GAS  C:\Users\Konrad\AppData\Local\Temp\ccDFvDri.s 			page 9


DEFINED SYMBOLS
                            *ABS*:00000000 spi.c
C:\Users\Konrad\AppData\Local\Temp\ccDFvDri.s:21     .text.MX_SPI1_Init:00000000 $t
C:\Users\Konrad\AppData\Local\Temp\ccDFvDri.s:27     .text.MX_SPI1_Init:00000000 MX_SPI1_Init
C:\Users\Konrad\AppData\Local\Temp\ccDFvDri.s:98     .text.MX_SPI1_Init:0000003c $d
C:\Users\Konrad\AppData\Local\Temp\ccDFvDri.s:277    .bss.hspi1:00000000 hspi1
C:\Users\Konrad\AppData\Local\Temp\ccDFvDri.s:104    .text.HAL_SPI_MspInit:00000000 $t
C:\Users\Konrad\AppData\Local\Temp\ccDFvDri.s:110    .text.HAL_SPI_MspInit:00000000 HAL_SPI_MspInit
C:\Users\Konrad\AppData\Local\Temp\ccDFvDri.s:212    .text.HAL_SPI_MspInit:00000068 $d
C:\Users\Konrad\AppData\Local\Temp\ccDFvDri.s:218    .text.HAL_SPI_MspDeInit:00000000 $t
C:\Users\Konrad\AppData\Local\Temp\ccDFvDri.s:224    .text.HAL_SPI_MspDeInit:00000000 HAL_SPI_MspDeInit
C:\Users\Konrad\AppData\Local\Temp\ccDFvDri.s:266    .text.HAL_SPI_MspDeInit:00000020 $d
C:\Users\Konrad\AppData\Local\Temp\ccDFvDri.s:274    .bss.hspi1:00000000 $d

UNDEFINED SYMBOLS
HAL_SPI_Init
Error_Handler
HAL_GPIO_Init
HAL_GPIO_DeInit
