ARM GAS  C:\Users\Konrad\AppData\Local\Temp\ccYMxZoG.s 			page 1


   1              		.cpu cortex-m4
   2              		.arch armv7e-m
   3              		.fpu fpv4-sp-d16
   4              		.eabi_attribute 27, 1
   5              		.eabi_attribute 28, 1
   6              		.eabi_attribute 23, 1
   7              		.eabi_attribute 24, 1
   8              		.eabi_attribute 25, 1
   9              		.eabi_attribute 26, 1
  10              		.eabi_attribute 30, 2
  11              		.eabi_attribute 34, 1
  12              		.eabi_attribute 18, 4
  13              		.file	"stm32f4xx_it.c"
  14              		.text
  15              	.Ltext0:
  16              		.cfi_sections	.debug_frame
  17              		.file 1 "Core/Src/stm32f4xx_it.c"
  18              		.section	.text.NMI_Handler,"ax",%progbits
  19              		.align	1
  20              		.p2align 2,,3
  21              		.global	NMI_Handler
  22              		.syntax unified
  23              		.thumb
  24              		.thumb_func
  26              	NMI_Handler:
  27              	.LFB216:
   1:Core/Src/stm32f4xx_it.c **** /* USER CODE BEGIN Header */
   2:Core/Src/stm32f4xx_it.c **** /**
   3:Core/Src/stm32f4xx_it.c ****   ******************************************************************************
   4:Core/Src/stm32f4xx_it.c ****   * @file    stm32f4xx_it.c
   5:Core/Src/stm32f4xx_it.c ****   * @brief   Interrupt Service Routines.
   6:Core/Src/stm32f4xx_it.c ****   ******************************************************************************
   7:Core/Src/stm32f4xx_it.c ****   * @attention
   8:Core/Src/stm32f4xx_it.c ****   *
   9:Core/Src/stm32f4xx_it.c ****   * Copyright (c) 2023 STMicroelectronics.
  10:Core/Src/stm32f4xx_it.c ****   * All rights reserved.
  11:Core/Src/stm32f4xx_it.c ****   *
  12:Core/Src/stm32f4xx_it.c ****   * This software is licensed under terms that can be found in the LICENSE file
  13:Core/Src/stm32f4xx_it.c ****   * in the root directory of this software component.
  14:Core/Src/stm32f4xx_it.c ****   * If no LICENSE file comes with this software, it is provided AS-IS.
  15:Core/Src/stm32f4xx_it.c ****   *
  16:Core/Src/stm32f4xx_it.c ****   ******************************************************************************
  17:Core/Src/stm32f4xx_it.c ****   */
  18:Core/Src/stm32f4xx_it.c **** /* USER CODE END Header */
  19:Core/Src/stm32f4xx_it.c **** 
  20:Core/Src/stm32f4xx_it.c **** /* Includes ------------------------------------------------------------------*/
  21:Core/Src/stm32f4xx_it.c **** #include "main.h"
  22:Core/Src/stm32f4xx_it.c **** #include "stm32f4xx_it.h"
  23:Core/Src/stm32f4xx_it.c **** /* Private includes ----------------------------------------------------------*/
  24:Core/Src/stm32f4xx_it.c **** /* USER CODE BEGIN Includes */
  25:Core/Src/stm32f4xx_it.c **** /* USER CODE END Includes */
  26:Core/Src/stm32f4xx_it.c **** 
  27:Core/Src/stm32f4xx_it.c **** /* Private typedef -----------------------------------------------------------*/
  28:Core/Src/stm32f4xx_it.c **** /* USER CODE BEGIN TD */
  29:Core/Src/stm32f4xx_it.c **** 
  30:Core/Src/stm32f4xx_it.c **** /* USER CODE END TD */
  31:Core/Src/stm32f4xx_it.c **** 
ARM GAS  C:\Users\Konrad\AppData\Local\Temp\ccYMxZoG.s 			page 2


  32:Core/Src/stm32f4xx_it.c **** /* Private define ------------------------------------------------------------*/
  33:Core/Src/stm32f4xx_it.c **** /* USER CODE BEGIN PD */
  34:Core/Src/stm32f4xx_it.c **** 
  35:Core/Src/stm32f4xx_it.c **** /* USER CODE END PD */
  36:Core/Src/stm32f4xx_it.c **** 
  37:Core/Src/stm32f4xx_it.c **** /* Private macro -------------------------------------------------------------*/
  38:Core/Src/stm32f4xx_it.c **** /* USER CODE BEGIN PM */
  39:Core/Src/stm32f4xx_it.c **** 
  40:Core/Src/stm32f4xx_it.c **** /* USER CODE END PM */
  41:Core/Src/stm32f4xx_it.c **** 
  42:Core/Src/stm32f4xx_it.c **** /* Private variables ---------------------------------------------------------*/
  43:Core/Src/stm32f4xx_it.c **** /* USER CODE BEGIN PV */
  44:Core/Src/stm32f4xx_it.c **** 
  45:Core/Src/stm32f4xx_it.c **** /* USER CODE END PV */
  46:Core/Src/stm32f4xx_it.c **** 
  47:Core/Src/stm32f4xx_it.c **** /* Private function prototypes -----------------------------------------------*/
  48:Core/Src/stm32f4xx_it.c **** /* USER CODE BEGIN PFP */
  49:Core/Src/stm32f4xx_it.c **** 
  50:Core/Src/stm32f4xx_it.c **** /* USER CODE END PFP */
  51:Core/Src/stm32f4xx_it.c **** 
  52:Core/Src/stm32f4xx_it.c **** /* Private user code ---------------------------------------------------------*/
  53:Core/Src/stm32f4xx_it.c **** /* USER CODE BEGIN 0 */
  54:Core/Src/stm32f4xx_it.c **** 
  55:Core/Src/stm32f4xx_it.c **** /* USER CODE END 0 */
  56:Core/Src/stm32f4xx_it.c **** 
  57:Core/Src/stm32f4xx_it.c **** /* External variables --------------------------------------------------------*/
  58:Core/Src/stm32f4xx_it.c **** extern DMA_HandleTypeDef hdma_adc1;
  59:Core/Src/stm32f4xx_it.c **** extern TIM_HandleTypeDef htim4;
  60:Core/Src/stm32f4xx_it.c **** /* USER CODE BEGIN EV */
  61:Core/Src/stm32f4xx_it.c **** 
  62:Core/Src/stm32f4xx_it.c **** /* USER CODE END EV */
  63:Core/Src/stm32f4xx_it.c **** 
  64:Core/Src/stm32f4xx_it.c **** /******************************************************************************/
  65:Core/Src/stm32f4xx_it.c **** /*           Cortex-M4 Processor Interruption and Exception Handlers          */
  66:Core/Src/stm32f4xx_it.c **** /******************************************************************************/
  67:Core/Src/stm32f4xx_it.c **** /**
  68:Core/Src/stm32f4xx_it.c ****   * @brief This function handles Non maskable interrupt.
  69:Core/Src/stm32f4xx_it.c ****   */
  70:Core/Src/stm32f4xx_it.c **** void NMI_Handler(void)
  71:Core/Src/stm32f4xx_it.c **** {
  28              		.loc 1 71 1 view -0
  29              		.cfi_startproc
  30              		@ Volatile: function does not return.
  31              		@ args = 0, pretend = 0, frame = 0
  32              		@ frame_needed = 0, uses_anonymous_args = 0
  33              		@ link register save eliminated.
  34              	.L2:
  72:Core/Src/stm32f4xx_it.c ****   /* USER CODE BEGIN NonMaskableInt_IRQn 0 */
  73:Core/Src/stm32f4xx_it.c **** 
  74:Core/Src/stm32f4xx_it.c ****   /* USER CODE END NonMaskableInt_IRQn 0 */
  75:Core/Src/stm32f4xx_it.c ****   /* USER CODE BEGIN NonMaskableInt_IRQn 1 */
  76:Core/Src/stm32f4xx_it.c ****   while (1)
  35              		.loc 1 76 3 view .LVU1
  77:Core/Src/stm32f4xx_it.c ****   {
  78:Core/Src/stm32f4xx_it.c ****   }
  36              		.loc 1 78 3 view .LVU2
  76:Core/Src/stm32f4xx_it.c ****   {
ARM GAS  C:\Users\Konrad\AppData\Local\Temp\ccYMxZoG.s 			page 3


  37              		.loc 1 76 9 view .LVU3
  38 0000 FEE7     		b	.L2
  39              		.cfi_endproc
  40              	.LFE216:
  42 0002 00BF     		.section	.text.HardFault_Handler,"ax",%progbits
  43              		.align	1
  44              		.p2align 2,,3
  45              		.global	HardFault_Handler
  46              		.syntax unified
  47              		.thumb
  48              		.thumb_func
  50              	HardFault_Handler:
  51              	.LFB217:
  79:Core/Src/stm32f4xx_it.c ****   /* USER CODE END NonMaskableInt_IRQn 1 */
  80:Core/Src/stm32f4xx_it.c **** }
  81:Core/Src/stm32f4xx_it.c **** 
  82:Core/Src/stm32f4xx_it.c **** /**
  83:Core/Src/stm32f4xx_it.c ****   * @brief This function handles Hard fault interrupt.
  84:Core/Src/stm32f4xx_it.c ****   */
  85:Core/Src/stm32f4xx_it.c **** void HardFault_Handler(void)
  86:Core/Src/stm32f4xx_it.c **** {
  52              		.loc 1 86 1 view -0
  53              		.cfi_startproc
  54              		@ Volatile: function does not return.
  55              		@ args = 0, pretend = 0, frame = 0
  56              		@ frame_needed = 0, uses_anonymous_args = 0
  57              		@ link register save eliminated.
  58              	.L5:
  87:Core/Src/stm32f4xx_it.c ****   /* USER CODE BEGIN HardFault_IRQn 0 */
  88:Core/Src/stm32f4xx_it.c **** 
  89:Core/Src/stm32f4xx_it.c ****   /* USER CODE END HardFault_IRQn 0 */
  90:Core/Src/stm32f4xx_it.c ****   while (1)
  59              		.loc 1 90 3 view .LVU5
  91:Core/Src/stm32f4xx_it.c ****   {
  92:Core/Src/stm32f4xx_it.c ****     /* USER CODE BEGIN W1_HardFault_IRQn 0 */
  93:Core/Src/stm32f4xx_it.c ****     /* USER CODE END W1_HardFault_IRQn 0 */
  94:Core/Src/stm32f4xx_it.c ****   }
  60              		.loc 1 94 3 view .LVU6
  90:Core/Src/stm32f4xx_it.c ****   {
  61              		.loc 1 90 9 view .LVU7
  62 0000 FEE7     		b	.L5
  63              		.cfi_endproc
  64              	.LFE217:
  66 0002 00BF     		.section	.text.MemManage_Handler,"ax",%progbits
  67              		.align	1
  68              		.p2align 2,,3
  69              		.global	MemManage_Handler
  70              		.syntax unified
  71              		.thumb
  72              		.thumb_func
  74              	MemManage_Handler:
  75              	.LFB218:
  95:Core/Src/stm32f4xx_it.c **** }
  96:Core/Src/stm32f4xx_it.c **** 
  97:Core/Src/stm32f4xx_it.c **** /**
  98:Core/Src/stm32f4xx_it.c ****   * @brief This function handles Memory management fault.
  99:Core/Src/stm32f4xx_it.c ****   */
ARM GAS  C:\Users\Konrad\AppData\Local\Temp\ccYMxZoG.s 			page 4


 100:Core/Src/stm32f4xx_it.c **** void MemManage_Handler(void)
 101:Core/Src/stm32f4xx_it.c **** {
  76              		.loc 1 101 1 view -0
  77              		.cfi_startproc
  78              		@ Volatile: function does not return.
  79              		@ args = 0, pretend = 0, frame = 0
  80              		@ frame_needed = 0, uses_anonymous_args = 0
  81              		@ link register save eliminated.
  82              	.L7:
 102:Core/Src/stm32f4xx_it.c ****   /* USER CODE BEGIN MemoryManagement_IRQn 0 */
 103:Core/Src/stm32f4xx_it.c **** 
 104:Core/Src/stm32f4xx_it.c ****   /* USER CODE END MemoryManagement_IRQn 0 */
 105:Core/Src/stm32f4xx_it.c ****   while (1)
  83              		.loc 1 105 3 view .LVU9
 106:Core/Src/stm32f4xx_it.c ****   {
 107:Core/Src/stm32f4xx_it.c ****     /* USER CODE BEGIN W1_MemoryManagement_IRQn 0 */
 108:Core/Src/stm32f4xx_it.c ****     /* USER CODE END W1_MemoryManagement_IRQn 0 */
 109:Core/Src/stm32f4xx_it.c ****   }
  84              		.loc 1 109 3 view .LVU10
 105:Core/Src/stm32f4xx_it.c ****   {
  85              		.loc 1 105 9 view .LVU11
  86 0000 FEE7     		b	.L7
  87              		.cfi_endproc
  88              	.LFE218:
  90 0002 00BF     		.section	.text.BusFault_Handler,"ax",%progbits
  91              		.align	1
  92              		.p2align 2,,3
  93              		.global	BusFault_Handler
  94              		.syntax unified
  95              		.thumb
  96              		.thumb_func
  98              	BusFault_Handler:
  99              	.LFB219:
 110:Core/Src/stm32f4xx_it.c **** }
 111:Core/Src/stm32f4xx_it.c **** 
 112:Core/Src/stm32f4xx_it.c **** /**
 113:Core/Src/stm32f4xx_it.c ****   * @brief This function handles Pre-fetch fault, memory access fault.
 114:Core/Src/stm32f4xx_it.c ****   */
 115:Core/Src/stm32f4xx_it.c **** void BusFault_Handler(void)
 116:Core/Src/stm32f4xx_it.c **** {
 100              		.loc 1 116 1 view -0
 101              		.cfi_startproc
 102              		@ Volatile: function does not return.
 103              		@ args = 0, pretend = 0, frame = 0
 104              		@ frame_needed = 0, uses_anonymous_args = 0
 105              		@ link register save eliminated.
 106              	.L9:
 117:Core/Src/stm32f4xx_it.c ****   /* USER CODE BEGIN BusFault_IRQn 0 */
 118:Core/Src/stm32f4xx_it.c **** 
 119:Core/Src/stm32f4xx_it.c ****   /* USER CODE END BusFault_IRQn 0 */
 120:Core/Src/stm32f4xx_it.c ****   while (1)
 107              		.loc 1 120 3 view .LVU13
 121:Core/Src/stm32f4xx_it.c ****   {
 122:Core/Src/stm32f4xx_it.c ****     /* USER CODE BEGIN W1_BusFault_IRQn 0 */
 123:Core/Src/stm32f4xx_it.c ****     /* USER CODE END W1_BusFault_IRQn 0 */
 124:Core/Src/stm32f4xx_it.c ****   }
 108              		.loc 1 124 3 view .LVU14
ARM GAS  C:\Users\Konrad\AppData\Local\Temp\ccYMxZoG.s 			page 5


 120:Core/Src/stm32f4xx_it.c ****   {
 109              		.loc 1 120 9 view .LVU15
 110 0000 FEE7     		b	.L9
 111              		.cfi_endproc
 112              	.LFE219:
 114 0002 00BF     		.section	.text.UsageFault_Handler,"ax",%progbits
 115              		.align	1
 116              		.p2align 2,,3
 117              		.global	UsageFault_Handler
 118              		.syntax unified
 119              		.thumb
 120              		.thumb_func
 122              	UsageFault_Handler:
 123              	.LFB220:
 125:Core/Src/stm32f4xx_it.c **** }
 126:Core/Src/stm32f4xx_it.c **** 
 127:Core/Src/stm32f4xx_it.c **** /**
 128:Core/Src/stm32f4xx_it.c ****   * @brief This function handles Undefined instruction or illegal state.
 129:Core/Src/stm32f4xx_it.c ****   */
 130:Core/Src/stm32f4xx_it.c **** void UsageFault_Handler(void)
 131:Core/Src/stm32f4xx_it.c **** {
 124              		.loc 1 131 1 view -0
 125              		.cfi_startproc
 126              		@ Volatile: function does not return.
 127              		@ args = 0, pretend = 0, frame = 0
 128              		@ frame_needed = 0, uses_anonymous_args = 0
 129              		@ link register save eliminated.
 130              	.L11:
 132:Core/Src/stm32f4xx_it.c ****   /* USER CODE BEGIN UsageFault_IRQn 0 */
 133:Core/Src/stm32f4xx_it.c **** 
 134:Core/Src/stm32f4xx_it.c ****   /* USER CODE END UsageFault_IRQn 0 */
 135:Core/Src/stm32f4xx_it.c ****   while (1)
 131              		.loc 1 135 3 view .LVU17
 136:Core/Src/stm32f4xx_it.c ****   {
 137:Core/Src/stm32f4xx_it.c ****     /* USER CODE BEGIN W1_UsageFault_IRQn 0 */
 138:Core/Src/stm32f4xx_it.c ****     /* USER CODE END W1_UsageFault_IRQn 0 */
 139:Core/Src/stm32f4xx_it.c ****   }
 132              		.loc 1 139 3 view .LVU18
 135:Core/Src/stm32f4xx_it.c ****   {
 133              		.loc 1 135 9 view .LVU19
 134 0000 FEE7     		b	.L11
 135              		.cfi_endproc
 136              	.LFE220:
 138 0002 00BF     		.section	.text.SVC_Handler,"ax",%progbits
 139              		.align	1
 140              		.p2align 2,,3
 141              		.global	SVC_Handler
 142              		.syntax unified
 143              		.thumb
 144              		.thumb_func
 146              	SVC_Handler:
 147              	.LFB221:
 140:Core/Src/stm32f4xx_it.c **** }
 141:Core/Src/stm32f4xx_it.c **** 
 142:Core/Src/stm32f4xx_it.c **** /**
 143:Core/Src/stm32f4xx_it.c ****   * @brief This function handles System service call via SWI instruction.
 144:Core/Src/stm32f4xx_it.c ****   */
ARM GAS  C:\Users\Konrad\AppData\Local\Temp\ccYMxZoG.s 			page 6


 145:Core/Src/stm32f4xx_it.c **** void SVC_Handler(void)
 146:Core/Src/stm32f4xx_it.c **** {
 148              		.loc 1 146 1 view -0
 149              		.cfi_startproc
 150              		@ args = 0, pretend = 0, frame = 0
 151              		@ frame_needed = 0, uses_anonymous_args = 0
 152              		@ link register save eliminated.
 147:Core/Src/stm32f4xx_it.c ****   /* USER CODE BEGIN SVCall_IRQn 0 */
 148:Core/Src/stm32f4xx_it.c **** 
 149:Core/Src/stm32f4xx_it.c ****   /* USER CODE END SVCall_IRQn 0 */
 150:Core/Src/stm32f4xx_it.c ****   /* USER CODE BEGIN SVCall_IRQn 1 */
 151:Core/Src/stm32f4xx_it.c **** 
 152:Core/Src/stm32f4xx_it.c ****   /* USER CODE END SVCall_IRQn 1 */
 153:Core/Src/stm32f4xx_it.c **** }
 153              		.loc 1 153 1 view .LVU21
 154 0000 7047     		bx	lr
 155              		.cfi_endproc
 156              	.LFE221:
 158 0002 00BF     		.section	.text.DebugMon_Handler,"ax",%progbits
 159              		.align	1
 160              		.p2align 2,,3
 161              		.global	DebugMon_Handler
 162              		.syntax unified
 163              		.thumb
 164              		.thumb_func
 166              	DebugMon_Handler:
 167              	.LFB228:
 168              		.cfi_startproc
 154:Core/Src/stm32f4xx_it.c **** 
 155:Core/Src/stm32f4xx_it.c **** /**
 156:Core/Src/stm32f4xx_it.c ****   * @brief This function handles Debug monitor.
 157:Core/Src/stm32f4xx_it.c ****   */
 158:Core/Src/stm32f4xx_it.c **** void DebugMon_Handler(void)
 169              		.loc 1 158 6 view -0
 170              		@ args = 0, pretend = 0, frame = 0
 171              		@ frame_needed = 0, uses_anonymous_args = 0
 172              		@ link register save eliminated.
 173 0000 7047     		bx	lr
 174              		.cfi_endproc
 175              	.LFE228:
 177 0002 00BF     		.section	.text.PendSV_Handler,"ax",%progbits
 178              		.align	1
 179              		.p2align 2,,3
 180              		.global	PendSV_Handler
 181              		.syntax unified
 182              		.thumb
 183              		.thumb_func
 185              	PendSV_Handler:
 186              	.LFB230:
 187              		.cfi_startproc
 159:Core/Src/stm32f4xx_it.c **** {
 160:Core/Src/stm32f4xx_it.c ****   /* USER CODE BEGIN DebugMonitor_IRQn 0 */
 161:Core/Src/stm32f4xx_it.c **** 
 162:Core/Src/stm32f4xx_it.c ****   /* USER CODE END DebugMonitor_IRQn 0 */
 163:Core/Src/stm32f4xx_it.c ****   /* USER CODE BEGIN DebugMonitor_IRQn 1 */
 164:Core/Src/stm32f4xx_it.c **** 
 165:Core/Src/stm32f4xx_it.c ****   /* USER CODE END DebugMonitor_IRQn 1 */
ARM GAS  C:\Users\Konrad\AppData\Local\Temp\ccYMxZoG.s 			page 7


 166:Core/Src/stm32f4xx_it.c **** }
 167:Core/Src/stm32f4xx_it.c **** 
 168:Core/Src/stm32f4xx_it.c **** /**
 169:Core/Src/stm32f4xx_it.c ****   * @brief This function handles Pendable request for system service.
 170:Core/Src/stm32f4xx_it.c ****   */
 171:Core/Src/stm32f4xx_it.c **** void PendSV_Handler(void)
 188              		.loc 1 171 6 view -0
 189              		@ args = 0, pretend = 0, frame = 0
 190              		@ frame_needed = 0, uses_anonymous_args = 0
 191              		@ link register save eliminated.
 192 0000 7047     		bx	lr
 193              		.cfi_endproc
 194              	.LFE230:
 196 0002 00BF     		.section	.text.SysTick_Handler,"ax",%progbits
 197              		.align	1
 198              		.p2align 2,,3
 199              		.global	SysTick_Handler
 200              		.syntax unified
 201              		.thumb
 202              		.thumb_func
 204              	SysTick_Handler:
 205              	.LFB224:
 172:Core/Src/stm32f4xx_it.c **** {
 173:Core/Src/stm32f4xx_it.c ****   /* USER CODE BEGIN PendSV_IRQn 0 */
 174:Core/Src/stm32f4xx_it.c **** 
 175:Core/Src/stm32f4xx_it.c ****   /* USER CODE END PendSV_IRQn 0 */
 176:Core/Src/stm32f4xx_it.c ****   /* USER CODE BEGIN PendSV_IRQn 1 */
 177:Core/Src/stm32f4xx_it.c **** 
 178:Core/Src/stm32f4xx_it.c ****   /* USER CODE END PendSV_IRQn 1 */
 179:Core/Src/stm32f4xx_it.c **** }
 180:Core/Src/stm32f4xx_it.c **** 
 181:Core/Src/stm32f4xx_it.c **** /**
 182:Core/Src/stm32f4xx_it.c ****   * @brief This function handles System tick timer.
 183:Core/Src/stm32f4xx_it.c ****   */
 184:Core/Src/stm32f4xx_it.c **** void SysTick_Handler(void)
 185:Core/Src/stm32f4xx_it.c **** {
 206              		.loc 1 185 1 view -0
 207              		.cfi_startproc
 208              		@ args = 0, pretend = 0, frame = 0
 209              		@ frame_needed = 0, uses_anonymous_args = 0
 210              		@ link register save eliminated.
 186:Core/Src/stm32f4xx_it.c ****   /* USER CODE BEGIN SysTick_IRQn 0 */
 187:Core/Src/stm32f4xx_it.c **** 
 188:Core/Src/stm32f4xx_it.c ****   /* USER CODE END SysTick_IRQn 0 */
 189:Core/Src/stm32f4xx_it.c ****   HAL_IncTick();
 211              		.loc 1 189 3 view .LVU25
 212 0000 FFF7FEBF 		b	HAL_IncTick
 213              	.LVL0:
 214              		.cfi_endproc
 215              	.LFE224:
 217              		.section	.text.TIM4_IRQHandler,"ax",%progbits
 218              		.align	1
 219              		.p2align 2,,3
 220              		.global	TIM4_IRQHandler
 221              		.syntax unified
 222              		.thumb
 223              		.thumb_func
ARM GAS  C:\Users\Konrad\AppData\Local\Temp\ccYMxZoG.s 			page 8


 225              	TIM4_IRQHandler:
 226              	.LFB225:
 190:Core/Src/stm32f4xx_it.c ****   /* USER CODE BEGIN SysTick_IRQn 1 */
 191:Core/Src/stm32f4xx_it.c **** 
 192:Core/Src/stm32f4xx_it.c ****   /* USER CODE END SysTick_IRQn 1 */
 193:Core/Src/stm32f4xx_it.c **** }
 194:Core/Src/stm32f4xx_it.c **** 
 195:Core/Src/stm32f4xx_it.c **** /******************************************************************************/
 196:Core/Src/stm32f4xx_it.c **** /* STM32F4xx Peripheral Interrupt Handlers                                    */
 197:Core/Src/stm32f4xx_it.c **** /* Add here the Interrupt Handlers for the used peripherals.                  */
 198:Core/Src/stm32f4xx_it.c **** /* For the available peripheral interrupt handler names,                      */
 199:Core/Src/stm32f4xx_it.c **** /* please refer to the startup file (startup_stm32f4xx.s).                    */
 200:Core/Src/stm32f4xx_it.c **** /******************************************************************************/
 201:Core/Src/stm32f4xx_it.c **** 
 202:Core/Src/stm32f4xx_it.c **** /**
 203:Core/Src/stm32f4xx_it.c ****   * @brief This function handles TIM4 global interrupt.
 204:Core/Src/stm32f4xx_it.c ****   */
 205:Core/Src/stm32f4xx_it.c **** void TIM4_IRQHandler(void)
 206:Core/Src/stm32f4xx_it.c **** {
 227              		.loc 1 206 1 view -0
 228              		.cfi_startproc
 229              		@ args = 0, pretend = 0, frame = 0
 230              		@ frame_needed = 0, uses_anonymous_args = 0
 231              		@ link register save eliminated.
 207:Core/Src/stm32f4xx_it.c ****   /* USER CODE BEGIN TIM4_IRQn 0 */
 208:Core/Src/stm32f4xx_it.c **** 
 209:Core/Src/stm32f4xx_it.c ****   /* USER CODE END TIM4_IRQn 0 */
 210:Core/Src/stm32f4xx_it.c ****   HAL_TIM_IRQHandler(&htim4);
 232              		.loc 1 210 3 view .LVU27
 233 0000 0148     		ldr	r0, .L17
 234 0002 FFF7FEBF 		b	HAL_TIM_IRQHandler
 235              	.LVL1:
 236              	.L18:
 237 0006 00BF     		.align	2
 238              	.L17:
 239 0008 00000000 		.word	htim4
 240              		.cfi_endproc
 241              	.LFE225:
 243              		.section	.text.DMA2_Stream0_IRQHandler,"ax",%progbits
 244              		.align	1
 245              		.p2align 2,,3
 246              		.global	DMA2_Stream0_IRQHandler
 247              		.syntax unified
 248              		.thumb
 249              		.thumb_func
 251              	DMA2_Stream0_IRQHandler:
 252              	.LFB226:
 211:Core/Src/stm32f4xx_it.c ****   /* USER CODE BEGIN TIM4_IRQn 1 */
 212:Core/Src/stm32f4xx_it.c **** 
 213:Core/Src/stm32f4xx_it.c ****   /* USER CODE END TIM4_IRQn 1 */
 214:Core/Src/stm32f4xx_it.c **** }
 215:Core/Src/stm32f4xx_it.c **** 
 216:Core/Src/stm32f4xx_it.c **** /**
 217:Core/Src/stm32f4xx_it.c ****   * @brief This function handles DMA2 stream0 global interrupt.
 218:Core/Src/stm32f4xx_it.c ****   */
 219:Core/Src/stm32f4xx_it.c **** void DMA2_Stream0_IRQHandler(void)
 220:Core/Src/stm32f4xx_it.c **** {
ARM GAS  C:\Users\Konrad\AppData\Local\Temp\ccYMxZoG.s 			page 9


 253              		.loc 1 220 1 view -0
 254              		.cfi_startproc
 255              		@ args = 0, pretend = 0, frame = 0
 256              		@ frame_needed = 0, uses_anonymous_args = 0
 257              		@ link register save eliminated.
 221:Core/Src/stm32f4xx_it.c ****   /* USER CODE BEGIN DMA2_Stream0_IRQn 0 */
 222:Core/Src/stm32f4xx_it.c **** 
 223:Core/Src/stm32f4xx_it.c ****   /* USER CODE END DMA2_Stream0_IRQn 0 */
 224:Core/Src/stm32f4xx_it.c ****   HAL_DMA_IRQHandler(&hdma_adc1);
 258              		.loc 1 224 3 view .LVU29
 259 0000 0148     		ldr	r0, .L20
 260 0002 FFF7FEBF 		b	HAL_DMA_IRQHandler
 261              	.LVL2:
 262              	.L21:
 263 0006 00BF     		.align	2
 264              	.L20:
 265 0008 00000000 		.word	hdma_adc1
 266              		.cfi_endproc
 267              	.LFE226:
 269              		.text
 270              	.Letext0:
 271              		.file 2 "C:/Users/Konrad/AppData/Roaming/Code/User/globalStorage/bmd.stm32-for-vscode/@xpack-dev-t
 272              		.file 3 "C:/Users/Konrad/AppData/Roaming/Code/User/globalStorage/bmd.stm32-for-vscode/@xpack-dev-t
 273              		.file 4 "Drivers/CMSIS/Device/ST/STM32F4xx/Include/stm32f411xe.h"
 274              		.file 5 "Drivers/STM32F4xx_HAL_Driver/Inc/stm32f4xx_hal_def.h"
 275              		.file 6 "Drivers/STM32F4xx_HAL_Driver/Inc/stm32f4xx_hal_dma.h"
 276              		.file 7 "Drivers/STM32F4xx_HAL_Driver/Inc/stm32f4xx_hal_tim.h"
 277              		.file 8 "Drivers/STM32F4xx_HAL_Driver/Inc/stm32f4xx_hal.h"
ARM GAS  C:\Users\Konrad\AppData\Local\Temp\ccYMxZoG.s 			page 10


DEFINED SYMBOLS
                            *ABS*:00000000 stm32f4xx_it.c
C:\Users\Konrad\AppData\Local\Temp\ccYMxZoG.s:19     .text.NMI_Handler:00000000 $t
C:\Users\Konrad\AppData\Local\Temp\ccYMxZoG.s:26     .text.NMI_Handler:00000000 NMI_Handler
C:\Users\Konrad\AppData\Local\Temp\ccYMxZoG.s:43     .text.HardFault_Handler:00000000 $t
C:\Users\Konrad\AppData\Local\Temp\ccYMxZoG.s:50     .text.HardFault_Handler:00000000 HardFault_Handler
C:\Users\Konrad\AppData\Local\Temp\ccYMxZoG.s:67     .text.MemManage_Handler:00000000 $t
C:\Users\Konrad\AppData\Local\Temp\ccYMxZoG.s:74     .text.MemManage_Handler:00000000 MemManage_Handler
C:\Users\Konrad\AppData\Local\Temp\ccYMxZoG.s:91     .text.BusFault_Handler:00000000 $t
C:\Users\Konrad\AppData\Local\Temp\ccYMxZoG.s:98     .text.BusFault_Handler:00000000 BusFault_Handler
C:\Users\Konrad\AppData\Local\Temp\ccYMxZoG.s:115    .text.UsageFault_Handler:00000000 $t
C:\Users\Konrad\AppData\Local\Temp\ccYMxZoG.s:122    .text.UsageFault_Handler:00000000 UsageFault_Handler
C:\Users\Konrad\AppData\Local\Temp\ccYMxZoG.s:139    .text.SVC_Handler:00000000 $t
C:\Users\Konrad\AppData\Local\Temp\ccYMxZoG.s:146    .text.SVC_Handler:00000000 SVC_Handler
C:\Users\Konrad\AppData\Local\Temp\ccYMxZoG.s:159    .text.DebugMon_Handler:00000000 $t
C:\Users\Konrad\AppData\Local\Temp\ccYMxZoG.s:166    .text.DebugMon_Handler:00000000 DebugMon_Handler
C:\Users\Konrad\AppData\Local\Temp\ccYMxZoG.s:178    .text.PendSV_Handler:00000000 $t
C:\Users\Konrad\AppData\Local\Temp\ccYMxZoG.s:185    .text.PendSV_Handler:00000000 PendSV_Handler
C:\Users\Konrad\AppData\Local\Temp\ccYMxZoG.s:197    .text.SysTick_Handler:00000000 $t
C:\Users\Konrad\AppData\Local\Temp\ccYMxZoG.s:204    .text.SysTick_Handler:00000000 SysTick_Handler
C:\Users\Konrad\AppData\Local\Temp\ccYMxZoG.s:218    .text.TIM4_IRQHandler:00000000 $t
C:\Users\Konrad\AppData\Local\Temp\ccYMxZoG.s:225    .text.TIM4_IRQHandler:00000000 TIM4_IRQHandler
C:\Users\Konrad\AppData\Local\Temp\ccYMxZoG.s:239    .text.TIM4_IRQHandler:00000008 $d
C:\Users\Konrad\AppData\Local\Temp\ccYMxZoG.s:244    .text.DMA2_Stream0_IRQHandler:00000000 $t
C:\Users\Konrad\AppData\Local\Temp\ccYMxZoG.s:251    .text.DMA2_Stream0_IRQHandler:00000000 DMA2_Stream0_IRQHandler
C:\Users\Konrad\AppData\Local\Temp\ccYMxZoG.s:265    .text.DMA2_Stream0_IRQHandler:00000008 $d

UNDEFINED SYMBOLS
HAL_IncTick
HAL_TIM_IRQHandler
htim4
HAL_DMA_IRQHandler
hdma_adc1
