ARM GAS  C:\Users\Konrad\AppData\Local\Temp\cckEvugS.s 			page 1


   1              		.cpu cortex-m4
   2              		.arch armv7e-m
   3              		.fpu fpv4-sp-d16
   4              		.eabi_attribute 27, 1
   5              		.eabi_attribute 28, 1
   6              		.eabi_attribute 23, 1
   7              		.eabi_attribute 24, 1
   8              		.eabi_attribute 25, 1
   9              		.eabi_attribute 26, 1
  10              		.eabi_attribute 30, 2
  11              		.eabi_attribute 34, 1
  12              		.eabi_attribute 18, 4
  13              		.file	"stm32f4xx_hal_pwr_ex.c"
  14              		.text
  15              	.Ltext0:
  16              		.cfi_sections	.debug_frame
  17              		.file 1 "Drivers/STM32F4xx_HAL_Driver/Src/stm32f4xx_hal_pwr_ex.c"
  18              		.section	.text.HAL_PWREx_EnableBkUpReg,"ax",%progbits
  19              		.align	1
  20              		.p2align 2,,3
  21              		.global	HAL_PWREx_EnableBkUpReg
  22              		.syntax unified
  23              		.thumb
  24              		.thumb_func
  26              	HAL_PWREx_EnableBkUpReg:
  27              	.LFB216:
   1:Drivers/STM32F4xx_HAL_Driver/Src/stm32f4xx_hal_pwr_ex.c **** /**
   2:Drivers/STM32F4xx_HAL_Driver/Src/stm32f4xx_hal_pwr_ex.c ****   ******************************************************************************
   3:Drivers/STM32F4xx_HAL_Driver/Src/stm32f4xx_hal_pwr_ex.c ****   * @file    stm32f4xx_hal_pwr_ex.c
   4:Drivers/STM32F4xx_HAL_Driver/Src/stm32f4xx_hal_pwr_ex.c ****   * @author  MCD Application Team
   5:Drivers/STM32F4xx_HAL_Driver/Src/stm32f4xx_hal_pwr_ex.c ****   * @brief   Extended PWR HAL module driver.
   6:Drivers/STM32F4xx_HAL_Driver/Src/stm32f4xx_hal_pwr_ex.c ****   *          This file provides firmware functions to manage the following 
   7:Drivers/STM32F4xx_HAL_Driver/Src/stm32f4xx_hal_pwr_ex.c ****   *          functionalities of PWR extension peripheral:           
   8:Drivers/STM32F4xx_HAL_Driver/Src/stm32f4xx_hal_pwr_ex.c ****   *           + Peripheral Extended features functions
   9:Drivers/STM32F4xx_HAL_Driver/Src/stm32f4xx_hal_pwr_ex.c ****   *         
  10:Drivers/STM32F4xx_HAL_Driver/Src/stm32f4xx_hal_pwr_ex.c ****   ******************************************************************************
  11:Drivers/STM32F4xx_HAL_Driver/Src/stm32f4xx_hal_pwr_ex.c ****   * @attention
  12:Drivers/STM32F4xx_HAL_Driver/Src/stm32f4xx_hal_pwr_ex.c ****   *
  13:Drivers/STM32F4xx_HAL_Driver/Src/stm32f4xx_hal_pwr_ex.c ****   * Copyright (c) 2017 STMicroelectronics.
  14:Drivers/STM32F4xx_HAL_Driver/Src/stm32f4xx_hal_pwr_ex.c ****   * All rights reserved.
  15:Drivers/STM32F4xx_HAL_Driver/Src/stm32f4xx_hal_pwr_ex.c ****   *
  16:Drivers/STM32F4xx_HAL_Driver/Src/stm32f4xx_hal_pwr_ex.c ****   * This software is licensed under terms that can be found in the LICENSE file in
  17:Drivers/STM32F4xx_HAL_Driver/Src/stm32f4xx_hal_pwr_ex.c ****   * the root directory of this software component.
  18:Drivers/STM32F4xx_HAL_Driver/Src/stm32f4xx_hal_pwr_ex.c ****   * If no LICENSE file comes with this software, it is provided AS-IS.
  19:Drivers/STM32F4xx_HAL_Driver/Src/stm32f4xx_hal_pwr_ex.c ****   ******************************************************************************
  20:Drivers/STM32F4xx_HAL_Driver/Src/stm32f4xx_hal_pwr_ex.c ****   */ 
  21:Drivers/STM32F4xx_HAL_Driver/Src/stm32f4xx_hal_pwr_ex.c **** 
  22:Drivers/STM32F4xx_HAL_Driver/Src/stm32f4xx_hal_pwr_ex.c **** /* Includes ------------------------------------------------------------------*/
  23:Drivers/STM32F4xx_HAL_Driver/Src/stm32f4xx_hal_pwr_ex.c **** #include "stm32f4xx_hal.h"
  24:Drivers/STM32F4xx_HAL_Driver/Src/stm32f4xx_hal_pwr_ex.c **** 
  25:Drivers/STM32F4xx_HAL_Driver/Src/stm32f4xx_hal_pwr_ex.c **** /** @addtogroup STM32F4xx_HAL_Driver
  26:Drivers/STM32F4xx_HAL_Driver/Src/stm32f4xx_hal_pwr_ex.c ****   * @{
  27:Drivers/STM32F4xx_HAL_Driver/Src/stm32f4xx_hal_pwr_ex.c ****   */
  28:Drivers/STM32F4xx_HAL_Driver/Src/stm32f4xx_hal_pwr_ex.c **** 
  29:Drivers/STM32F4xx_HAL_Driver/Src/stm32f4xx_hal_pwr_ex.c **** /** @defgroup PWREx PWREx
  30:Drivers/STM32F4xx_HAL_Driver/Src/stm32f4xx_hal_pwr_ex.c ****   * @brief PWR HAL module driver
  31:Drivers/STM32F4xx_HAL_Driver/Src/stm32f4xx_hal_pwr_ex.c ****   * @{
ARM GAS  C:\Users\Konrad\AppData\Local\Temp\cckEvugS.s 			page 2


  32:Drivers/STM32F4xx_HAL_Driver/Src/stm32f4xx_hal_pwr_ex.c ****   */
  33:Drivers/STM32F4xx_HAL_Driver/Src/stm32f4xx_hal_pwr_ex.c **** 
  34:Drivers/STM32F4xx_HAL_Driver/Src/stm32f4xx_hal_pwr_ex.c **** #ifdef HAL_PWR_MODULE_ENABLED
  35:Drivers/STM32F4xx_HAL_Driver/Src/stm32f4xx_hal_pwr_ex.c **** 
  36:Drivers/STM32F4xx_HAL_Driver/Src/stm32f4xx_hal_pwr_ex.c **** /* Private typedef -----------------------------------------------------------*/
  37:Drivers/STM32F4xx_HAL_Driver/Src/stm32f4xx_hal_pwr_ex.c **** /* Private define ------------------------------------------------------------*/
  38:Drivers/STM32F4xx_HAL_Driver/Src/stm32f4xx_hal_pwr_ex.c **** /** @addtogroup PWREx_Private_Constants
  39:Drivers/STM32F4xx_HAL_Driver/Src/stm32f4xx_hal_pwr_ex.c ****   * @{
  40:Drivers/STM32F4xx_HAL_Driver/Src/stm32f4xx_hal_pwr_ex.c ****   */    
  41:Drivers/STM32F4xx_HAL_Driver/Src/stm32f4xx_hal_pwr_ex.c **** #define PWR_OVERDRIVE_TIMEOUT_VALUE  1000U
  42:Drivers/STM32F4xx_HAL_Driver/Src/stm32f4xx_hal_pwr_ex.c **** #define PWR_UDERDRIVE_TIMEOUT_VALUE  1000U
  43:Drivers/STM32F4xx_HAL_Driver/Src/stm32f4xx_hal_pwr_ex.c **** #define PWR_BKPREG_TIMEOUT_VALUE     1000U
  44:Drivers/STM32F4xx_HAL_Driver/Src/stm32f4xx_hal_pwr_ex.c **** #define PWR_VOSRDY_TIMEOUT_VALUE     1000U
  45:Drivers/STM32F4xx_HAL_Driver/Src/stm32f4xx_hal_pwr_ex.c **** /**
  46:Drivers/STM32F4xx_HAL_Driver/Src/stm32f4xx_hal_pwr_ex.c ****   * @}
  47:Drivers/STM32F4xx_HAL_Driver/Src/stm32f4xx_hal_pwr_ex.c ****   */
  48:Drivers/STM32F4xx_HAL_Driver/Src/stm32f4xx_hal_pwr_ex.c **** 
  49:Drivers/STM32F4xx_HAL_Driver/Src/stm32f4xx_hal_pwr_ex.c ****    
  50:Drivers/STM32F4xx_HAL_Driver/Src/stm32f4xx_hal_pwr_ex.c **** /* Private macro -------------------------------------------------------------*/
  51:Drivers/STM32F4xx_HAL_Driver/Src/stm32f4xx_hal_pwr_ex.c **** /* Private variables ---------------------------------------------------------*/
  52:Drivers/STM32F4xx_HAL_Driver/Src/stm32f4xx_hal_pwr_ex.c **** /* Private function prototypes -----------------------------------------------*/
  53:Drivers/STM32F4xx_HAL_Driver/Src/stm32f4xx_hal_pwr_ex.c **** /* Private functions ---------------------------------------------------------*/
  54:Drivers/STM32F4xx_HAL_Driver/Src/stm32f4xx_hal_pwr_ex.c **** /** @defgroup PWREx_Exported_Functions PWREx Exported Functions
  55:Drivers/STM32F4xx_HAL_Driver/Src/stm32f4xx_hal_pwr_ex.c ****   *  @{
  56:Drivers/STM32F4xx_HAL_Driver/Src/stm32f4xx_hal_pwr_ex.c ****   */
  57:Drivers/STM32F4xx_HAL_Driver/Src/stm32f4xx_hal_pwr_ex.c **** 
  58:Drivers/STM32F4xx_HAL_Driver/Src/stm32f4xx_hal_pwr_ex.c **** /** @defgroup PWREx_Exported_Functions_Group1 Peripheral Extended features functions 
  59:Drivers/STM32F4xx_HAL_Driver/Src/stm32f4xx_hal_pwr_ex.c ****   *  @brief Peripheral Extended features functions 
  60:Drivers/STM32F4xx_HAL_Driver/Src/stm32f4xx_hal_pwr_ex.c ****   *
  61:Drivers/STM32F4xx_HAL_Driver/Src/stm32f4xx_hal_pwr_ex.c **** @verbatim   
  62:Drivers/STM32F4xx_HAL_Driver/Src/stm32f4xx_hal_pwr_ex.c **** 
  63:Drivers/STM32F4xx_HAL_Driver/Src/stm32f4xx_hal_pwr_ex.c ****  ===============================================================================
  64:Drivers/STM32F4xx_HAL_Driver/Src/stm32f4xx_hal_pwr_ex.c ****                  ##### Peripheral extended features functions #####
  65:Drivers/STM32F4xx_HAL_Driver/Src/stm32f4xx_hal_pwr_ex.c ****  ===============================================================================
  66:Drivers/STM32F4xx_HAL_Driver/Src/stm32f4xx_hal_pwr_ex.c **** 
  67:Drivers/STM32F4xx_HAL_Driver/Src/stm32f4xx_hal_pwr_ex.c ****     *** Main and Backup Regulators configuration ***
  68:Drivers/STM32F4xx_HAL_Driver/Src/stm32f4xx_hal_pwr_ex.c ****     ================================================
  69:Drivers/STM32F4xx_HAL_Driver/Src/stm32f4xx_hal_pwr_ex.c ****     [..] 
  70:Drivers/STM32F4xx_HAL_Driver/Src/stm32f4xx_hal_pwr_ex.c ****       (+) The backup domain includes 4 Kbytes of backup SRAM accessible only from 
  71:Drivers/STM32F4xx_HAL_Driver/Src/stm32f4xx_hal_pwr_ex.c ****           the CPU, and address in 32-bit, 16-bit or 8-bit mode. Its content is 
  72:Drivers/STM32F4xx_HAL_Driver/Src/stm32f4xx_hal_pwr_ex.c ****           retained even in Standby or VBAT mode when the low power backup regulator
  73:Drivers/STM32F4xx_HAL_Driver/Src/stm32f4xx_hal_pwr_ex.c ****           is enabled. It can be considered as an internal EEPROM when VBAT is 
  74:Drivers/STM32F4xx_HAL_Driver/Src/stm32f4xx_hal_pwr_ex.c ****           always present. You can use the HAL_PWREx_EnableBkUpReg() function to 
  75:Drivers/STM32F4xx_HAL_Driver/Src/stm32f4xx_hal_pwr_ex.c ****           enable the low power backup regulator. 
  76:Drivers/STM32F4xx_HAL_Driver/Src/stm32f4xx_hal_pwr_ex.c **** 
  77:Drivers/STM32F4xx_HAL_Driver/Src/stm32f4xx_hal_pwr_ex.c ****       (+) When the backup domain is supplied by VDD (analog switch connected to VDD) 
  78:Drivers/STM32F4xx_HAL_Driver/Src/stm32f4xx_hal_pwr_ex.c ****           the backup SRAM is powered from VDD which replaces the VBAT power supply to 
  79:Drivers/STM32F4xx_HAL_Driver/Src/stm32f4xx_hal_pwr_ex.c ****           save battery life.
  80:Drivers/STM32F4xx_HAL_Driver/Src/stm32f4xx_hal_pwr_ex.c **** 
  81:Drivers/STM32F4xx_HAL_Driver/Src/stm32f4xx_hal_pwr_ex.c ****       (+) The backup SRAM is not mass erased by a tamper event. It is read 
  82:Drivers/STM32F4xx_HAL_Driver/Src/stm32f4xx_hal_pwr_ex.c ****           protected to prevent confidential data, such as cryptographic private 
  83:Drivers/STM32F4xx_HAL_Driver/Src/stm32f4xx_hal_pwr_ex.c ****           key, from being accessed. The backup SRAM can be erased only through 
  84:Drivers/STM32F4xx_HAL_Driver/Src/stm32f4xx_hal_pwr_ex.c ****           the Flash interface when a protection level change from level 1 to 
  85:Drivers/STM32F4xx_HAL_Driver/Src/stm32f4xx_hal_pwr_ex.c ****           level 0 is requested. 
  86:Drivers/STM32F4xx_HAL_Driver/Src/stm32f4xx_hal_pwr_ex.c ****       -@- Refer to the description of Read protection (RDP) in the Flash 
  87:Drivers/STM32F4xx_HAL_Driver/Src/stm32f4xx_hal_pwr_ex.c ****           programming manual.
  88:Drivers/STM32F4xx_HAL_Driver/Src/stm32f4xx_hal_pwr_ex.c **** 
ARM GAS  C:\Users\Konrad\AppData\Local\Temp\cckEvugS.s 			page 3


  89:Drivers/STM32F4xx_HAL_Driver/Src/stm32f4xx_hal_pwr_ex.c ****       (+) The main internal regulator can be configured to have a tradeoff between 
  90:Drivers/STM32F4xx_HAL_Driver/Src/stm32f4xx_hal_pwr_ex.c ****           performance and power consumption when the device does not operate at 
  91:Drivers/STM32F4xx_HAL_Driver/Src/stm32f4xx_hal_pwr_ex.c ****           the maximum frequency. This is done through __HAL_PWR_MAINREGULATORMODE_CONFIG() 
  92:Drivers/STM32F4xx_HAL_Driver/Src/stm32f4xx_hal_pwr_ex.c ****           macro which configure VOS bit in PWR_CR register
  93:Drivers/STM32F4xx_HAL_Driver/Src/stm32f4xx_hal_pwr_ex.c ****           
  94:Drivers/STM32F4xx_HAL_Driver/Src/stm32f4xx_hal_pwr_ex.c ****         Refer to the product datasheets for more details.
  95:Drivers/STM32F4xx_HAL_Driver/Src/stm32f4xx_hal_pwr_ex.c **** 
  96:Drivers/STM32F4xx_HAL_Driver/Src/stm32f4xx_hal_pwr_ex.c ****     *** FLASH Power Down configuration ****
  97:Drivers/STM32F4xx_HAL_Driver/Src/stm32f4xx_hal_pwr_ex.c ****     =======================================
  98:Drivers/STM32F4xx_HAL_Driver/Src/stm32f4xx_hal_pwr_ex.c ****     [..] 
  99:Drivers/STM32F4xx_HAL_Driver/Src/stm32f4xx_hal_pwr_ex.c ****       (+) By setting the FPDS bit in the PWR_CR register by using the 
 100:Drivers/STM32F4xx_HAL_Driver/Src/stm32f4xx_hal_pwr_ex.c ****           HAL_PWREx_EnableFlashPowerDown() function, the Flash memory also enters power 
 101:Drivers/STM32F4xx_HAL_Driver/Src/stm32f4xx_hal_pwr_ex.c ****           down mode when the device enters Stop mode. When the Flash memory 
 102:Drivers/STM32F4xx_HAL_Driver/Src/stm32f4xx_hal_pwr_ex.c ****           is in power down mode, an additional startup delay is incurred when 
 103:Drivers/STM32F4xx_HAL_Driver/Src/stm32f4xx_hal_pwr_ex.c ****           waking up from Stop mode.
 104:Drivers/STM32F4xx_HAL_Driver/Src/stm32f4xx_hal_pwr_ex.c ****           
 105:Drivers/STM32F4xx_HAL_Driver/Src/stm32f4xx_hal_pwr_ex.c ****            (+) For STM32F42xxx/43xxx/446xx/469xx/479xx Devices, the scale can be modified only when
 106:Drivers/STM32F4xx_HAL_Driver/Src/stm32f4xx_hal_pwr_ex.c ****            is OFF and the HSI or HSE clock source is selected as system clock. 
 107:Drivers/STM32F4xx_HAL_Driver/Src/stm32f4xx_hal_pwr_ex.c ****            The new value programmed is active only when the PLL is ON.
 108:Drivers/STM32F4xx_HAL_Driver/Src/stm32f4xx_hal_pwr_ex.c ****            When the PLL is OFF, the voltage scale 3 is automatically selected. 
 109:Drivers/STM32F4xx_HAL_Driver/Src/stm32f4xx_hal_pwr_ex.c ****         Refer to the datasheets for more details.
 110:Drivers/STM32F4xx_HAL_Driver/Src/stm32f4xx_hal_pwr_ex.c **** 
 111:Drivers/STM32F4xx_HAL_Driver/Src/stm32f4xx_hal_pwr_ex.c ****     *** Over-Drive and Under-Drive configuration ****
 112:Drivers/STM32F4xx_HAL_Driver/Src/stm32f4xx_hal_pwr_ex.c ****     =================================================
 113:Drivers/STM32F4xx_HAL_Driver/Src/stm32f4xx_hal_pwr_ex.c ****     [..]         
 114:Drivers/STM32F4xx_HAL_Driver/Src/stm32f4xx_hal_pwr_ex.c ****        (+) For STM32F42xxx/43xxx/446xx/469xx/479xx Devices, in Run mode: the main regulator has
 115:Drivers/STM32F4xx_HAL_Driver/Src/stm32f4xx_hal_pwr_ex.c ****            2 operating modes available:
 116:Drivers/STM32F4xx_HAL_Driver/Src/stm32f4xx_hal_pwr_ex.c ****         (++) Normal mode: The CPU and core logic operate at maximum frequency at a given 
 117:Drivers/STM32F4xx_HAL_Driver/Src/stm32f4xx_hal_pwr_ex.c ****              voltage scaling (scale 1, scale 2 or scale 3)
 118:Drivers/STM32F4xx_HAL_Driver/Src/stm32f4xx_hal_pwr_ex.c ****         (++) Over-drive mode: This mode allows the CPU and the core logic to operate at a 
 119:Drivers/STM32F4xx_HAL_Driver/Src/stm32f4xx_hal_pwr_ex.c ****             higher frequency than the normal mode for a given voltage scaling (scale 1,  
 120:Drivers/STM32F4xx_HAL_Driver/Src/stm32f4xx_hal_pwr_ex.c ****             scale 2 or scale 3). This mode is enabled through HAL_PWREx_EnableOverDrive() function 
 121:Drivers/STM32F4xx_HAL_Driver/Src/stm32f4xx_hal_pwr_ex.c ****             disabled by HAL_PWREx_DisableOverDrive() function, to enter or exit from Over-drive mod
 122:Drivers/STM32F4xx_HAL_Driver/Src/stm32f4xx_hal_pwr_ex.c ****             the sequence described in Reference manual.
 123:Drivers/STM32F4xx_HAL_Driver/Src/stm32f4xx_hal_pwr_ex.c ****              
 124:Drivers/STM32F4xx_HAL_Driver/Src/stm32f4xx_hal_pwr_ex.c ****        (+) For STM32F42xxx/43xxx/446xx/469xx/479xx Devices, in Stop mode: the main regulator or low
 125:Drivers/STM32F4xx_HAL_Driver/Src/stm32f4xx_hal_pwr_ex.c ****            supplies a low power voltage to the 1.2V domain, thus preserving the content of register
 126:Drivers/STM32F4xx_HAL_Driver/Src/stm32f4xx_hal_pwr_ex.c ****            and internal SRAM. 2 operating modes are available:
 127:Drivers/STM32F4xx_HAL_Driver/Src/stm32f4xx_hal_pwr_ex.c ****          (++) Normal mode: the 1.2V domain is preserved in nominal leakage mode. This mode is only 
 128:Drivers/STM32F4xx_HAL_Driver/Src/stm32f4xx_hal_pwr_ex.c ****               available when the main regulator or the low power regulator is used in Scale 3 or 
 129:Drivers/STM32F4xx_HAL_Driver/Src/stm32f4xx_hal_pwr_ex.c ****               low voltage mode.
 130:Drivers/STM32F4xx_HAL_Driver/Src/stm32f4xx_hal_pwr_ex.c ****          (++) Under-drive mode: the 1.2V domain is preserved in reduced leakage mode. This mode is 
 131:Drivers/STM32F4xx_HAL_Driver/Src/stm32f4xx_hal_pwr_ex.c ****               available when the main regulator or the low power regulator is in low voltage mode.
 132:Drivers/STM32F4xx_HAL_Driver/Src/stm32f4xx_hal_pwr_ex.c **** 
 133:Drivers/STM32F4xx_HAL_Driver/Src/stm32f4xx_hal_pwr_ex.c **** @endverbatim
 134:Drivers/STM32F4xx_HAL_Driver/Src/stm32f4xx_hal_pwr_ex.c ****   * @{
 135:Drivers/STM32F4xx_HAL_Driver/Src/stm32f4xx_hal_pwr_ex.c ****   */
 136:Drivers/STM32F4xx_HAL_Driver/Src/stm32f4xx_hal_pwr_ex.c **** 
 137:Drivers/STM32F4xx_HAL_Driver/Src/stm32f4xx_hal_pwr_ex.c **** /**
 138:Drivers/STM32F4xx_HAL_Driver/Src/stm32f4xx_hal_pwr_ex.c ****   * @brief Enables the Backup Regulator.
 139:Drivers/STM32F4xx_HAL_Driver/Src/stm32f4xx_hal_pwr_ex.c ****   * @retval HAL status
 140:Drivers/STM32F4xx_HAL_Driver/Src/stm32f4xx_hal_pwr_ex.c ****   */
 141:Drivers/STM32F4xx_HAL_Driver/Src/stm32f4xx_hal_pwr_ex.c **** HAL_StatusTypeDef HAL_PWREx_EnableBkUpReg(void)
 142:Drivers/STM32F4xx_HAL_Driver/Src/stm32f4xx_hal_pwr_ex.c **** {
  28              		.loc 1 142 1 view -0
  29              		.cfi_startproc
  30              		@ args = 0, pretend = 0, frame = 0
ARM GAS  C:\Users\Konrad\AppData\Local\Temp\cckEvugS.s 			page 4


  31              		@ frame_needed = 0, uses_anonymous_args = 0
 143:Drivers/STM32F4xx_HAL_Driver/Src/stm32f4xx_hal_pwr_ex.c ****   uint32_t tickstart = 0U;
  32              		.loc 1 143 3 view .LVU1
  33              	.LVL0:
 144:Drivers/STM32F4xx_HAL_Driver/Src/stm32f4xx_hal_pwr_ex.c **** 
 145:Drivers/STM32F4xx_HAL_Driver/Src/stm32f4xx_hal_pwr_ex.c ****   *(__IO uint32_t *) CSR_BRE_BB = (uint32_t)ENABLE;
  34              		.loc 1 145 3 view .LVU2
 142:Drivers/STM32F4xx_HAL_Driver/Src/stm32f4xx_hal_pwr_ex.c ****   uint32_t tickstart = 0U;
  35              		.loc 1 142 1 is_stmt 0 view .LVU3
  36 0000 38B5     		push	{r3, r4, r5, lr}
  37              		.cfi_def_cfa_offset 16
  38              		.cfi_offset 3, -16
  39              		.cfi_offset 4, -12
  40              		.cfi_offset 5, -8
  41              		.cfi_offset 14, -4
  42              		.loc 1 145 33 view .LVU4
  43 0002 0B4B     		ldr	r3, .L8
 146:Drivers/STM32F4xx_HAL_Driver/Src/stm32f4xx_hal_pwr_ex.c **** 
 147:Drivers/STM32F4xx_HAL_Driver/Src/stm32f4xx_hal_pwr_ex.c ****   /* Get tick */
 148:Drivers/STM32F4xx_HAL_Driver/Src/stm32f4xx_hal_pwr_ex.c ****   tickstart = HAL_GetTick();
 149:Drivers/STM32F4xx_HAL_Driver/Src/stm32f4xx_hal_pwr_ex.c **** 
 150:Drivers/STM32F4xx_HAL_Driver/Src/stm32f4xx_hal_pwr_ex.c ****   /* Wait till Backup regulator ready flag is set */  
 151:Drivers/STM32F4xx_HAL_Driver/Src/stm32f4xx_hal_pwr_ex.c ****   while(__HAL_PWR_GET_FLAG(PWR_FLAG_BRR) == RESET)
  44              		.loc 1 151 9 view .LVU5
  45 0004 0B4D     		ldr	r5, .L8+4
 145:Drivers/STM32F4xx_HAL_Driver/Src/stm32f4xx_hal_pwr_ex.c **** 
  46              		.loc 1 145 33 view .LVU6
  47 0006 0122     		movs	r2, #1
  48 0008 C3F8A420 		str	r2, [r3, #164]
 148:Drivers/STM32F4xx_HAL_Driver/Src/stm32f4xx_hal_pwr_ex.c **** 
  49              		.loc 1 148 3 is_stmt 1 view .LVU7
 148:Drivers/STM32F4xx_HAL_Driver/Src/stm32f4xx_hal_pwr_ex.c **** 
  50              		.loc 1 148 15 is_stmt 0 view .LVU8
  51 000c FFF7FEFF 		bl	HAL_GetTick
  52              	.LVL1:
  53 0010 0446     		mov	r4, r0
  54              	.LVL2:
  55              		.loc 1 151 3 is_stmt 1 view .LVU9
  56              		.loc 1 151 8 is_stmt 0 view .LVU10
  57 0012 05E0     		b	.L2
  58              	.LVL3:
  59              	.L4:
 152:Drivers/STM32F4xx_HAL_Driver/Src/stm32f4xx_hal_pwr_ex.c ****   {
 153:Drivers/STM32F4xx_HAL_Driver/Src/stm32f4xx_hal_pwr_ex.c ****     if((HAL_GetTick() - tickstart ) > PWR_BKPREG_TIMEOUT_VALUE)
  60              		.loc 1 153 9 view .LVU11
  61 0014 FFF7FEFF 		bl	HAL_GetTick
  62              	.LVL4:
  63              		.loc 1 153 23 discriminator 1 view .LVU12
  64 0018 001B     		subs	r0, r0, r4
  65              		.loc 1 153 7 discriminator 1 view .LVU13
  66 001a B0F57A7F 		cmp	r0, #1000
  67 001e 04D8     		bhi	.L5
  68              	.L2:
  69              		.loc 1 153 5 is_stmt 1 view .LVU14
 151:Drivers/STM32F4xx_HAL_Driver/Src/stm32f4xx_hal_pwr_ex.c ****   {
  70              		.loc 1 151 42 view .LVU15
 151:Drivers/STM32F4xx_HAL_Driver/Src/stm32f4xx_hal_pwr_ex.c ****   {
ARM GAS  C:\Users\Konrad\AppData\Local\Temp\cckEvugS.s 			page 5


  71              		.loc 1 151 9 is_stmt 0 view .LVU16
  72 0020 6B68     		ldr	r3, [r5, #4]
 151:Drivers/STM32F4xx_HAL_Driver/Src/stm32f4xx_hal_pwr_ex.c ****   {
  73              		.loc 1 151 42 view .LVU17
  74 0022 1B07     		lsls	r3, r3, #28
  75 0024 F6D5     		bpl	.L4
 154:Drivers/STM32F4xx_HAL_Driver/Src/stm32f4xx_hal_pwr_ex.c ****     {
 155:Drivers/STM32F4xx_HAL_Driver/Src/stm32f4xx_hal_pwr_ex.c ****       return HAL_TIMEOUT;
 156:Drivers/STM32F4xx_HAL_Driver/Src/stm32f4xx_hal_pwr_ex.c ****     } 
 157:Drivers/STM32F4xx_HAL_Driver/Src/stm32f4xx_hal_pwr_ex.c ****   }
 158:Drivers/STM32F4xx_HAL_Driver/Src/stm32f4xx_hal_pwr_ex.c ****   return HAL_OK;
  76              		.loc 1 158 10 view .LVU18
  77 0026 0020     		movs	r0, #0
 159:Drivers/STM32F4xx_HAL_Driver/Src/stm32f4xx_hal_pwr_ex.c **** }
  78              		.loc 1 159 1 view .LVU19
  79 0028 38BD     		pop	{r3, r4, r5, pc}
  80              	.LVL5:
  81              	.L5:
 155:Drivers/STM32F4xx_HAL_Driver/Src/stm32f4xx_hal_pwr_ex.c ****     } 
  82              		.loc 1 155 14 view .LVU20
  83 002a 0320     		movs	r0, #3
  84              		.loc 1 159 1 view .LVU21
  85 002c 38BD     		pop	{r3, r4, r5, pc}
  86              	.LVL6:
  87              	.L9:
  88              		.loc 1 159 1 view .LVU22
  89 002e 00BF     		.align	2
  90              	.L8:
  91 0030 00000E42 		.word	1108213760
  92 0034 00700040 		.word	1073770496
  93              		.cfi_endproc
  94              	.LFE216:
  96              		.section	.text.HAL_PWREx_DisableBkUpReg,"ax",%progbits
  97              		.align	1
  98              		.p2align 2,,3
  99              		.global	HAL_PWREx_DisableBkUpReg
 100              		.syntax unified
 101              		.thumb
 102              		.thumb_func
 104              	HAL_PWREx_DisableBkUpReg:
 105              	.LFB217:
 160:Drivers/STM32F4xx_HAL_Driver/Src/stm32f4xx_hal_pwr_ex.c **** 
 161:Drivers/STM32F4xx_HAL_Driver/Src/stm32f4xx_hal_pwr_ex.c **** /**
 162:Drivers/STM32F4xx_HAL_Driver/Src/stm32f4xx_hal_pwr_ex.c ****   * @brief Disables the Backup Regulator.
 163:Drivers/STM32F4xx_HAL_Driver/Src/stm32f4xx_hal_pwr_ex.c ****   * @retval HAL status
 164:Drivers/STM32F4xx_HAL_Driver/Src/stm32f4xx_hal_pwr_ex.c ****   */
 165:Drivers/STM32F4xx_HAL_Driver/Src/stm32f4xx_hal_pwr_ex.c **** HAL_StatusTypeDef HAL_PWREx_DisableBkUpReg(void)
 166:Drivers/STM32F4xx_HAL_Driver/Src/stm32f4xx_hal_pwr_ex.c **** {
 106              		.loc 1 166 1 is_stmt 1 view -0
 107              		.cfi_startproc
 108              		@ args = 0, pretend = 0, frame = 0
 109              		@ frame_needed = 0, uses_anonymous_args = 0
 167:Drivers/STM32F4xx_HAL_Driver/Src/stm32f4xx_hal_pwr_ex.c ****   uint32_t tickstart = 0U;
 110              		.loc 1 167 3 view .LVU24
 111              	.LVL7:
 168:Drivers/STM32F4xx_HAL_Driver/Src/stm32f4xx_hal_pwr_ex.c **** 
 169:Drivers/STM32F4xx_HAL_Driver/Src/stm32f4xx_hal_pwr_ex.c ****   *(__IO uint32_t *) CSR_BRE_BB = (uint32_t)DISABLE;
ARM GAS  C:\Users\Konrad\AppData\Local\Temp\cckEvugS.s 			page 6


 112              		.loc 1 169 3 view .LVU25
 166:Drivers/STM32F4xx_HAL_Driver/Src/stm32f4xx_hal_pwr_ex.c ****   uint32_t tickstart = 0U;
 113              		.loc 1 166 1 is_stmt 0 view .LVU26
 114 0000 38B5     		push	{r3, r4, r5, lr}
 115              		.cfi_def_cfa_offset 16
 116              		.cfi_offset 3, -16
 117              		.cfi_offset 4, -12
 118              		.cfi_offset 5, -8
 119              		.cfi_offset 14, -4
 120              		.loc 1 169 33 view .LVU27
 121 0002 0B4B     		ldr	r3, .L16
 170:Drivers/STM32F4xx_HAL_Driver/Src/stm32f4xx_hal_pwr_ex.c **** 
 171:Drivers/STM32F4xx_HAL_Driver/Src/stm32f4xx_hal_pwr_ex.c ****   /* Get tick */
 172:Drivers/STM32F4xx_HAL_Driver/Src/stm32f4xx_hal_pwr_ex.c ****   tickstart = HAL_GetTick();
 173:Drivers/STM32F4xx_HAL_Driver/Src/stm32f4xx_hal_pwr_ex.c **** 
 174:Drivers/STM32F4xx_HAL_Driver/Src/stm32f4xx_hal_pwr_ex.c ****   /* Wait till Backup regulator ready flag is set */  
 175:Drivers/STM32F4xx_HAL_Driver/Src/stm32f4xx_hal_pwr_ex.c ****   while(__HAL_PWR_GET_FLAG(PWR_FLAG_BRR) != RESET)
 122              		.loc 1 175 9 view .LVU28
 123 0004 0B4D     		ldr	r5, .L16+4
 169:Drivers/STM32F4xx_HAL_Driver/Src/stm32f4xx_hal_pwr_ex.c **** 
 124              		.loc 1 169 33 view .LVU29
 125 0006 0022     		movs	r2, #0
 126 0008 C3F8A420 		str	r2, [r3, #164]
 172:Drivers/STM32F4xx_HAL_Driver/Src/stm32f4xx_hal_pwr_ex.c **** 
 127              		.loc 1 172 3 is_stmt 1 view .LVU30
 172:Drivers/STM32F4xx_HAL_Driver/Src/stm32f4xx_hal_pwr_ex.c **** 
 128              		.loc 1 172 15 is_stmt 0 view .LVU31
 129 000c FFF7FEFF 		bl	HAL_GetTick
 130              	.LVL8:
 131 0010 0446     		mov	r4, r0
 132              	.LVL9:
 133              		.loc 1 175 3 is_stmt 1 view .LVU32
 134              		.loc 1 175 8 is_stmt 0 view .LVU33
 135 0012 05E0     		b	.L11
 136              	.LVL10:
 137              	.L13:
 176:Drivers/STM32F4xx_HAL_Driver/Src/stm32f4xx_hal_pwr_ex.c ****   {
 177:Drivers/STM32F4xx_HAL_Driver/Src/stm32f4xx_hal_pwr_ex.c ****     if((HAL_GetTick() - tickstart ) > PWR_BKPREG_TIMEOUT_VALUE)
 138              		.loc 1 177 9 view .LVU34
 139 0014 FFF7FEFF 		bl	HAL_GetTick
 140              	.LVL11:
 141              		.loc 1 177 23 discriminator 1 view .LVU35
 142 0018 001B     		subs	r0, r0, r4
 143              		.loc 1 177 7 discriminator 1 view .LVU36
 144 001a B0F57A7F 		cmp	r0, #1000
 145 001e 05D8     		bhi	.L14
 146              	.L11:
 147              		.loc 1 177 5 is_stmt 1 view .LVU37
 175:Drivers/STM32F4xx_HAL_Driver/Src/stm32f4xx_hal_pwr_ex.c ****   {
 148              		.loc 1 175 42 view .LVU38
 175:Drivers/STM32F4xx_HAL_Driver/Src/stm32f4xx_hal_pwr_ex.c ****   {
 149              		.loc 1 175 9 is_stmt 0 view .LVU39
 150 0020 6B68     		ldr	r3, [r5, #4]
 175:Drivers/STM32F4xx_HAL_Driver/Src/stm32f4xx_hal_pwr_ex.c ****   {
 151              		.loc 1 175 42 view .LVU40
 152 0022 13F00803 		ands	r3, r3, #8
 153 0026 F5D1     		bne	.L13
ARM GAS  C:\Users\Konrad\AppData\Local\Temp\cckEvugS.s 			page 7


 178:Drivers/STM32F4xx_HAL_Driver/Src/stm32f4xx_hal_pwr_ex.c ****     {
 179:Drivers/STM32F4xx_HAL_Driver/Src/stm32f4xx_hal_pwr_ex.c ****       return HAL_TIMEOUT;
 180:Drivers/STM32F4xx_HAL_Driver/Src/stm32f4xx_hal_pwr_ex.c ****     } 
 181:Drivers/STM32F4xx_HAL_Driver/Src/stm32f4xx_hal_pwr_ex.c ****   }
 182:Drivers/STM32F4xx_HAL_Driver/Src/stm32f4xx_hal_pwr_ex.c ****   return HAL_OK;
 154              		.loc 1 182 10 view .LVU41
 155 0028 1846     		mov	r0, r3
 183:Drivers/STM32F4xx_HAL_Driver/Src/stm32f4xx_hal_pwr_ex.c **** }
 156              		.loc 1 183 1 view .LVU42
 157 002a 38BD     		pop	{r3, r4, r5, pc}
 158              	.LVL12:
 159              	.L14:
 179:Drivers/STM32F4xx_HAL_Driver/Src/stm32f4xx_hal_pwr_ex.c ****     } 
 160              		.loc 1 179 14 view .LVU43
 161 002c 0320     		movs	r0, #3
 162              		.loc 1 183 1 view .LVU44
 163 002e 38BD     		pop	{r3, r4, r5, pc}
 164              	.LVL13:
 165              	.L17:
 166              		.loc 1 183 1 view .LVU45
 167              		.align	2
 168              	.L16:
 169 0030 00000E42 		.word	1108213760
 170 0034 00700040 		.word	1073770496
 171              		.cfi_endproc
 172              	.LFE217:
 174              		.section	.text.HAL_PWREx_EnableFlashPowerDown,"ax",%progbits
 175              		.align	1
 176              		.p2align 2,,3
 177              		.global	HAL_PWREx_EnableFlashPowerDown
 178              		.syntax unified
 179              		.thumb
 180              		.thumb_func
 182              	HAL_PWREx_EnableFlashPowerDown:
 183              	.LFB218:
 184:Drivers/STM32F4xx_HAL_Driver/Src/stm32f4xx_hal_pwr_ex.c **** 
 185:Drivers/STM32F4xx_HAL_Driver/Src/stm32f4xx_hal_pwr_ex.c **** /**
 186:Drivers/STM32F4xx_HAL_Driver/Src/stm32f4xx_hal_pwr_ex.c ****   * @brief Enables the Flash Power Down in Stop mode.
 187:Drivers/STM32F4xx_HAL_Driver/Src/stm32f4xx_hal_pwr_ex.c ****   * @retval None
 188:Drivers/STM32F4xx_HAL_Driver/Src/stm32f4xx_hal_pwr_ex.c ****   */
 189:Drivers/STM32F4xx_HAL_Driver/Src/stm32f4xx_hal_pwr_ex.c **** void HAL_PWREx_EnableFlashPowerDown(void)
 190:Drivers/STM32F4xx_HAL_Driver/Src/stm32f4xx_hal_pwr_ex.c **** {
 184              		.loc 1 190 1 is_stmt 1 view -0
 185              		.cfi_startproc
 186              		@ args = 0, pretend = 0, frame = 0
 187              		@ frame_needed = 0, uses_anonymous_args = 0
 188              		@ link register save eliminated.
 191:Drivers/STM32F4xx_HAL_Driver/Src/stm32f4xx_hal_pwr_ex.c ****   *(__IO uint32_t *) CR_FPDS_BB = (uint32_t)ENABLE;
 189              		.loc 1 191 3 view .LVU47
 190              		.loc 1 191 33 is_stmt 0 view .LVU48
 191 0000 014B     		ldr	r3, .L19
 192 0002 0122     		movs	r2, #1
 193 0004 5A62     		str	r2, [r3, #36]
 192:Drivers/STM32F4xx_HAL_Driver/Src/stm32f4xx_hal_pwr_ex.c **** }
 194              		.loc 1 192 1 view .LVU49
 195 0006 7047     		bx	lr
 196              	.L20:
ARM GAS  C:\Users\Konrad\AppData\Local\Temp\cckEvugS.s 			page 8


 197              		.align	2
 198              	.L19:
 199 0008 00000E42 		.word	1108213760
 200              		.cfi_endproc
 201              	.LFE218:
 203              		.section	.text.HAL_PWREx_DisableFlashPowerDown,"ax",%progbits
 204              		.align	1
 205              		.p2align 2,,3
 206              		.global	HAL_PWREx_DisableFlashPowerDown
 207              		.syntax unified
 208              		.thumb
 209              		.thumb_func
 211              	HAL_PWREx_DisableFlashPowerDown:
 212              	.LFB219:
 193:Drivers/STM32F4xx_HAL_Driver/Src/stm32f4xx_hal_pwr_ex.c **** 
 194:Drivers/STM32F4xx_HAL_Driver/Src/stm32f4xx_hal_pwr_ex.c **** /**
 195:Drivers/STM32F4xx_HAL_Driver/Src/stm32f4xx_hal_pwr_ex.c ****   * @brief Disables the Flash Power Down in Stop mode.
 196:Drivers/STM32F4xx_HAL_Driver/Src/stm32f4xx_hal_pwr_ex.c ****   * @retval None
 197:Drivers/STM32F4xx_HAL_Driver/Src/stm32f4xx_hal_pwr_ex.c ****   */
 198:Drivers/STM32F4xx_HAL_Driver/Src/stm32f4xx_hal_pwr_ex.c **** void HAL_PWREx_DisableFlashPowerDown(void)
 199:Drivers/STM32F4xx_HAL_Driver/Src/stm32f4xx_hal_pwr_ex.c **** {
 213              		.loc 1 199 1 is_stmt 1 view -0
 214              		.cfi_startproc
 215              		@ args = 0, pretend = 0, frame = 0
 216              		@ frame_needed = 0, uses_anonymous_args = 0
 217              		@ link register save eliminated.
 200:Drivers/STM32F4xx_HAL_Driver/Src/stm32f4xx_hal_pwr_ex.c ****   *(__IO uint32_t *) CR_FPDS_BB = (uint32_t)DISABLE;
 218              		.loc 1 200 3 view .LVU51
 219              		.loc 1 200 33 is_stmt 0 view .LVU52
 220 0000 014B     		ldr	r3, .L22
 221 0002 0022     		movs	r2, #0
 222 0004 5A62     		str	r2, [r3, #36]
 201:Drivers/STM32F4xx_HAL_Driver/Src/stm32f4xx_hal_pwr_ex.c **** }
 223              		.loc 1 201 1 view .LVU53
 224 0006 7047     		bx	lr
 225              	.L23:
 226              		.align	2
 227              	.L22:
 228 0008 00000E42 		.word	1108213760
 229              		.cfi_endproc
 230              	.LFE219:
 232              		.section	.text.HAL_PWREx_GetVoltageRange,"ax",%progbits
 233              		.align	1
 234              		.p2align 2,,3
 235              		.global	HAL_PWREx_GetVoltageRange
 236              		.syntax unified
 237              		.thumb
 238              		.thumb_func
 240              	HAL_PWREx_GetVoltageRange:
 241              	.LFB220:
 202:Drivers/STM32F4xx_HAL_Driver/Src/stm32f4xx_hal_pwr_ex.c **** 
 203:Drivers/STM32F4xx_HAL_Driver/Src/stm32f4xx_hal_pwr_ex.c **** /**
 204:Drivers/STM32F4xx_HAL_Driver/Src/stm32f4xx_hal_pwr_ex.c ****   * @brief Return Voltage Scaling Range.
 205:Drivers/STM32F4xx_HAL_Driver/Src/stm32f4xx_hal_pwr_ex.c ****   * @retval The configured scale for the regulator voltage(VOS bit field).
 206:Drivers/STM32F4xx_HAL_Driver/Src/stm32f4xx_hal_pwr_ex.c ****   *         The returned value can be one of the following:
 207:Drivers/STM32F4xx_HAL_Driver/Src/stm32f4xx_hal_pwr_ex.c ****   *            - @arg PWR_REGULATOR_VOLTAGE_SCALE1: Regulator voltage output Scale 1 mode
 208:Drivers/STM32F4xx_HAL_Driver/Src/stm32f4xx_hal_pwr_ex.c ****   *            - @arg PWR_REGULATOR_VOLTAGE_SCALE2: Regulator voltage output Scale 2 mode
ARM GAS  C:\Users\Konrad\AppData\Local\Temp\cckEvugS.s 			page 9


 209:Drivers/STM32F4xx_HAL_Driver/Src/stm32f4xx_hal_pwr_ex.c ****   *            - @arg PWR_REGULATOR_VOLTAGE_SCALE3: Regulator voltage output Scale 3 mode
 210:Drivers/STM32F4xx_HAL_Driver/Src/stm32f4xx_hal_pwr_ex.c ****   */  
 211:Drivers/STM32F4xx_HAL_Driver/Src/stm32f4xx_hal_pwr_ex.c **** uint32_t HAL_PWREx_GetVoltageRange(void)
 212:Drivers/STM32F4xx_HAL_Driver/Src/stm32f4xx_hal_pwr_ex.c **** {
 242              		.loc 1 212 1 is_stmt 1 view -0
 243              		.cfi_startproc
 244              		@ args = 0, pretend = 0, frame = 0
 245              		@ frame_needed = 0, uses_anonymous_args = 0
 246              		@ link register save eliminated.
 213:Drivers/STM32F4xx_HAL_Driver/Src/stm32f4xx_hal_pwr_ex.c ****   return (PWR->CR & PWR_CR_VOS);
 247              		.loc 1 213 3 view .LVU55
 248              		.loc 1 213 14 is_stmt 0 view .LVU56
 249 0000 024B     		ldr	r3, .L25
 250 0002 1868     		ldr	r0, [r3]
 214:Drivers/STM32F4xx_HAL_Driver/Src/stm32f4xx_hal_pwr_ex.c **** }
 251              		.loc 1 214 1 view .LVU57
 252 0004 00F44040 		and	r0, r0, #49152
 253 0008 7047     		bx	lr
 254              	.L26:
 255 000a 00BF     		.align	2
 256              	.L25:
 257 000c 00700040 		.word	1073770496
 258              		.cfi_endproc
 259              	.LFE220:
 261              		.section	.text.HAL_PWREx_ControlVoltageScaling,"ax",%progbits
 262              		.align	1
 263              		.p2align 2,,3
 264              		.global	HAL_PWREx_ControlVoltageScaling
 265              		.syntax unified
 266              		.thumb
 267              		.thumb_func
 269              	HAL_PWREx_ControlVoltageScaling:
 270              	.LVL14:
 271              	.LFB221:
 215:Drivers/STM32F4xx_HAL_Driver/Src/stm32f4xx_hal_pwr_ex.c **** 
 216:Drivers/STM32F4xx_HAL_Driver/Src/stm32f4xx_hal_pwr_ex.c **** #if defined(STM32F405xx) || defined(STM32F415xx) || defined(STM32F407xx) || defined(STM32F417xx)
 217:Drivers/STM32F4xx_HAL_Driver/Src/stm32f4xx_hal_pwr_ex.c **** /**
 218:Drivers/STM32F4xx_HAL_Driver/Src/stm32f4xx_hal_pwr_ex.c ****   * @brief Configures the main internal regulator output voltage.
 219:Drivers/STM32F4xx_HAL_Driver/Src/stm32f4xx_hal_pwr_ex.c ****   * @param  VoltageScaling specifies the regulator output voltage to achieve
 220:Drivers/STM32F4xx_HAL_Driver/Src/stm32f4xx_hal_pwr_ex.c ****   *         a tradeoff between performance and power consumption.
 221:Drivers/STM32F4xx_HAL_Driver/Src/stm32f4xx_hal_pwr_ex.c ****   *          This parameter can be one of the following values:
 222:Drivers/STM32F4xx_HAL_Driver/Src/stm32f4xx_hal_pwr_ex.c ****   *            @arg PWR_REGULATOR_VOLTAGE_SCALE1: Regulator voltage output range 1 mode,
 223:Drivers/STM32F4xx_HAL_Driver/Src/stm32f4xx_hal_pwr_ex.c ****   *                                               the maximum value of fHCLK = 168 MHz.
 224:Drivers/STM32F4xx_HAL_Driver/Src/stm32f4xx_hal_pwr_ex.c ****   *            @arg PWR_REGULATOR_VOLTAGE_SCALE2: Regulator voltage output range 2 mode,
 225:Drivers/STM32F4xx_HAL_Driver/Src/stm32f4xx_hal_pwr_ex.c ****   *                                               the maximum value of fHCLK = 144 MHz.
 226:Drivers/STM32F4xx_HAL_Driver/Src/stm32f4xx_hal_pwr_ex.c ****   * @note  When moving from Range 1 to Range 2, the system frequency must be decreased to
 227:Drivers/STM32F4xx_HAL_Driver/Src/stm32f4xx_hal_pwr_ex.c ****   *        a value below 144 MHz before calling HAL_PWREx_ConfigVoltageScaling() API.
 228:Drivers/STM32F4xx_HAL_Driver/Src/stm32f4xx_hal_pwr_ex.c ****   *        When moving from Range 2 to Range 1, the system frequency can be increased to
 229:Drivers/STM32F4xx_HAL_Driver/Src/stm32f4xx_hal_pwr_ex.c ****   *        a value up to 168 MHz after calling HAL_PWREx_ConfigVoltageScaling() API.
 230:Drivers/STM32F4xx_HAL_Driver/Src/stm32f4xx_hal_pwr_ex.c ****   * @retval HAL Status
 231:Drivers/STM32F4xx_HAL_Driver/Src/stm32f4xx_hal_pwr_ex.c ****   */
 232:Drivers/STM32F4xx_HAL_Driver/Src/stm32f4xx_hal_pwr_ex.c **** HAL_StatusTypeDef HAL_PWREx_ControlVoltageScaling(uint32_t VoltageScaling)
 233:Drivers/STM32F4xx_HAL_Driver/Src/stm32f4xx_hal_pwr_ex.c **** {
 234:Drivers/STM32F4xx_HAL_Driver/Src/stm32f4xx_hal_pwr_ex.c ****   uint32_t tickstart = 0U;
 235:Drivers/STM32F4xx_HAL_Driver/Src/stm32f4xx_hal_pwr_ex.c ****   
 236:Drivers/STM32F4xx_HAL_Driver/Src/stm32f4xx_hal_pwr_ex.c ****   assert_param(IS_PWR_VOLTAGE_SCALING_RANGE(VoltageScaling));
 237:Drivers/STM32F4xx_HAL_Driver/Src/stm32f4xx_hal_pwr_ex.c ****   
ARM GAS  C:\Users\Konrad\AppData\Local\Temp\cckEvugS.s 			page 10


 238:Drivers/STM32F4xx_HAL_Driver/Src/stm32f4xx_hal_pwr_ex.c ****   /* Enable PWR RCC Clock Peripheral */
 239:Drivers/STM32F4xx_HAL_Driver/Src/stm32f4xx_hal_pwr_ex.c ****   __HAL_RCC_PWR_CLK_ENABLE();
 240:Drivers/STM32F4xx_HAL_Driver/Src/stm32f4xx_hal_pwr_ex.c ****   
 241:Drivers/STM32F4xx_HAL_Driver/Src/stm32f4xx_hal_pwr_ex.c ****   /* Set Range */
 242:Drivers/STM32F4xx_HAL_Driver/Src/stm32f4xx_hal_pwr_ex.c ****   __HAL_PWR_VOLTAGESCALING_CONFIG(VoltageScaling);
 243:Drivers/STM32F4xx_HAL_Driver/Src/stm32f4xx_hal_pwr_ex.c ****   
 244:Drivers/STM32F4xx_HAL_Driver/Src/stm32f4xx_hal_pwr_ex.c ****   /* Get Start Tick*/
 245:Drivers/STM32F4xx_HAL_Driver/Src/stm32f4xx_hal_pwr_ex.c ****   tickstart = HAL_GetTick();
 246:Drivers/STM32F4xx_HAL_Driver/Src/stm32f4xx_hal_pwr_ex.c ****   while((__HAL_PWR_GET_FLAG(PWR_FLAG_VOSRDY) == RESET))
 247:Drivers/STM32F4xx_HAL_Driver/Src/stm32f4xx_hal_pwr_ex.c ****   {
 248:Drivers/STM32F4xx_HAL_Driver/Src/stm32f4xx_hal_pwr_ex.c ****     if((HAL_GetTick() - tickstart ) > PWR_VOSRDY_TIMEOUT_VALUE)
 249:Drivers/STM32F4xx_HAL_Driver/Src/stm32f4xx_hal_pwr_ex.c ****     {
 250:Drivers/STM32F4xx_HAL_Driver/Src/stm32f4xx_hal_pwr_ex.c ****       return HAL_TIMEOUT;
 251:Drivers/STM32F4xx_HAL_Driver/Src/stm32f4xx_hal_pwr_ex.c ****     } 
 252:Drivers/STM32F4xx_HAL_Driver/Src/stm32f4xx_hal_pwr_ex.c ****   }
 253:Drivers/STM32F4xx_HAL_Driver/Src/stm32f4xx_hal_pwr_ex.c **** 
 254:Drivers/STM32F4xx_HAL_Driver/Src/stm32f4xx_hal_pwr_ex.c ****   return HAL_OK;
 255:Drivers/STM32F4xx_HAL_Driver/Src/stm32f4xx_hal_pwr_ex.c **** }
 256:Drivers/STM32F4xx_HAL_Driver/Src/stm32f4xx_hal_pwr_ex.c **** 
 257:Drivers/STM32F4xx_HAL_Driver/Src/stm32f4xx_hal_pwr_ex.c **** #elif defined(STM32F427xx) || defined(STM32F437xx) || defined(STM32F429xx) || defined(STM32F439xx) 
 258:Drivers/STM32F4xx_HAL_Driver/Src/stm32f4xx_hal_pwr_ex.c ****       defined(STM32F401xC) || defined(STM32F401xE) || defined(STM32F410Tx) || defined(STM32F410Cx) 
 259:Drivers/STM32F4xx_HAL_Driver/Src/stm32f4xx_hal_pwr_ex.c ****       defined(STM32F410Rx) || defined(STM32F411xE) || defined(STM32F446xx) || defined(STM32F469xx) 
 260:Drivers/STM32F4xx_HAL_Driver/Src/stm32f4xx_hal_pwr_ex.c ****       defined(STM32F479xx) || defined(STM32F412Zx) || defined(STM32F412Vx) || defined(STM32F412Rx) 
 261:Drivers/STM32F4xx_HAL_Driver/Src/stm32f4xx_hal_pwr_ex.c ****       defined(STM32F412Cx) || defined(STM32F413xx) || defined(STM32F423xx)
 262:Drivers/STM32F4xx_HAL_Driver/Src/stm32f4xx_hal_pwr_ex.c **** /**
 263:Drivers/STM32F4xx_HAL_Driver/Src/stm32f4xx_hal_pwr_ex.c ****   * @brief Configures the main internal regulator output voltage.
 264:Drivers/STM32F4xx_HAL_Driver/Src/stm32f4xx_hal_pwr_ex.c ****   * @param  VoltageScaling specifies the regulator output voltage to achieve
 265:Drivers/STM32F4xx_HAL_Driver/Src/stm32f4xx_hal_pwr_ex.c ****   *         a tradeoff between performance and power consumption.
 266:Drivers/STM32F4xx_HAL_Driver/Src/stm32f4xx_hal_pwr_ex.c ****   *          This parameter can be one of the following values:
 267:Drivers/STM32F4xx_HAL_Driver/Src/stm32f4xx_hal_pwr_ex.c ****   *            @arg PWR_REGULATOR_VOLTAGE_SCALE1: Regulator voltage output range 1 mode,
 268:Drivers/STM32F4xx_HAL_Driver/Src/stm32f4xx_hal_pwr_ex.c ****   *                                               the maximum value of fHCLK is 168 MHz. It can be 
 269:Drivers/STM32F4xx_HAL_Driver/Src/stm32f4xx_hal_pwr_ex.c ****   *                                               180 MHz by activating the over-drive mode.
 270:Drivers/STM32F4xx_HAL_Driver/Src/stm32f4xx_hal_pwr_ex.c ****   *            @arg PWR_REGULATOR_VOLTAGE_SCALE2: Regulator voltage output range 2 mode,
 271:Drivers/STM32F4xx_HAL_Driver/Src/stm32f4xx_hal_pwr_ex.c ****   *                                               the maximum value of fHCLK is 144 MHz. It can be 
 272:Drivers/STM32F4xx_HAL_Driver/Src/stm32f4xx_hal_pwr_ex.c ****   *                                               168 MHz by activating the over-drive mode.
 273:Drivers/STM32F4xx_HAL_Driver/Src/stm32f4xx_hal_pwr_ex.c ****   *            @arg PWR_REGULATOR_VOLTAGE_SCALE3: Regulator voltage output range 3 mode,
 274:Drivers/STM32F4xx_HAL_Driver/Src/stm32f4xx_hal_pwr_ex.c ****   *                                               the maximum value of fHCLK is 120 MHz.
 275:Drivers/STM32F4xx_HAL_Driver/Src/stm32f4xx_hal_pwr_ex.c ****   * @note To update the system clock frequency(SYSCLK):
 276:Drivers/STM32F4xx_HAL_Driver/Src/stm32f4xx_hal_pwr_ex.c ****   *        - Set the HSI or HSE as system clock frequency using the HAL_RCC_ClockConfig().
 277:Drivers/STM32F4xx_HAL_Driver/Src/stm32f4xx_hal_pwr_ex.c ****   *        - Call the HAL_RCC_OscConfig() to configure the PLL.
 278:Drivers/STM32F4xx_HAL_Driver/Src/stm32f4xx_hal_pwr_ex.c ****   *        - Call HAL_PWREx_ConfigVoltageScaling() API to adjust the voltage scale.
 279:Drivers/STM32F4xx_HAL_Driver/Src/stm32f4xx_hal_pwr_ex.c ****   *        - Set the new system clock frequency using the HAL_RCC_ClockConfig().
 280:Drivers/STM32F4xx_HAL_Driver/Src/stm32f4xx_hal_pwr_ex.c ****   * @note The scale can be modified only when the HSI or HSE clock source is selected 
 281:Drivers/STM32F4xx_HAL_Driver/Src/stm32f4xx_hal_pwr_ex.c ****   *        as system clock source, otherwise the API returns HAL_ERROR.  
 282:Drivers/STM32F4xx_HAL_Driver/Src/stm32f4xx_hal_pwr_ex.c ****   * @note When the PLL is OFF, the voltage scale 3 is automatically selected and the VOS bits
 283:Drivers/STM32F4xx_HAL_Driver/Src/stm32f4xx_hal_pwr_ex.c ****   *       value in the PWR_CR1 register are not taken in account.
 284:Drivers/STM32F4xx_HAL_Driver/Src/stm32f4xx_hal_pwr_ex.c ****   * @note This API forces the PLL state ON to allow the possibility to configure the voltage scale 
 285:Drivers/STM32F4xx_HAL_Driver/Src/stm32f4xx_hal_pwr_ex.c ****   * @note The new voltage scale is active only when the PLL is ON.  
 286:Drivers/STM32F4xx_HAL_Driver/Src/stm32f4xx_hal_pwr_ex.c ****   * @retval HAL Status
 287:Drivers/STM32F4xx_HAL_Driver/Src/stm32f4xx_hal_pwr_ex.c ****   */
 288:Drivers/STM32F4xx_HAL_Driver/Src/stm32f4xx_hal_pwr_ex.c **** HAL_StatusTypeDef HAL_PWREx_ControlVoltageScaling(uint32_t VoltageScaling)
 289:Drivers/STM32F4xx_HAL_Driver/Src/stm32f4xx_hal_pwr_ex.c **** {
 272              		.loc 1 289 1 is_stmt 1 view -0
 273              		.cfi_startproc
 274              		@ args = 0, pretend = 0, frame = 8
 275              		@ frame_needed = 0, uses_anonymous_args = 0
 290:Drivers/STM32F4xx_HAL_Driver/Src/stm32f4xx_hal_pwr_ex.c ****   uint32_t tickstart = 0U;
ARM GAS  C:\Users\Konrad\AppData\Local\Temp\cckEvugS.s 			page 11


 276              		.loc 1 290 3 view .LVU59
 291:Drivers/STM32F4xx_HAL_Driver/Src/stm32f4xx_hal_pwr_ex.c ****   
 292:Drivers/STM32F4xx_HAL_Driver/Src/stm32f4xx_hal_pwr_ex.c ****   assert_param(IS_PWR_VOLTAGE_SCALING_RANGE(VoltageScaling));
 277              		.loc 1 292 3 view .LVU60
 293:Drivers/STM32F4xx_HAL_Driver/Src/stm32f4xx_hal_pwr_ex.c ****   
 294:Drivers/STM32F4xx_HAL_Driver/Src/stm32f4xx_hal_pwr_ex.c ****   /* Enable PWR RCC Clock Peripheral */
 295:Drivers/STM32F4xx_HAL_Driver/Src/stm32f4xx_hal_pwr_ex.c ****   __HAL_RCC_PWR_CLK_ENABLE();
 278              		.loc 1 295 3 view .LVU61
 279              	.LBB2:
 280              		.loc 1 295 3 view .LVU62
 281              	.LBE2:
 289:Drivers/STM32F4xx_HAL_Driver/Src/stm32f4xx_hal_pwr_ex.c ****   uint32_t tickstart = 0U;
 282              		.loc 1 289 1 is_stmt 0 view .LVU63
 283 0000 70B5     		push	{r4, r5, r6, lr}
 284              		.cfi_def_cfa_offset 16
 285              		.cfi_offset 4, -16
 286              		.cfi_offset 5, -12
 287              		.cfi_offset 6, -8
 288              		.cfi_offset 14, -4
 289 0002 82B0     		sub	sp, sp, #8
 290              		.cfi_def_cfa_offset 24
 291              	.LBB3:
 292              		.loc 1 295 3 view .LVU64
 293 0004 294C     		ldr	r4, .L39
 294 0006 0022     		movs	r2, #0
 295 0008 0092     		str	r2, [sp]
 296              		.loc 1 295 3 is_stmt 1 view .LVU65
 297 000a 236C     		ldr	r3, [r4, #64]
 298 000c 43F08053 		orr	r3, r3, #268435456
 299 0010 2364     		str	r3, [r4, #64]
 300              		.loc 1 295 3 view .LVU66
 301 0012 236C     		ldr	r3, [r4, #64]
 302 0014 03F08053 		and	r3, r3, #268435456
 303 0018 0093     		str	r3, [sp]
 304              		.loc 1 295 3 view .LVU67
 305 001a 009B     		ldr	r3, [sp]
 306              	.LBE3:
 307              		.loc 1 295 3 view .LVU68
 296:Drivers/STM32F4xx_HAL_Driver/Src/stm32f4xx_hal_pwr_ex.c ****   
 297:Drivers/STM32F4xx_HAL_Driver/Src/stm32f4xx_hal_pwr_ex.c ****   /* Check if the PLL is used as system clock or not */
 298:Drivers/STM32F4xx_HAL_Driver/Src/stm32f4xx_hal_pwr_ex.c ****   if(__HAL_RCC_GET_SYSCLK_SOURCE() != RCC_CFGR_SWS_PLL)
 308              		.loc 1 298 3 view .LVU69
 309              		.loc 1 298 6 is_stmt 0 view .LVU70
 310 001c A368     		ldr	r3, [r4, #8]
 311 001e 03F00C03 		and	r3, r3, #12
 312              		.loc 1 298 5 view .LVU71
 313 0022 082B     		cmp	r3, #8
 314 0024 3ED0     		beq	.L36
 299:Drivers/STM32F4xx_HAL_Driver/Src/stm32f4xx_hal_pwr_ex.c ****   {
 300:Drivers/STM32F4xx_HAL_Driver/Src/stm32f4xx_hal_pwr_ex.c ****     /* Disable the main PLL */
 301:Drivers/STM32F4xx_HAL_Driver/Src/stm32f4xx_hal_pwr_ex.c ****     __HAL_RCC_PLL_DISABLE();
 315              		.loc 1 301 5 view .LVU72
 316 0026 224B     		ldr	r3, .L39+4
 317 0028 1A66     		str	r2, [r3, #96]
 318 002a 0646     		mov	r6, r0
 319              		.loc 1 301 5 is_stmt 1 view .LVU73
 302:Drivers/STM32F4xx_HAL_Driver/Src/stm32f4xx_hal_pwr_ex.c ****     
ARM GAS  C:\Users\Konrad\AppData\Local\Temp\cckEvugS.s 			page 12


 303:Drivers/STM32F4xx_HAL_Driver/Src/stm32f4xx_hal_pwr_ex.c ****     /* Get Start Tick */
 304:Drivers/STM32F4xx_HAL_Driver/Src/stm32f4xx_hal_pwr_ex.c ****     tickstart = HAL_GetTick();    
 320              		.loc 1 304 5 view .LVU74
 321              		.loc 1 304 17 is_stmt 0 view .LVU75
 322 002c FFF7FEFF 		bl	HAL_GetTick
 323              	.LVL15:
 324              		.loc 1 304 17 view .LVU76
 325 0030 0546     		mov	r5, r0
 326              	.LVL16:
 305:Drivers/STM32F4xx_HAL_Driver/Src/stm32f4xx_hal_pwr_ex.c ****     /* Wait till PLL is disabled */  
 306:Drivers/STM32F4xx_HAL_Driver/Src/stm32f4xx_hal_pwr_ex.c ****     while(__HAL_RCC_GET_FLAG(RCC_FLAG_PLLRDY) != RESET)
 327              		.loc 1 306 5 is_stmt 1 view .LVU77
 328              		.loc 1 306 10 is_stmt 0 view .LVU78
 329 0032 04E0     		b	.L29
 330              	.LVL17:
 331              	.L30:
 307:Drivers/STM32F4xx_HAL_Driver/Src/stm32f4xx_hal_pwr_ex.c ****     {
 308:Drivers/STM32F4xx_HAL_Driver/Src/stm32f4xx_hal_pwr_ex.c ****       if((HAL_GetTick() - tickstart ) > PLL_TIMEOUT_VALUE)
 332              		.loc 1 308 11 view .LVU79
 333 0034 FFF7FEFF 		bl	HAL_GetTick
 334              	.LVL18:
 335              		.loc 1 308 25 discriminator 1 view .LVU80
 336 0038 431B     		subs	r3, r0, r5
 337              		.loc 1 308 9 discriminator 1 view .LVU81
 338 003a 022B     		cmp	r3, #2
 339 003c 2FD8     		bhi	.L32
 340              	.L29:
 341              		.loc 1 308 7 is_stmt 1 view .LVU82
 306:Drivers/STM32F4xx_HAL_Driver/Src/stm32f4xx_hal_pwr_ex.c ****     {
 342              		.loc 1 306 47 view .LVU83
 306:Drivers/STM32F4xx_HAL_Driver/Src/stm32f4xx_hal_pwr_ex.c ****     {
 343              		.loc 1 306 11 is_stmt 0 view .LVU84
 344 003e 2368     		ldr	r3, [r4]
 306:Drivers/STM32F4xx_HAL_Driver/Src/stm32f4xx_hal_pwr_ex.c ****     {
 345              		.loc 1 306 47 view .LVU85
 346 0040 13F00073 		ands	r3, r3, #33554432
 347 0044 F6D1     		bne	.L30
 309:Drivers/STM32F4xx_HAL_Driver/Src/stm32f4xx_hal_pwr_ex.c ****       {
 310:Drivers/STM32F4xx_HAL_Driver/Src/stm32f4xx_hal_pwr_ex.c ****         return HAL_TIMEOUT;
 311:Drivers/STM32F4xx_HAL_Driver/Src/stm32f4xx_hal_pwr_ex.c ****       }
 312:Drivers/STM32F4xx_HAL_Driver/Src/stm32f4xx_hal_pwr_ex.c ****     }
 313:Drivers/STM32F4xx_HAL_Driver/Src/stm32f4xx_hal_pwr_ex.c ****     
 314:Drivers/STM32F4xx_HAL_Driver/Src/stm32f4xx_hal_pwr_ex.c ****     /* Set Range */
 315:Drivers/STM32F4xx_HAL_Driver/Src/stm32f4xx_hal_pwr_ex.c ****     __HAL_PWR_VOLTAGESCALING_CONFIG(VoltageScaling);
 348              		.loc 1 315 5 is_stmt 1 view .LVU86
 349              	.LBB4:
 350              		.loc 1 315 5 view .LVU87
 351 0046 1B4A     		ldr	r2, .L39+8
 352 0048 0193     		str	r3, [sp, #4]
 353              		.loc 1 315 5 view .LVU88
 354 004a 1368     		ldr	r3, [r2]
 355              	.LBE4:
 316:Drivers/STM32F4xx_HAL_Driver/Src/stm32f4xx_hal_pwr_ex.c ****     
 317:Drivers/STM32F4xx_HAL_Driver/Src/stm32f4xx_hal_pwr_ex.c ****     /* Enable the main PLL */
 318:Drivers/STM32F4xx_HAL_Driver/Src/stm32f4xx_hal_pwr_ex.c ****     __HAL_RCC_PLL_ENABLE();
 356              		.loc 1 318 5 is_stmt 0 view .LVU89
 357 004c 1849     		ldr	r1, .L39+4
ARM GAS  C:\Users\Konrad\AppData\Local\Temp\cckEvugS.s 			page 13


 319:Drivers/STM32F4xx_HAL_Driver/Src/stm32f4xx_hal_pwr_ex.c ****     
 320:Drivers/STM32F4xx_HAL_Driver/Src/stm32f4xx_hal_pwr_ex.c ****     /* Get Start Tick */
 321:Drivers/STM32F4xx_HAL_Driver/Src/stm32f4xx_hal_pwr_ex.c ****     tickstart = HAL_GetTick();
 322:Drivers/STM32F4xx_HAL_Driver/Src/stm32f4xx_hal_pwr_ex.c ****     /* Wait till PLL is ready */  
 323:Drivers/STM32F4xx_HAL_Driver/Src/stm32f4xx_hal_pwr_ex.c ****     while(__HAL_RCC_GET_FLAG(RCC_FLAG_PLLRDY) == RESET)
 358              		.loc 1 323 11 view .LVU90
 359 004e 174D     		ldr	r5, .L39
 360              	.LVL19:
 361              	.LBB5:
 315:Drivers/STM32F4xx_HAL_Driver/Src/stm32f4xx_hal_pwr_ex.c ****     
 362              		.loc 1 315 5 view .LVU91
 363 0050 23F44043 		bic	r3, r3, #49152
 364 0054 3343     		orrs	r3, r3, r6
 365 0056 1360     		str	r3, [r2]
 315:Drivers/STM32F4xx_HAL_Driver/Src/stm32f4xx_hal_pwr_ex.c ****     
 366              		.loc 1 315 5 is_stmt 1 view .LVU92
 367 0058 1368     		ldr	r3, [r2]
 368 005a 03F44043 		and	r3, r3, #49152
 369 005e 0193     		str	r3, [sp, #4]
 315:Drivers/STM32F4xx_HAL_Driver/Src/stm32f4xx_hal_pwr_ex.c ****     
 370              		.loc 1 315 5 view .LVU93
 371              	.LBE5:
 318:Drivers/STM32F4xx_HAL_Driver/Src/stm32f4xx_hal_pwr_ex.c ****     
 372              		.loc 1 318 5 is_stmt 0 view .LVU94
 373 0060 0122     		movs	r2, #1
 374              	.LBB6:
 315:Drivers/STM32F4xx_HAL_Driver/Src/stm32f4xx_hal_pwr_ex.c ****     
 375              		.loc 1 315 5 view .LVU95
 376 0062 019B     		ldr	r3, [sp, #4]
 377              	.LBE6:
 315:Drivers/STM32F4xx_HAL_Driver/Src/stm32f4xx_hal_pwr_ex.c ****     
 378              		.loc 1 315 5 is_stmt 1 view .LVU96
 318:Drivers/STM32F4xx_HAL_Driver/Src/stm32f4xx_hal_pwr_ex.c ****     
 379              		.loc 1 318 5 view .LVU97
 380 0064 0A66     		str	r2, [r1, #96]
 321:Drivers/STM32F4xx_HAL_Driver/Src/stm32f4xx_hal_pwr_ex.c ****     /* Wait till PLL is ready */  
 381              		.loc 1 321 5 view .LVU98
 321:Drivers/STM32F4xx_HAL_Driver/Src/stm32f4xx_hal_pwr_ex.c ****     /* Wait till PLL is ready */  
 382              		.loc 1 321 17 is_stmt 0 view .LVU99
 383 0066 FFF7FEFF 		bl	HAL_GetTick
 384              	.LVL20:
 385 006a 0446     		mov	r4, r0
 386              	.LVL21:
 387              		.loc 1 323 5 is_stmt 1 view .LVU100
 388              		.loc 1 323 10 is_stmt 0 view .LVU101
 389 006c 04E0     		b	.L31
 390              	.LVL22:
 391              	.L33:
 324:Drivers/STM32F4xx_HAL_Driver/Src/stm32f4xx_hal_pwr_ex.c ****     {
 325:Drivers/STM32F4xx_HAL_Driver/Src/stm32f4xx_hal_pwr_ex.c ****       if((HAL_GetTick() - tickstart ) > PLL_TIMEOUT_VALUE)
 392              		.loc 1 325 11 view .LVU102
 393 006e FFF7FEFF 		bl	HAL_GetTick
 394              	.LVL23:
 395              		.loc 1 325 25 discriminator 1 view .LVU103
 396 0072 001B     		subs	r0, r0, r4
 397              		.loc 1 325 9 discriminator 1 view .LVU104
 398 0074 0228     		cmp	r0, #2
ARM GAS  C:\Users\Konrad\AppData\Local\Temp\cckEvugS.s 			page 14


 399 0076 12D8     		bhi	.L32
 400              	.L31:
 401              		.loc 1 325 7 is_stmt 1 view .LVU105
 323:Drivers/STM32F4xx_HAL_Driver/Src/stm32f4xx_hal_pwr_ex.c ****     {
 402              		.loc 1 323 47 view .LVU106
 323:Drivers/STM32F4xx_HAL_Driver/Src/stm32f4xx_hal_pwr_ex.c ****     {
 403              		.loc 1 323 11 is_stmt 0 view .LVU107
 404 0078 2B68     		ldr	r3, [r5]
 323:Drivers/STM32F4xx_HAL_Driver/Src/stm32f4xx_hal_pwr_ex.c ****     {
 405              		.loc 1 323 47 view .LVU108
 406 007a 9A01     		lsls	r2, r3, #6
 407 007c F7D5     		bpl	.L33
 326:Drivers/STM32F4xx_HAL_Driver/Src/stm32f4xx_hal_pwr_ex.c ****       {
 327:Drivers/STM32F4xx_HAL_Driver/Src/stm32f4xx_hal_pwr_ex.c ****         return HAL_TIMEOUT;
 328:Drivers/STM32F4xx_HAL_Driver/Src/stm32f4xx_hal_pwr_ex.c ****       } 
 329:Drivers/STM32F4xx_HAL_Driver/Src/stm32f4xx_hal_pwr_ex.c ****     }
 330:Drivers/STM32F4xx_HAL_Driver/Src/stm32f4xx_hal_pwr_ex.c ****     
 331:Drivers/STM32F4xx_HAL_Driver/Src/stm32f4xx_hal_pwr_ex.c ****     /* Get Start Tick */
 332:Drivers/STM32F4xx_HAL_Driver/Src/stm32f4xx_hal_pwr_ex.c ****     tickstart = HAL_GetTick();
 408              		.loc 1 332 5 is_stmt 1 view .LVU109
 409              		.loc 1 332 17 is_stmt 0 view .LVU110
 410 007e FFF7FEFF 		bl	HAL_GetTick
 411              	.LVL24:
 333:Drivers/STM32F4xx_HAL_Driver/Src/stm32f4xx_hal_pwr_ex.c ****     while((__HAL_PWR_GET_FLAG(PWR_FLAG_VOSRDY) == RESET))
 412              		.loc 1 333 12 view .LVU111
 413 0082 0C4D     		ldr	r5, .L39+8
 332:Drivers/STM32F4xx_HAL_Driver/Src/stm32f4xx_hal_pwr_ex.c ****     while((__HAL_PWR_GET_FLAG(PWR_FLAG_VOSRDY) == RESET))
 414              		.loc 1 332 17 view .LVU112
 415 0084 0446     		mov	r4, r0
 416              	.LVL25:
 417              		.loc 1 333 5 is_stmt 1 view .LVU113
 418              		.loc 1 333 10 is_stmt 0 view .LVU114
 419 0086 05E0     		b	.L34
 420              	.LVL26:
 421              	.L35:
 334:Drivers/STM32F4xx_HAL_Driver/Src/stm32f4xx_hal_pwr_ex.c ****     {
 335:Drivers/STM32F4xx_HAL_Driver/Src/stm32f4xx_hal_pwr_ex.c ****       if((HAL_GetTick() - tickstart ) > PWR_VOSRDY_TIMEOUT_VALUE)
 422              		.loc 1 335 11 view .LVU115
 423 0088 FFF7FEFF 		bl	HAL_GetTick
 424              	.LVL27:
 425              		.loc 1 335 25 discriminator 1 view .LVU116
 426 008c 001B     		subs	r0, r0, r4
 427              		.loc 1 335 9 discriminator 1 view .LVU117
 428 008e B0F57A7F 		cmp	r0, #1000
 429 0092 04D8     		bhi	.L32
 430              	.L34:
 431              		.loc 1 335 7 is_stmt 1 view .LVU118
 333:Drivers/STM32F4xx_HAL_Driver/Src/stm32f4xx_hal_pwr_ex.c ****     {
 432              		.loc 1 333 48 view .LVU119
 333:Drivers/STM32F4xx_HAL_Driver/Src/stm32f4xx_hal_pwr_ex.c ****     {
 433              		.loc 1 333 12 is_stmt 0 view .LVU120
 434 0094 6B68     		ldr	r3, [r5, #4]
 333:Drivers/STM32F4xx_HAL_Driver/Src/stm32f4xx_hal_pwr_ex.c ****     {
 435              		.loc 1 333 48 view .LVU121
 436 0096 5B04     		lsls	r3, r3, #17
 437 0098 F6D5     		bpl	.L35
 336:Drivers/STM32F4xx_HAL_Driver/Src/stm32f4xx_hal_pwr_ex.c ****       {
ARM GAS  C:\Users\Konrad\AppData\Local\Temp\cckEvugS.s 			page 15


 337:Drivers/STM32F4xx_HAL_Driver/Src/stm32f4xx_hal_pwr_ex.c ****         return HAL_TIMEOUT;
 338:Drivers/STM32F4xx_HAL_Driver/Src/stm32f4xx_hal_pwr_ex.c ****       } 
 339:Drivers/STM32F4xx_HAL_Driver/Src/stm32f4xx_hal_pwr_ex.c ****     }
 340:Drivers/STM32F4xx_HAL_Driver/Src/stm32f4xx_hal_pwr_ex.c ****   }
 341:Drivers/STM32F4xx_HAL_Driver/Src/stm32f4xx_hal_pwr_ex.c ****   else
 342:Drivers/STM32F4xx_HAL_Driver/Src/stm32f4xx_hal_pwr_ex.c ****   {
 343:Drivers/STM32F4xx_HAL_Driver/Src/stm32f4xx_hal_pwr_ex.c ****     return HAL_ERROR;
 344:Drivers/STM32F4xx_HAL_Driver/Src/stm32f4xx_hal_pwr_ex.c ****   }
 345:Drivers/STM32F4xx_HAL_Driver/Src/stm32f4xx_hal_pwr_ex.c **** 
 346:Drivers/STM32F4xx_HAL_Driver/Src/stm32f4xx_hal_pwr_ex.c ****   return HAL_OK;
 438              		.loc 1 346 10 view .LVU122
 439 009a 0020     		movs	r0, #0
 440 009c 00E0     		b	.L28
 441              	.LVL28:
 442              	.L32:
 310:Drivers/STM32F4xx_HAL_Driver/Src/stm32f4xx_hal_pwr_ex.c ****       }
 443              		.loc 1 310 16 view .LVU123
 444 009e 0320     		movs	r0, #3
 445              	.L28:
 347:Drivers/STM32F4xx_HAL_Driver/Src/stm32f4xx_hal_pwr_ex.c **** }
 446              		.loc 1 347 1 view .LVU124
 447 00a0 02B0     		add	sp, sp, #8
 448              		.cfi_remember_state
 449              		.cfi_def_cfa_offset 16
 450              		@ sp needed
 451 00a2 70BD     		pop	{r4, r5, r6, pc}
 452              	.LVL29:
 453              	.L36:
 454              		.cfi_restore_state
 343:Drivers/STM32F4xx_HAL_Driver/Src/stm32f4xx_hal_pwr_ex.c ****   }
 455              		.loc 1 343 12 view .LVU125
 456 00a4 0120     		movs	r0, #1
 457              	.LVL30:
 458              		.loc 1 347 1 view .LVU126
 459 00a6 02B0     		add	sp, sp, #8
 460              		.cfi_def_cfa_offset 16
 461              		@ sp needed
 462 00a8 70BD     		pop	{r4, r5, r6, pc}
 463              	.L40:
 464 00aa 00BF     		.align	2
 465              	.L39:
 466 00ac 00380240 		.word	1073887232
 467 00b0 00004742 		.word	1111949312
 468 00b4 00700040 		.word	1073770496
 469              		.cfi_endproc
 470              	.LFE221:
 472              		.section	.text.HAL_PWREx_EnableMainRegulatorLowVoltage,"ax",%progbits
 473              		.align	1
 474              		.p2align 2,,3
 475              		.global	HAL_PWREx_EnableMainRegulatorLowVoltage
 476              		.syntax unified
 477              		.thumb
 478              		.thumb_func
 480              	HAL_PWREx_EnableMainRegulatorLowVoltage:
 481              	.LFB222:
 348:Drivers/STM32F4xx_HAL_Driver/Src/stm32f4xx_hal_pwr_ex.c **** #endif /* STM32F405xx || STM32F415xx || STM32F407xx || STM32F417xx */
 349:Drivers/STM32F4xx_HAL_Driver/Src/stm32f4xx_hal_pwr_ex.c **** 
ARM GAS  C:\Users\Konrad\AppData\Local\Temp\cckEvugS.s 			page 16


 350:Drivers/STM32F4xx_HAL_Driver/Src/stm32f4xx_hal_pwr_ex.c **** #if defined(STM32F401xC) || defined(STM32F401xE) || defined(STM32F410Tx) || defined(STM32F410Cx) ||
 351:Drivers/STM32F4xx_HAL_Driver/Src/stm32f4xx_hal_pwr_ex.c ****     defined(STM32F411xE) || defined(STM32F412Zx) || defined(STM32F412Vx) || defined(STM32F412Rx) ||
 352:Drivers/STM32F4xx_HAL_Driver/Src/stm32f4xx_hal_pwr_ex.c ****     defined(STM32F413xx) || defined(STM32F423xx)
 353:Drivers/STM32F4xx_HAL_Driver/Src/stm32f4xx_hal_pwr_ex.c **** /**
 354:Drivers/STM32F4xx_HAL_Driver/Src/stm32f4xx_hal_pwr_ex.c ****   * @brief Enables Main Regulator low voltage mode.
 355:Drivers/STM32F4xx_HAL_Driver/Src/stm32f4xx_hal_pwr_ex.c ****   * @note  This mode is only available for STM32F401xx/STM32F410xx/STM32F411xx/STM32F412Zx/STM32F41
 356:Drivers/STM32F4xx_HAL_Driver/Src/stm32f4xx_hal_pwr_ex.c ****   *        STM32F413xx/STM32F423xx devices.   
 357:Drivers/STM32F4xx_HAL_Driver/Src/stm32f4xx_hal_pwr_ex.c ****   * @retval None
 358:Drivers/STM32F4xx_HAL_Driver/Src/stm32f4xx_hal_pwr_ex.c ****   */
 359:Drivers/STM32F4xx_HAL_Driver/Src/stm32f4xx_hal_pwr_ex.c **** void HAL_PWREx_EnableMainRegulatorLowVoltage(void)
 360:Drivers/STM32F4xx_HAL_Driver/Src/stm32f4xx_hal_pwr_ex.c **** {
 482              		.loc 1 360 1 is_stmt 1 view -0
 483              		.cfi_startproc
 484              		@ args = 0, pretend = 0, frame = 0
 485              		@ frame_needed = 0, uses_anonymous_args = 0
 486              		@ link register save eliminated.
 361:Drivers/STM32F4xx_HAL_Driver/Src/stm32f4xx_hal_pwr_ex.c ****   *(__IO uint32_t *) CR_MRLVDS_BB = (uint32_t)ENABLE;
 487              		.loc 1 361 3 view .LVU128
 488              		.loc 1 361 35 is_stmt 0 view .LVU129
 489 0000 014B     		ldr	r3, .L42
 490 0002 0122     		movs	r2, #1
 491 0004 DA62     		str	r2, [r3, #44]
 362:Drivers/STM32F4xx_HAL_Driver/Src/stm32f4xx_hal_pwr_ex.c **** }
 492              		.loc 1 362 1 view .LVU130
 493 0006 7047     		bx	lr
 494              	.L43:
 495              		.align	2
 496              	.L42:
 497 0008 00000E42 		.word	1108213760
 498              		.cfi_endproc
 499              	.LFE222:
 501              		.section	.text.HAL_PWREx_DisableMainRegulatorLowVoltage,"ax",%progbits
 502              		.align	1
 503              		.p2align 2,,3
 504              		.global	HAL_PWREx_DisableMainRegulatorLowVoltage
 505              		.syntax unified
 506              		.thumb
 507              		.thumb_func
 509              	HAL_PWREx_DisableMainRegulatorLowVoltage:
 510              	.LFB223:
 363:Drivers/STM32F4xx_HAL_Driver/Src/stm32f4xx_hal_pwr_ex.c **** 
 364:Drivers/STM32F4xx_HAL_Driver/Src/stm32f4xx_hal_pwr_ex.c **** /**
 365:Drivers/STM32F4xx_HAL_Driver/Src/stm32f4xx_hal_pwr_ex.c ****   * @brief Disables Main Regulator low voltage mode.
 366:Drivers/STM32F4xx_HAL_Driver/Src/stm32f4xx_hal_pwr_ex.c ****   * @note  This mode is only available for STM32F401xx/STM32F410xx/STM32F411xx/STM32F412Zx/STM32F41
 367:Drivers/STM32F4xx_HAL_Driver/Src/stm32f4xx_hal_pwr_ex.c ****   *        STM32F413xx/STM32F423xxdevices. 
 368:Drivers/STM32F4xx_HAL_Driver/Src/stm32f4xx_hal_pwr_ex.c ****   * @retval None
 369:Drivers/STM32F4xx_HAL_Driver/Src/stm32f4xx_hal_pwr_ex.c ****   */
 370:Drivers/STM32F4xx_HAL_Driver/Src/stm32f4xx_hal_pwr_ex.c **** void HAL_PWREx_DisableMainRegulatorLowVoltage(void)
 371:Drivers/STM32F4xx_HAL_Driver/Src/stm32f4xx_hal_pwr_ex.c **** {
 511              		.loc 1 371 1 is_stmt 1 view -0
 512              		.cfi_startproc
 513              		@ args = 0, pretend = 0, frame = 0
 514              		@ frame_needed = 0, uses_anonymous_args = 0
 515              		@ link register save eliminated.
 372:Drivers/STM32F4xx_HAL_Driver/Src/stm32f4xx_hal_pwr_ex.c ****   *(__IO uint32_t *) CR_MRLVDS_BB = (uint32_t)DISABLE;
 516              		.loc 1 372 3 view .LVU132
 517              		.loc 1 372 35 is_stmt 0 view .LVU133
ARM GAS  C:\Users\Konrad\AppData\Local\Temp\cckEvugS.s 			page 17


 518 0000 014B     		ldr	r3, .L45
 519 0002 0022     		movs	r2, #0
 520 0004 DA62     		str	r2, [r3, #44]
 373:Drivers/STM32F4xx_HAL_Driver/Src/stm32f4xx_hal_pwr_ex.c **** }
 521              		.loc 1 373 1 view .LVU134
 522 0006 7047     		bx	lr
 523              	.L46:
 524              		.align	2
 525              	.L45:
 526 0008 00000E42 		.word	1108213760
 527              		.cfi_endproc
 528              	.LFE223:
 530              		.section	.text.HAL_PWREx_EnableLowRegulatorLowVoltage,"ax",%progbits
 531              		.align	1
 532              		.p2align 2,,3
 533              		.global	HAL_PWREx_EnableLowRegulatorLowVoltage
 534              		.syntax unified
 535              		.thumb
 536              		.thumb_func
 538              	HAL_PWREx_EnableLowRegulatorLowVoltage:
 539              	.LFB224:
 374:Drivers/STM32F4xx_HAL_Driver/Src/stm32f4xx_hal_pwr_ex.c **** 
 375:Drivers/STM32F4xx_HAL_Driver/Src/stm32f4xx_hal_pwr_ex.c **** /**
 376:Drivers/STM32F4xx_HAL_Driver/Src/stm32f4xx_hal_pwr_ex.c ****   * @brief Enables Low Power Regulator low voltage mode.
 377:Drivers/STM32F4xx_HAL_Driver/Src/stm32f4xx_hal_pwr_ex.c ****   * @note  This mode is only available for STM32F401xx/STM32F410xx/STM32F411xx/STM32F412Zx/STM32F41
 378:Drivers/STM32F4xx_HAL_Driver/Src/stm32f4xx_hal_pwr_ex.c ****   *        STM32F413xx/STM32F423xx devices.   
 379:Drivers/STM32F4xx_HAL_Driver/Src/stm32f4xx_hal_pwr_ex.c ****   * @retval None
 380:Drivers/STM32F4xx_HAL_Driver/Src/stm32f4xx_hal_pwr_ex.c ****   */
 381:Drivers/STM32F4xx_HAL_Driver/Src/stm32f4xx_hal_pwr_ex.c **** void HAL_PWREx_EnableLowRegulatorLowVoltage(void)
 382:Drivers/STM32F4xx_HAL_Driver/Src/stm32f4xx_hal_pwr_ex.c **** {
 540              		.loc 1 382 1 is_stmt 1 view -0
 541              		.cfi_startproc
 542              		@ args = 0, pretend = 0, frame = 0
 543              		@ frame_needed = 0, uses_anonymous_args = 0
 544              		@ link register save eliminated.
 383:Drivers/STM32F4xx_HAL_Driver/Src/stm32f4xx_hal_pwr_ex.c ****   *(__IO uint32_t *) CR_LPLVDS_BB = (uint32_t)ENABLE;
 545              		.loc 1 383 3 view .LVU136
 546              		.loc 1 383 35 is_stmt 0 view .LVU137
 547 0000 014B     		ldr	r3, .L48
 548 0002 0122     		movs	r2, #1
 549 0004 9A62     		str	r2, [r3, #40]
 384:Drivers/STM32F4xx_HAL_Driver/Src/stm32f4xx_hal_pwr_ex.c **** }
 550              		.loc 1 384 1 view .LVU138
 551 0006 7047     		bx	lr
 552              	.L49:
 553              		.align	2
 554              	.L48:
 555 0008 00000E42 		.word	1108213760
 556              		.cfi_endproc
 557              	.LFE224:
 559              		.section	.text.HAL_PWREx_DisableLowRegulatorLowVoltage,"ax",%progbits
 560              		.align	1
 561              		.p2align 2,,3
 562              		.global	HAL_PWREx_DisableLowRegulatorLowVoltage
 563              		.syntax unified
 564              		.thumb
 565              		.thumb_func
ARM GAS  C:\Users\Konrad\AppData\Local\Temp\cckEvugS.s 			page 18


 567              	HAL_PWREx_DisableLowRegulatorLowVoltage:
 568              	.LFB225:
 385:Drivers/STM32F4xx_HAL_Driver/Src/stm32f4xx_hal_pwr_ex.c **** 
 386:Drivers/STM32F4xx_HAL_Driver/Src/stm32f4xx_hal_pwr_ex.c **** /**
 387:Drivers/STM32F4xx_HAL_Driver/Src/stm32f4xx_hal_pwr_ex.c ****   * @brief Disables Low Power Regulator low voltage mode.
 388:Drivers/STM32F4xx_HAL_Driver/Src/stm32f4xx_hal_pwr_ex.c ****   * @note  This mode is only available for STM32F401xx/STM32F410xx/STM32F411xx/STM32F412Zx/STM32F41
 389:Drivers/STM32F4xx_HAL_Driver/Src/stm32f4xx_hal_pwr_ex.c ****   *        STM32F413xx/STM32F423xx  devices.   
 390:Drivers/STM32F4xx_HAL_Driver/Src/stm32f4xx_hal_pwr_ex.c ****   * @retval None
 391:Drivers/STM32F4xx_HAL_Driver/Src/stm32f4xx_hal_pwr_ex.c ****   */
 392:Drivers/STM32F4xx_HAL_Driver/Src/stm32f4xx_hal_pwr_ex.c **** void HAL_PWREx_DisableLowRegulatorLowVoltage(void)
 393:Drivers/STM32F4xx_HAL_Driver/Src/stm32f4xx_hal_pwr_ex.c **** {
 569              		.loc 1 393 1 is_stmt 1 view -0
 570              		.cfi_startproc
 571              		@ args = 0, pretend = 0, frame = 0
 572              		@ frame_needed = 0, uses_anonymous_args = 0
 573              		@ link register save eliminated.
 394:Drivers/STM32F4xx_HAL_Driver/Src/stm32f4xx_hal_pwr_ex.c ****   *(__IO uint32_t *) CR_LPLVDS_BB = (uint32_t)DISABLE;
 574              		.loc 1 394 3 view .LVU140
 575              		.loc 1 394 35 is_stmt 0 view .LVU141
 576 0000 014B     		ldr	r3, .L51
 577 0002 0022     		movs	r2, #0
 578 0004 9A62     		str	r2, [r3, #40]
 395:Drivers/STM32F4xx_HAL_Driver/Src/stm32f4xx_hal_pwr_ex.c **** }
 579              		.loc 1 395 1 view .LVU142
 580 0006 7047     		bx	lr
 581              	.L52:
 582              		.align	2
 583              	.L51:
 584 0008 00000E42 		.word	1108213760
 585              		.cfi_endproc
 586              	.LFE225:
 588              		.text
 589              	.Letext0:
 590              		.file 2 "C:/Users/Konrad/AppData/Roaming/Code/User/globalStorage/bmd.stm32-for-vscode/@xpack-dev-t
 591              		.file 3 "C:/Users/Konrad/AppData/Roaming/Code/User/globalStorage/bmd.stm32-for-vscode/@xpack-dev-t
 592              		.file 4 "Drivers/CMSIS/Device/ST/STM32F4xx/Include/stm32f411xe.h"
 593              		.file 5 "Drivers/CMSIS/Device/ST/STM32F4xx/Include/stm32f4xx.h"
 594              		.file 6 "Drivers/STM32F4xx_HAL_Driver/Inc/stm32f4xx_hal_def.h"
 595              		.file 7 "Drivers/STM32F4xx_HAL_Driver/Inc/stm32f4xx_hal.h"
ARM GAS  C:\Users\Konrad\AppData\Local\Temp\cckEvugS.s 			page 19


DEFINED SYMBOLS
                            *ABS*:00000000 stm32f4xx_hal_pwr_ex.c
C:\Users\Konrad\AppData\Local\Temp\cckEvugS.s:19     .text.HAL_PWREx_EnableBkUpReg:00000000 $t
C:\Users\Konrad\AppData\Local\Temp\cckEvugS.s:26     .text.HAL_PWREx_EnableBkUpReg:00000000 HAL_PWREx_EnableBkUpReg
C:\Users\Konrad\AppData\Local\Temp\cckEvugS.s:91     .text.HAL_PWREx_EnableBkUpReg:00000030 $d
C:\Users\Konrad\AppData\Local\Temp\cckEvugS.s:97     .text.HAL_PWREx_DisableBkUpReg:00000000 $t
C:\Users\Konrad\AppData\Local\Temp\cckEvugS.s:104    .text.HAL_PWREx_DisableBkUpReg:00000000 HAL_PWREx_DisableBkUpReg
C:\Users\Konrad\AppData\Local\Temp\cckEvugS.s:169    .text.HAL_PWREx_DisableBkUpReg:00000030 $d
C:\Users\Konrad\AppData\Local\Temp\cckEvugS.s:175    .text.HAL_PWREx_EnableFlashPowerDown:00000000 $t
C:\Users\Konrad\AppData\Local\Temp\cckEvugS.s:182    .text.HAL_PWREx_EnableFlashPowerDown:00000000 HAL_PWREx_EnableFlashPowerDown
C:\Users\Konrad\AppData\Local\Temp\cckEvugS.s:199    .text.HAL_PWREx_EnableFlashPowerDown:00000008 $d
C:\Users\Konrad\AppData\Local\Temp\cckEvugS.s:204    .text.HAL_PWREx_DisableFlashPowerDown:00000000 $t
C:\Users\Konrad\AppData\Local\Temp\cckEvugS.s:211    .text.HAL_PWREx_DisableFlashPowerDown:00000000 HAL_PWREx_DisableFlashPowerDown
C:\Users\Konrad\AppData\Local\Temp\cckEvugS.s:228    .text.HAL_PWREx_DisableFlashPowerDown:00000008 $d
C:\Users\Konrad\AppData\Local\Temp\cckEvugS.s:233    .text.HAL_PWREx_GetVoltageRange:00000000 $t
C:\Users\Konrad\AppData\Local\Temp\cckEvugS.s:240    .text.HAL_PWREx_GetVoltageRange:00000000 HAL_PWREx_GetVoltageRange
C:\Users\Konrad\AppData\Local\Temp\cckEvugS.s:257    .text.HAL_PWREx_GetVoltageRange:0000000c $d
C:\Users\Konrad\AppData\Local\Temp\cckEvugS.s:262    .text.HAL_PWREx_ControlVoltageScaling:00000000 $t
C:\Users\Konrad\AppData\Local\Temp\cckEvugS.s:269    .text.HAL_PWREx_ControlVoltageScaling:00000000 HAL_PWREx_ControlVoltageScaling
C:\Users\Konrad\AppData\Local\Temp\cckEvugS.s:466    .text.HAL_PWREx_ControlVoltageScaling:000000ac $d
C:\Users\Konrad\AppData\Local\Temp\cckEvugS.s:473    .text.HAL_PWREx_EnableMainRegulatorLowVoltage:00000000 $t
C:\Users\Konrad\AppData\Local\Temp\cckEvugS.s:480    .text.HAL_PWREx_EnableMainRegulatorLowVoltage:00000000 HAL_PWREx_EnableMainRegulatorLowVoltage
C:\Users\Konrad\AppData\Local\Temp\cckEvugS.s:497    .text.HAL_PWREx_EnableMainRegulatorLowVoltage:00000008 $d
C:\Users\Konrad\AppData\Local\Temp\cckEvugS.s:502    .text.HAL_PWREx_DisableMainRegulatorLowVoltage:00000000 $t
C:\Users\Konrad\AppData\Local\Temp\cckEvugS.s:509    .text.HAL_PWREx_DisableMainRegulatorLowVoltage:00000000 HAL_PWREx_DisableMainRegulatorLowVoltage
C:\Users\Konrad\AppData\Local\Temp\cckEvugS.s:526    .text.HAL_PWREx_DisableMainRegulatorLowVoltage:00000008 $d
C:\Users\Konrad\AppData\Local\Temp\cckEvugS.s:531    .text.HAL_PWREx_EnableLowRegulatorLowVoltage:00000000 $t
C:\Users\Konrad\AppData\Local\Temp\cckEvugS.s:538    .text.HAL_PWREx_EnableLowRegulatorLowVoltage:00000000 HAL_PWREx_EnableLowRegulatorLowVoltage
C:\Users\Konrad\AppData\Local\Temp\cckEvugS.s:555    .text.HAL_PWREx_EnableLowRegulatorLowVoltage:00000008 $d
C:\Users\Konrad\AppData\Local\Temp\cckEvugS.s:560    .text.HAL_PWREx_DisableLowRegulatorLowVoltage:00000000 $t
C:\Users\Konrad\AppData\Local\Temp\cckEvugS.s:567    .text.HAL_PWREx_DisableLowRegulatorLowVoltage:00000000 HAL_PWREx_DisableLowRegulatorLowVoltage
C:\Users\Konrad\AppData\Local\Temp\cckEvugS.s:584    .text.HAL_PWREx_DisableLowRegulatorLowVoltage:00000008 $d

UNDEFINED SYMBOLS
HAL_GetTick
