ARM GAS  C:\Users\Konrad\AppData\Local\Temp\ccZ8q2D8.s 			page 1


   1              		.cpu cortex-m4
   2              		.arch armv7e-m
   3              		.fpu fpv4-sp-d16
   4              		.eabi_attribute 27, 1
   5              		.eabi_attribute 28, 1
   6              		.eabi_attribute 23, 1
   7              		.eabi_attribute 24, 1
   8              		.eabi_attribute 25, 1
   9              		.eabi_attribute 26, 1
  10              		.eabi_attribute 30, 2
  11              		.eabi_attribute 34, 1
  12              		.eabi_attribute 18, 4
  13              		.file	"stm32f4xx_ll_adc.c"
  14              		.text
  15              	.Ltext0:
  16              		.cfi_sections	.debug_frame
  17              		.file 1 "Drivers/STM32F4xx_HAL_Driver/Src/stm32f4xx_ll_adc.c"
  18              	.Letext0:
ARM GAS  C:\Users\Konrad\AppData\Local\Temp\ccZ8q2D8.s 			page 2


DEFINED SYMBOLS
                            *ABS*:00000000 stm32f4xx_ll_adc.c

NO UNDEFINED SYMBOLS
